C51 COMPILER V9.00   FM_DRIVER                                                             07/09/2012 21:16:47 PAGE 1   


C51 COMPILER V9.00, COMPILATION OF MODULE FM_DRIVER
OBJECT MODULE PLACED IN .\obj\FM_Driver.obj
COMPILER INVOKED BY: C:\Keil\C51\BIN\C51.EXE FM\FM_Driver.c LARGE OPTIMIZE(9,SIZE) BROWSE NOAREGS INCDIR(..\libsource\he
                    -ader) DEFINE(K_ICTYPE=0x03) DEBUG OBJECTEXTEND PRINT(.\lst\FM_Driver.lst) OBJECT(.\obj\FM_Driver.obj)

line level    source

   1          #include "..\Header\SPDA2K.h"
   2          #include "..\DSP\dspuser.h"
   3          #include "..\header\variables.h"
   4          #include "FM_receiveH.h"
   5          #ifdef Mode_FM_CL6017
   6                  #include "..\fm\FM_Receive_CL6017.c"
   7          #elif defined Mode_FM_RDA5807P
                      #include "..\fm\FM_Receive_RDA5807P.c"
              #elif defined Mode_FM_QN8035
                      #include "..\fm\FM_Receive_QN8035.c"
              #endif
  12          


MODULE INFORMATION:   STATIC OVERLAYABLE
   CODE SIZE        =   1179    ----
   CONSTANT SIZE    =     91    ----
   XDATA SIZE       =     25      28
   PDATA SIZE       =   ----    ----
   DATA SIZE        =   ----    ----
   IDATA SIZE       =   ----    ----
   BIT SIZE         =   ----    ----
END OF MODULE INFORMATION.


C51 COMPILATION COMPLETE.  0 WARNING(S),  0 ERROR(S)
