C51 COMPILER V9.00   LCM_BMP_DATA                                                          07/09/2012 21:16:50 PAGE 1   


C51 COMPILER V9.00, COMPILATION OF MODULE LCM_BMP_DATA
OBJECT MODULE PLACED IN .\obj\LCM_BMP_data.obj
COMPILER INVOKED BY: C:\Keil\C51\BIN\C51.EXE LCM\LCM_BMP_data.c LARGE OPTIMIZE(9,SIZE) BROWSE NOAREGS INCDIR(..\libsourc
                    -e\header) DEFINE(K_ICTYPE=0x03) DEBUG OBJECTEXTEND PRINT(.\lst\LCM_BMP_data.lst) OBJECT(.\obj\LCM_BMP_data.obj)

line level    source

   1          #include "..\header\SPDA2K.h"
   2          
   3          code U8 PCIcon128x32[]=
   4          {       //_USB_
   5                  0x00,0x00,0x00,0x00,0x00,0x00,0x00,0x00,0x00,0x00,0x00,0x00,0x00,0x00,0x00,0x00,
   6                  0x00,0x00,0x00,0x00,0x00,0x00,0x00,0x00,0x00,0x00,0x00,0x00,0x00,0x00,0x00,0x00,
   7                  0x00,0x00,0x00,0x00,0x00,0x00,0x00,0x00,0x00,0x00,0x00,0x00,0x00,0x00,0x00,0x00,
   8                  0x00,0x00,0x00,0x00,0x00,0x00,0x00,0x00,0x00,0x00,0x00,0x00,0x00,0x00,0x00,0x00,
   9                  0x00,0x00,0x00,0x00,0x00,0x00,0x00,0x00,0x00,0x00,0x00,0x00,0x00,0x00,0x00,0x00,
  10                  0x00,0x00,0x00,0x00,0x00,0x00,0x00,0x00,0x00,0x00,0x00,0x00,0x00,0xFE,0x03,0xF3,
  11                  0x55,0xB6,0x56,0xA6,0x66,0xAA,0x6C,0xAC,0x4C,0xD4,0x58,0xD8,0x98,0x98,0xA8,0x30,
  12                  0xF0,0xF0,0x00,0x00,0x00,0x00,0x00,0x00,0x00,0x00,0x00,0x00,0x00,0x00,0x00,0x00,
  13                  0x00,0x00,0x00,0x00,0x00,0x00,0x00,0x00,0x00,0x00,0x00,0x00,0x00,0x80,0x40,0x20,
  14                  0x10,0x08,0x04,0x42,0x61,0x71,0x5A,0x6A,0x5A,0xAA,0xDA,0xAA,0xD2,0xB2,0xD4,0xB4,
  15                  0xD4,0xB4,0xD4,0xB4,0x54,0xB4,0x68,0xA8,0x68,0xA8,0x68,0x28,0x08,0x08,0x90,0x50,
  16                  0xB0,0xE0,0x00,0x00,0x00,0x00,0x00,0x00,0x00,0x00,0x00,0x00,0x00,0x38,0x00,0x38,
  17                  0x38,0x00,0x38,0x38,0x38,0x00,0x38,0x38,0x38,0x38,0xFF,0xFE,0x7C,0x38,0x10,0x00,
  18                  0x00,0x00,0x00,0x00,0x00,0x00,0x00,0x00,0x00,0x00,0x00,0x00,0x00,0xFF,0x00,0xFF,
  19                  0x55,0xAA,0x55,0xAA,0x55,0xAA,0x55,0xAA,0x55,0xAA,0x55,0xAA,0x55,0xAA,0xFF,0x00,
  20                  0xFF,0xFF,0x00,0x00,0x00,0x00,0x00,0x00,0x00,0x00,0x00,0x00,0x00,0x00,0x00,0x00,
  21                  0x00,0x00,0x00,0x00,0x00,0x00,0x00,0x00,0x00,0x00,0x00,0x00,0x7F,0x61,0x61,0x61,
  22                  0xC2,0xCA,0xDA,0xDA,0xDA,0xD2,0xC2,0x84,0x94,0xB4,0xB4,0xB4,0xA4,0x84,0x84,0x28,
  23                  0x68,0x68,0x68,0x69,0x49,0x09,0x11,0x11,0x11,0xF0,0xA8,0xD4,0xEA,0xF5,0x7A,0x3D,
  24                  0x1E,0x0F,0x00,0x00,0x00,0x00,0x00,0x00,0x00,0x00,0x00,0x00,0x40,0xE0,0xF0,0xF8,
  25                  0xFC,0xE0,0xE0,0xE0,0xE0,0x00,0xE0,0xE0,0xE0,0x00,0xE1,0xE0,0x00,0xE0,0x00,0x00,
  26                  0x00,0x00,0x00,0x00,0x00,0x00,0x00,0x00,0x00,0x00,0x00,0x00,0x00,0x07,0x04,0x09,
  27                  0x09,0x0A,0x13,0x16,0xA5,0x66,0x2D,0xCA,0x55,0xDA,0x95,0xAA,0x35,0x6A,0x7F,0x00,
  28                  0xFF,0xFF,0x00,0x00,0x00,0x00,0x00,0x00,0x00,0x00,0x00,0x00,0x00,0x00,0x00,0x00,
  29                  0x00,0x00,0x00,0x00,0x00,0x00,0x00,0x00,0x00,0x00,0x00,0x00,0x00,0x00,0x00,0x00,
  30                  0x00,0x00,0x00,0x00,0x00,0x00,0x00,0x01,0x01,0x01,0x01,0x01,0x01,0x01,0x01,0x03,
  31                  0x03,0x03,0x03,0x03,0x03,0x03,0x06,0x06,0x06,0x07,0x03,0x03,0x01,0x00,0x00,0x00,
  32                  0x00,0x00,0x00,0x00,0x00,0x00,0x00,0x00,0x00,0x00,0x00,0x00,0x00,0x00,0x01,0x03,
  33                  0x07,0x00,0x00,0x00,0x00,0x00,0x00,0x00,0x00,0x00,0x00,0x00,0x00,0x00,0x00,0x00,
  34                  0x00,0x00,0x00,0x00,0x00,0x00,0x00,0x00,0x00,0x00,0x0F,0x0B,0x13,0x15,0x25,0x29,
  35                  0x49,0x51,0x91,0xA7,0xE9,0xDC,0xD3,0xCC,0xC3,0xC4,0xC4,0xC8,0xC9,0xD1,0xD1,0xE1,
  36                  0xE1,0xC0,0x00,0x00,0x00,0x00,0x00,0x00,0x00,0x00,0x00,0x00,0x00,0x00,0x00,0x00,
  37          };
  38          
  39          code U8 DigitIcon10x16[]=
  40          {
  41                  0x00,0xFE,0xFE,0x06,0x06,0x06,0x06,0xFE,0xFE,0x00,0x00,0x7F,0x7F,0x60,0x60,0x60,        // 0
  42                  0x60,0x7F,0x7F,0x00,
  43                  0x00,0x00,0x00,0x00,0x00,0x00,0x00,0xFE,0xFE,0x00,0x00,0x00,0x00,0x00,0x00,0x00,        // 1
  44                  0x00,0x7F,0x7F,0x00,
  45                  0x00,0x86,0x86,0x86,0x86,0x86,0x86,0xFE,0xFE,0x00,0x00,0x7F,0x7F,0x61,0x61,0x61,        // 2
  46                  0x61,0x61,0x61,0x00,
  47                  0x00,0x86,0x86,0x86,0x86,0x86,0x86,0xFE,0xFE,0x00,0x00,0x61,0x61,0x61,0x61,0x61,        // 3
  48                  0x61,0x7F,0x7F,0x00,
  49                  0x00,0xFE,0xFE,0x80,0x80,0x80,0x80,0xFE,0xFE,0x00,0x00,0x01,0x01,0x01,0x01,0x01,        // 4
  50                  0x01,0x7F,0x7F,0x00,
  51                  0x00,0xFE,0xFE,0x86,0x86,0x86,0x86,0x86,0x86,0x00,0x00,0x61,0x61,0x61,0x61,0x61,        // 5
  52                  0x61,0x7F,0x7F,0x00,
  53                  0x00,0xFE,0xFE,0x86,0x86,0x86,0x86,0x86,0x86,0x00,0x00,0x7F,0x7F,0x61,0x61,0x61,        // 6
  54                  0x61,0x7F,0x7F,0x00,
C51 COMPILER V9.00   LCM_BMP_DATA                                                          07/09/2012 21:16:50 PAGE 2   

  55                  0x00,0x06,0x06,0x06,0x06,0x06,0x06,0xFE,0xFE,0x00,0x00,0x00,0x00,0x00,0x00,0x00,        // 7
  56                  0x00,0x7F,0x7F,0x00,
  57                  0x00,0xFE,0xFE,0x86,0x86,0x86,0x86,0xFE,0xFE,0x00,0x00,0x7F,0x7F,0x61,0x61,0x61,        // 8
  58                  0x61,0x7F,0x7F,0x00,
  59                  0x00,0xFE,0xFE,0x86,0x86,0x86,0x86,0xFE,0xFE,0x00,0x00,0x61,0x61,0x61,0x61,0x61,        // 9
  60                  0x61,0x7F,0x7F,0x00,
  61                  0x00,0x00,0x00,0x00,0x30,0x30,0x00,0x00,0x00,0x00,0x00,0x00,0x00,0x00,0x06,0x06,        // :
  62                  0x00,0x00,0x00,0x00,
  63          };
  64          
  65          code U8 DigitIcon16x32[]=
  66          {
  67                  0x00,0xF8,0xF4,0xEC,0x1C,0x1C,0x1C,0x1C,0x1C,0x1C,0x1C,0x1C,0xEC,0xF4,0xF8,0x00,        // 0
  68                  0x00,0x7F,0x7F,0x3F,0x00,0x00,0x00,0x00,0x00,0x00,0x00,0x00,0x3F,0x7F,0x7F,0x00,
  69                  0x00,0xFF,0xFF,0xFE,0x00,0x00,0x00,0x00,0x00,0x00,0x00,0x00,0xFE,0xFF,0xFF,0x00,
  70                  0x00,0x0F,0x17,0x1B,0x1C,0x1C,0x1C,0x1C,0x1C,0x1C,0x1C,0x1C,0x1B,0x17,0x0F,0x00,
  71                  0x00,0x00,0x00,0x00,0x00,0x00,0x00,0xE0,0xF0,0xF8,0x00,0x00,0x00,0x00,0x00,0x00,        // 1
  72                  0x00,0x00,0x00,0x00,0x00,0x00,0x00,0x3F,0x7F,0x7F,0x00,0x00,0x00,0x00,0x00,0x00,
  73                  0x00,0x00,0x00,0x00,0x00,0x00,0x00,0xFE,0xFF,0xFF,0x00,0x00,0x00,0x00,0x00,0x00,
  74                  0x00,0x00,0x00,0x00,0x00,0x00,0x00,0x03,0x07,0x0F,0x00,0x00,0x00,0x00,0x00,0x00,
  75                  0x00,0x00,0x04,0x0C,0x1C,0x1C,0x1C,0x1C,0x1C,0x1C,0x1C,0x1C,0xEC,0xF4,0xF8,0x00,        // 2
  76                  0x00,0x00,0x00,0x80,0xC0,0xC0,0xC0,0xC0,0xC0,0xC0,0xC0,0xC0,0xBF,0x7F,0x7F,0x00,
  77                  0x00,0xFF,0xFF,0xFE,0x01,0x01,0x01,0x01,0x01,0x01,0x01,0x01,0x00,0x00,0x00,0x00,
  78                  0x00,0x0F,0x17,0x1B,0x1C,0x1C,0x1C,0x1C,0x1C,0x1C,0x1C,0x1C,0x18,0x10,0x00,0x00,
  79                  0x00,0x00,0x04,0x0C,0x1C,0x1C,0x1C,0x1C,0x1C,0x1C,0x1C,0x1C,0xEC,0xF4,0xF8,0x00,        // 3
  80                  0x00,0x00,0x00,0x80,0xC0,0xC0,0xC0,0xC0,0xC0,0xC0,0xC0,0xC0,0xBF,0x7F,0x7F,0x00,
  81                  0x00,0x00,0x00,0x00,0x01,0x01,0x01,0x01,0x01,0x01,0x01,0x01,0xFE,0xFF,0xFF,0x00,
  82                  0x00,0x00,0x10,0x18,0x1C,0x1C,0x1C,0x1C,0x1C,0x1C,0x1C,0x1C,0x1B,0x17,0x0F,0x00,
  83                  0x00,0xF8,0xF0,0xE0,0x00,0x00,0x00,0x00,0x00,0x00,0x00,0x00,0xE0,0xF0,0xF8,0x00,        // 4
  84                  0x00,0x7F,0x7F,0xBF,0xC0,0xC0,0xC0,0xC0,0xC0,0xC0,0xC0,0xC0,0xBF,0x7F,0x7F,0x00,
  85                  0x00,0x00,0x00,0x00,0x01,0x01,0x01,0x01,0x01,0x01,0x01,0x01,0xFE,0xFF,0xFF,0x00,
  86                  0x00,0x00,0x00,0x00,0x00,0x00,0x00,0x00,0x00,0x00,0x00,0x00,0x03,0x07,0x0F,0x00,
  87                  0x00,0xF8,0xF4,0xEC,0x1C,0x1C,0x1C,0x1C,0x1C,0x1C,0x1C,0x1C,0x0C,0x04,0x00,0x00,        // 5
  88                  0x00,0x7F,0x7F,0xBF,0xC0,0xC0,0xC0,0xC0,0xC0,0xC0,0xC0,0xC0,0x80,0x00,0x00,0x00,
  89                  0x00,0x00,0x00,0x00,0x01,0x01,0x01,0x01,0x01,0x01,0x01,0x01,0xFE,0xFF,0xFF,0x00,
  90                  0x00,0x00,0x10,0x18,0x1C,0x1C,0x1C,0x1C,0x1C,0x1C,0x1C,0x1C,0x1B,0x17,0x0F,0x00,
  91                  0x00,0xF8,0xF4,0xEC,0x1C,0x1C,0x1C,0x1C,0x1C,0x1C,0x1C,0x1C,0x0C,0x04,0x00,0x00,        // 6
  92                  0x00,0x7F,0x7F,0xBF,0xC0,0xC0,0xC0,0xC0,0xC0,0xC0,0xC0,0xC0,0x80,0x00,0x00,0x00,
  93                  0x00,0xFF,0xFF,0xFE,0x01,0x01,0x01,0x01,0x01,0x01,0x01,0x01,0xFE,0xFF,0xFF,0x00,
  94                  0x00,0x0F,0x17,0x1B,0x1C,0x1C,0x1C,0x1C,0x1C,0x1C,0x1C,0x1C,0x1B,0x17,0x0F,0x00,
  95                  0x00,0x00,0x04,0x0C,0x1C,0x1C,0x1C,0x1C,0x1C,0x1C,0x1C,0x1C,0xEC,0xF4,0xF8,0x00,        // 7
  96                  0x00,0x00,0x00,0x00,0x00,0x00,0x00,0x00,0x00,0x00,0x00,0x00,0x3F,0x7F,0x7F,0x00,
  97                  0x00,0x00,0x00,0x00,0x00,0x00,0x00,0x00,0x00,0x00,0x00,0x00,0xFE,0xFF,0xFF,0x00,
  98                  0x00,0x00,0x00,0x00,0x00,0x00,0x00,0x00,0x00,0x00,0x00,0x00,0x03,0x07,0x0F,0x00,
  99                  0x00,0xF8,0xF4,0xEC,0x1C,0x1C,0x1C,0x1C,0x1C,0x1C,0x1C,0x1C,0xEC,0xF4,0xF8,0x00,        // 8
 100                  0x00,0x7F,0x7F,0xBF,0xC0,0xC0,0xC0,0xC0,0xC0,0xC0,0xC0,0xC0,0xBF,0x7F,0x7F,0x00,
 101                  0x00,0xFF,0xFF,0xFE,0x01,0x01,0x01,0x01,0x01,0x01,0x01,0x01,0xFE,0xFF,0xFF,0x00,
 102                  0x00,0x0F,0x17,0x1B,0x1C,0x1C,0x1C,0x1C,0x1C,0x1C,0x1C,0x1C,0x1B,0x17,0x0F,0x00,
 103                  0x00,0xF8,0xF4,0xEC,0x1C,0x1C,0x1C,0x1C,0x1C,0x1C,0x1C,0x1C,0xEC,0xF4,0xF8,0x00,        // 9
 104                  0x00,0x7F,0x7F,0xBF,0xC0,0xC0,0xC0,0xC0,0xC0,0xC0,0xC0,0xC0,0xBF,0x7F,0x7F,0x00,
 105                  0x00,0x00,0x00,0x00,0x01,0x01,0x01,0x01,0x01,0x01,0x01,0x01,0xFE,0xFF,0xFF,0x00,
 106                  0x00,0x00,0x10,0x18,0x1C,0x1C,0x1C,0x1C,0x1C,0x1C,0x1C,0x1C,0x1B,0x17,0x0F,0x00,
 107                  0x00,0x00,0x00,0x00,0x00,0x00,0x00,0x00,0x00,0x00,0x00,0x00,0x00,0x00,0x00,0x00,        // :
 108                  0x00,0x00,0x00,0x00,0x00,0x00,0x00,0x38,0x38,0x38,0x00,0x00,0x00,0x00,0x00,0x00,
 109                  0x00,0x00,0x00,0x00,0x00,0x00,0x00,0x70,0x70,0x70,0x00,0x00,0x00,0x00,0x00,0x00,
 110                  0x00,0x00,0x00,0x00,0x00,0x00,0x00,0x00,0x00,0x00,0x00,0x00,0x00,0x00,0x00,0x00,
 111          };
 112          
 113          code U8 CharIcon12x32[]=
 114          {
 115                  0x00,0x00,0x80,0xC0,0xC0,0xC0,0xC0,0xC0,0xC0,0x80,0x00,0x00,0x00,0xFE,0xFF,0x01,        // 0  0
 116                  0x00,0x00,0x00,0x00,0x01,0xFF,0xFE,0x00,0x00,0x7F,0xFF,0x80,0x00,0x00,0x00,0x00,
C51 COMPILER V9.00   LCM_BMP_DATA                                                          07/09/2012 21:16:50 PAGE 3   

 117                  0x80,0xFF,0x7F,0x00,0x00,0x00,0x01,0x03,0x03,0x03,0x03,0x03,0x03,0x01,0x00,0x00,
 118                  0x00,0x00,0x00,0x00,0x80,0xC0,0xC0,0x00,0x00,0x00,0x00,0x00,0x00,0x00,0x00,0x01,        // 1  1
 119                  0x01,0xFF,0xFF,0x00,0x00,0x00,0x00,0x00,0x00,0x00,0x00,0x00,0x00,0xFF,0xFF,0x00,
 120                  0x00,0x00,0x00,0x00,0x00,0x00,0x00,0x03,0x03,0x03,0x03,0x03,0x03,0x00,0x00,0x00,
 121                  0x00,0x00,0x80,0xC0,0xC0,0xC0,0xC0,0xC0,0xC0,0x80,0x00,0x00,0x00,0x1E,0x1F,0x01,        // 2  2
 122                  0x00,0x00,0x00,0x00,0x81,0xFF,0xFF,0x00,0x00,0xC0,0xE0,0x70,0x38,0x1C,0x0E,0x07,
 123                  0x03,0x01,0x00,0x00,0x00,0x03,0x03,0x03,0x03,0x03,0x03,0x03,0x03,0x03,0x03,0x00,
 124                  0x00,0x00,0x80,0xC0,0xC0,0xC0,0xC0,0xC0,0xC0,0x80,0x00,0x00,0x00,0x0F,0x07,0x01,        // 3  3
 125                  0x00,0x80,0xC0,0xC0,0xE1,0x7F,0x1F,0x00,0x00,0x60,0xE0,0x80,0x00,0x00,0x01,0x01,
 126                  0x83,0xFF,0xFE,0x00,0x00,0x00,0x01,0x03,0x03,0x03,0x03,0x03,0x03,0x01,0x00,0x00,
 127                  0x00,0x00,0x00,0x00,0x00,0x00,0x00,0x80,0xC0,0xC0,0x00,0x00,0x00,0x00,0x00,0x80,        // 4  4
 128                  0xE0,0x78,0x1E,0x07,0xFF,0xFF,0x00,0x00,0x00,0x18,0x1E,0x1F,0x19,0x18,0x18,0x18,
 129                  0xFF,0xFF,0x18,0x00,0x00,0x00,0x00,0x00,0x00,0x00,0x00,0x00,0x03,0x03,0x00,0x00,
 130                  0x00,0xC0,0xC0,0xC0,0xC0,0xC0,0xC0,0xC0,0xC0,0xC0,0x00,0x00,0x00,0xFF,0xFF,0xE0,        // 5  5
 131                  0x70,0x70,0x70,0xF0,0xE0,0xC0,0x00,0x00,0x00,0x61,0xE1,0xC0,0x80,0x80,0x80,0x80,
 132                  0xE1,0xFF,0x3F,0x00,0x00,0x00,0x01,0x01,0x03,0x03,0x03,0x03,0x01,0x00,0x00,0x00,
 133                  0x00,0x00,0x80,0xC0,0xC0,0xC0,0xC0,0xC0,0xC0,0x80,0x00,0x00,0x00,0xFE,0xFF,0x03,        // 6  6
 134                  0x80,0x80,0x80,0x80,0x81,0x07,0x07,0x00,0x00,0xFF,0xFF,0xC3,0x81,0x01,0x01,0x81,
 135                  0xC3,0xFF,0xFE,0x00,0x00,0x00,0x01,0x03,0x03,0x03,0x03,0x03,0x03,0x01,0x00,0x00,
 136                  0x00,0xC0,0xC0,0xC0,0xC0,0xC0,0xC0,0xC0,0xC0,0xC0,0xC0,0x00,0x00,0x00,0x00,0x00,        // 7  7
 137                  0x00,0x00,0x00,0xC0,0xF8,0x3F,0x07,0x00,0x00,0x00,0x00,0x00,0xE0,0xFC,0x1F,0x03,
 138                  0x00,0x00,0x00,0x00,0x00,0x00,0x00,0x00,0x03,0x03,0x00,0x00,0x00,0x00,0x00,0x00,
 139                  0x00,0x00,0x80,0xC0,0xC0,0xC0,0xC0,0xC0,0xC0,0x80,0x00,0x00,0x00,0x1F,0x7F,0xE1,        // 8  8
 140                  0xC0,0xC0,0xC0,0xC0,0xE1,0x7F,0x1F,0x00,0x00,0xFC,0xFF,0x87,0x01,0x01,0x01,0x01,
 141                  0x87,0xFF,0xFC,0x00,0x00,0x00,0x01,0x03,0x03,0x03,0x03,0x03,0x03,0x01,0x00,0x00,
 142                  0x00,0x00,0x80,0xC0,0xC0,0xC0,0xC0,0xC0,0xC0,0x80,0x00,0x00,0x00,0x7F,0xFF,0xC1,        // 9  9
 143                  0x80,0x80,0x80,0x80,0xC1,0xFF,0xFF,0x00,0x00,0xC0,0xC0,0x81,0x01,0x01,0x01,0x01,
 144                  0x81,0xFF,0xFF,0x00,0x00,0x00,0x01,0x03,0x03,0x03,0x03,0x03,0x03,0x01,0x00,0x00,
 145                  0x00,0x00,0x00,0x00,0x00,0x00,0x00,0x00,0x00,0xC0,0xC0,0x00,0x00,0x00,0x00,0x00,        // 10 /
 146                  0x00,0x80,0xE0,0x78,0x1F,0x07,0x00,0x00,0x00,0x00,0xE0,0xF8,0x1E,0x07,0x01,0x00,
 147                  0x00,0x00,0x00,0x00,0x00,0x03,0x03,0x00,0x00,0x00,0x00,0x00,0x00,0x00,0x00,0x00,
 148                  0x00,0x00,0x00,0x00,0x00,0xC0,0xC0,0x00,0x00,0x00,0x00,0x00,0x00,0x00,0x00,0xE0,        // 11 A
 149                  0xFE,0x1F,0x1F,0xFE,0xE0,0x00,0x00,0x00,0x00,0xC0,0xFE,0x3F,0x31,0x30,0x30,0x31,
 150                  0x3F,0xFE,0xC0,0x00,0x00,0x03,0x03,0x00,0x00,0x00,0x00,0x00,0x00,0x03,0x03,0x00,
 151                  0x00,0xC0,0xC0,0xC0,0xC0,0xC0,0xC0,0xC0,0x80,0x80,0x00,0x00,0x00,0xFF,0xFF,0xC0,        // 12 B
 152                  0xC0,0xC0,0xC0,0xE0,0xB1,0x3F,0x1F,0x00,0x00,0xFF,0xFF,0x01,0x01,0x01,0x01,0x01,
 153                  0x87,0xFF,0xFE,0x00,0x00,0x03,0x03,0x03,0x03,0x03,0x03,0x03,0x03,0x01,0x00,0x00,
 154                  0x00,0x00,0x00,0x80,0xC0,0xC0,0xC0,0xC0,0x80,0x80,0x00,0x00,0x00,0xFE,0xFF,0x03,        // 13 C
 155                  0x01,0x00,0x00,0x00,0x01,0x03,0x0F,0x00,0x00,0x7F,0xFF,0xC0,0x80,0x00,0x00,0x00,
 156                  0x80,0xC0,0xE0,0x00,0x00,0x00,0x00,0x01,0x03,0x03,0x03,0x03,0x03,0x01,0x00,0x00,
 157                  0x00,0xC0,0xC0,0xC0,0xC0,0xC0,0x80,0x80,0x00,0x00,0x00,0x00,0x00,0xFF,0xFF,0x01,        // 14 D
 158                  0x01,0x03,0x03,0x03,0x0F,0x3E,0xF8,0x00,0x00,0xFF,0xFF,0x80,0x80,0x80,0xC0,0xC0,
 159                  0xF0,0x7C,0x1F,0x00,0x00,0x03,0x03,0x03,0x03,0x03,0x01,0x01,0x00,0x00,0x00,0x00,
 160                  0x00,0xC0,0xC0,0xC0,0xC0,0xC0,0xC0,0xC0,0xC0,0xC0,0xC0,0x00,0x00,0xFF,0xFF,0x80,        // 15 E
 161                  0x80,0x80,0x80,0x80,0x80,0x80,0x80,0x00,0x00,0xFF,0xFF,0x01,0x01,0x01,0x01,0x01,
 162                  0x01,0x01,0x01,0x00,0x00,0x03,0x03,0x03,0x03,0x03,0x03,0x03,0x03,0x03,0x03,0x00,
 163                  0x00,0x00,0x00,0x80,0xC0,0xC0,0xC0,0xC0,0x80,0x00,0xC0,0x00,0x00,0xFE,0xFF,0x03,        // 16 G
 164                  0x01,0x00,0x00,0x00,0x01,0x03,0x03,0x00,0x00,0x7F,0xFF,0xC0,0x80,0x00,0x00,0x30,
 165                  0xF0,0xF0,0x30,0x00,0x00,0x00,0x00,0x01,0x03,0x03,0x03,0x03,0x03,0x01,0x00,0x00,
 166                  0x00,0xC0,0xC0,0x00,0x00,0x00,0x00,0x00,0x00,0xC0,0xC0,0x00,0x00,0xFF,0xFF,0xC0,        // 17 H
 167                  0xC0,0xC0,0xC0,0xC0,0xC0,0xFF,0xFF,0x00,0x00,0xFF,0xFF,0x00,0x00,0x00,0x00,0x00,
 168                  0x00,0xFF,0xFF,0x00,0x00,0x03,0x03,0x00,0x00,0x00,0x00,0x00,0x00,0x03,0x03,0x00,
 169                  0x00,0x00,0x00,0x00,0xC0,0xC0,0xC0,0xC0,0x00,0x00,0x00,0x00,0x00,0x00,0x00,0x00,        // 18 I
 170                  0x00,0xFF,0xFF,0x00,0x00,0x00,0x00,0x00,0x00,0x00,0x00,0x00,0x00,0xFF,0xFF,0x00,
 171                  0x00,0x00,0x00,0x00,0x00,0x00,0x00,0x00,0x03,0x03,0x03,0x03,0x00,0x00,0x00,0x00,
 172                  0x00,0x00,0x00,0x00,0x00,0x00,0xC0,0xC0,0xC0,0xC0,0xC0,0x00,0x00,0x00,0x00,0x00,        // 19 J
 173                  0x00,0x00,0x00,0x00,0xFF,0xFF,0x00,0x00,0x00,0x70,0xF0,0x80,0x00,0x00,0x00,0xC0,
 174                  0xFF,0x3F,0x00,0x00,0x00,0x00,0x01,0x03,0x03,0x03,0x03,0x03,0x00,0x00,0x00,0x00,
 175                  0x00,0xC0,0xC0,0x00,0x00,0x00,0x00,0x00,0x00,0x00,0x00,0x00,0x00,0xFF,0xFF,0x00,        // 20 L
 176                  0x00,0x00,0x00,0x00,0x00,0x00,0x00,0x00,0x00,0xFF,0xFF,0x00,0x00,0x00,0x00,0x00,
 177                  0x00,0x00,0x00,0x00,0x00,0x03,0x03,0x03,0x03,0x03,0x03,0x03,0x03,0x03,0x03,0x00,
 178                  0x00,0xC0,0x80,0x00,0x00,0x00,0x00,0x00,0x00,0x80,0xC0,0x00,0x00,0xFF,0xFF,0x7C,        // 21 M
C51 COMPILER V9.00   LCM_BMP_DATA                                                          07/09/2012 21:16:50 PAGE 4   

 179                  0xE0,0x80,0x80,0xE0,0xFC,0xFF,0xFF,0x00,0x00,0xFF,0xFF,0x00,0x03,0x0F,0x0F,0x03,
 180                  0x00,0xFF,0xFF,0x00,0x00,0x03,0x03,0x00,0x00,0x00,0x00,0x00,0x00,0x03,0x03,0x00,
 181                  0x00,0x00,0xC0,0xC0,0x00,0x00,0x00,0x40,0xC0,0xC0,0x40,0x00,0x00,0x00,0xFF,0xFF,        // 22 N
 182                  0xFF,0xF0,0xF0,0x00,0xFF,0xFF,0x00,0x00,0x00,0x00,0xFF,0xFF,0x00,0x0F,0x0F,0xFF,
 183                  0xFF,0xFF,0x00,0x00,0x00,0x02,0x03,0x03,0x02,0x00,0x00,0x00,0x03,0x03,0x00,0x00,
 184                  0x00,0x00,0x80,0xC0,0xC0,0xC0,0xC0,0xC0,0xC0,0x80,0x00,0x00,0x00,0xFF,0xFF,0x01,        // 23 O
 185                  0x00,0x00,0x00,0x00,0x01,0xFF,0xFF,0x00,0x00,0xFF,0xFF,0x80,0x00,0x00,0x00,0x00,
 186                  0x80,0xFF,0xFF,0x00,0x00,0x00,0x01,0x03,0x03,0x03,0x03,0x03,0x03,0x01,0x00,0x00,
 187                  0x00,0xC0,0xC0,0xC0,0xC0,0xC0,0xC0,0xC0,0xC0,0x80,0x00,0x00,0x00,0xFF,0xFF,0x80,        // 24 P
 188                  0x80,0x80,0x80,0xC0,0xE1,0xFF,0x3F,0x00,0x00,0xFF,0xFF,0x01,0x01,0x01,0x01,0x01,
 189                  0x00,0x00,0x00,0x00,0x00,0x03,0x03,0x00,0x00,0x00,0x00,0x00,0x00,0x00,0x00,0x00,
 190                  0x00,0xC0,0xC0,0xC0,0xC0,0xC0,0xC0,0xC0,0xC0,0x80,0x00,0x00,0x00,0xFF,0xFF,0xC0,        // 25 R
 191                  0xC0,0xC0,0xC0,0xE0,0x71,0x7F,0x3F,0x00,0x00,0xFF,0xFF,0x07,0x0E,0x38,0x70,0xC0,
 192                  0x80,0x00,0x00,0x00,0x00,0x03,0x03,0x00,0x00,0x00,0x00,0x01,0x03,0x03,0x02,0x00,
 193                  0x00,0x00,0x80,0xC0,0xC0,0xC0,0xC0,0xC0,0xC0,0x80,0x00,0x00,0x00,0x3F,0xFF,0xC1,        // 26 S
 194                  0x80,0x80,0x00,0x00,0x01,0x07,0x07,0x00,0x00,0xE0,0xE0,0x00,0x01,0x01,0x03,0x03,
 195                  0x86,0xFE,0xFC,0x00,0x00,0x00,0x01,0x03,0x03,0x03,0x03,0x03,0x03,0x01,0x00,0x00,
 196                  0x00,0xC0,0xC0,0x00,0x00,0x00,0x00,0x00,0x00,0xC0,0xC0,0x00,0x00,0xFF,0xFF,0x00,        // 27 U
 197                  0x00,0x00,0x00,0x00,0x00,0xFF,0xFF,0x00,0x00,0xFF,0xFF,0x80,0x00,0x00,0x00,0x00,
 198                  0x80,0xFF,0xFF,0x00,0x00,0x00,0x01,0x03,0x03,0x03,0x03,0x03,0x03,0x01,0x00,0x00,
 199                  0x00,0xC0,0xC0,0x00,0x00,0x00,0x00,0x00,0x00,0xC0,0xC0,0x00,0x00,0x01,0x3F,0xFE,        // 28 V
 200                  0xC0,0x00,0x00,0xC0,0xFE,0x3F,0x01,0x00,0x00,0x00,0x00,0x07,0x7F,0xF8,0xF8,0x7F,
 201                  0x07,0x00,0x00,0x00,0x00,0x00,0x00,0x00,0x00,0x03,0x03,0x00,0x00,0x00,0x00,0x00,
 202                  0x00,0x00,0x00,0x00,0x00,0x00,0x00,0x00,0x00,0x00,0x00,0x00,0x00,0x03,0x03,0x03,        // 29 Z
 203                  0x03,0x03,0xC3,0xF3,0x3F,0x0F,0x07,0x00,0x00,0x80,0xC0,0xF0,0x3C,0x0F,0x03,0x00,
 204                  0x00,0x00,0x00,0x00,0x00,0x03,0x03,0x03,0x03,0x03,0x03,0x03,0x03,0x03,0x03,0x00,
 205                  0x00,0x00,0x00,0x00,0x00,0x00,0x00,0x00,0x00,0x00,0x00,0x00,0x00,0x80,0x80,0x80,        // 30 z
 206                  0x80,0x80,0x80,0x80,0x80,0x80,0x80,0x00,0x00,0x01,0x81,0xC1,0x61,0x31,0x19,0x0D,
 207                  0x07,0x03,0x01,0x00,0x00,0x03,0x03,0x03,0x03,0x03,0x03,0x03,0x03,0x03,0x03,0x00,
 208                  0x00,0x00,0x00,0x00,0x00,0x00,0x00,0x00,0x00,0x00,0x00,0x00,0x00,0x00,0x00,0x00,        // 31 space
 209                  0x00,0x00,0x00,0x00,0x00,0x00,0x00,0x00,0x00,0x00,0x00,0x00,0x00,0x00,0x00,0x00,
 210                  0x00,0x00,0x00,0x00,0x00,0x00,0x00,0x00,0x00,0x00,0x00,0x00,0x00,0x00,0x00,0x00,
 211                  0x00,0x00,0x00,0x00,0x00,0x00,0x00,0x00,0x00,0x00,0x00,0x00,0x00,0x00,0x00,0x00,        // 32 .
 212                  0x00,0x00,0x00,0x00,0x00,0x00,0x00,0x00,0x00,0x00,0x00,0x80,0x80,0x80,0x00,0x00,
 213                  0x00,0x00,0x00,0x00,0x00,0x00,0x00,0x03,0x03,0x03,0x00,0x00,0x00,0x00,0x00,0x00,
 214                  0x00,0x00,0x00,0x00,0x00,0x00,0x00,0x00,0x00,0x00,0x00,0x00,0x00,0x80,0x80,0x80,        // 33 -
 215                  0x80,0x80,0x80,0x80,0x80,0x80,0x80,0x00,0x00,0x01,0x01,0x01,0x01,0x01,0x01,0x01,
 216                  0x01,0x01,0x01,0x00,0x00,0x00,0x00,0x00,0x00,0x00,0x00,0x00,0x00,0x00,0x00,0x00,
 217                  0x00,0x00,0x00,0x00,0x00,0x00,0x00,0x00,0x00,0x00,0x00,0x00,0x00,0x80,0x80,0x80,        // 34 :
 218                  0x80,0x80,0x80,0x80,0x80,0x80,0x80,0x00,0x00,0x01,0x01,0x01,0x01,0x01,0x01,0x01,
 219                  0x01,0x01,0x01,0x00,0x00,0x00,0x00,0x00,0x00,0x00,0x00,0x00,0x00,0x00,0x00,0x00,
 220          };
 221          
 222          
 223          code U8 CharIcon8x16[]=
 224          {       // 8x16
 225              0x00,0xE0,0x10,0x08,0x08,0x10,0xE0,0x00,0x00,0x0F,0x10,0x20,0x20,0x10,0x0F,0x00,//0  0
 226              0x00,0x10,0x10,0xF8,0x00,0x00,0x00,0x00,0x00,0x20,0x20,0x3F,0x20,0x20,0x00,0x00,//1  1
 227              0x00,0x70,0x08,0x08,0x08,0x88,0x70,0x00,0x00,0x30,0x28,0x24,0x22,0x21,0x30,0x00,//2  2
 228              0x00,0x30,0x08,0x88,0x88,0x48,0x30,0x00,0x00,0x18,0x20,0x20,0x20,0x11,0x0E,0x00,//3  3
 229              0x00,0x00,0xC0,0x20,0x10,0xF8,0x00,0x00,0x00,0x07,0x04,0x24,0x24,0x3F,0x24,0x00,//4  4
 230              0x00,0xF8,0x08,0x88,0x88,0x08,0x08,0x00,0x00,0x19,0x21,0x20,0x20,0x11,0x0E,0x00,//5  5
 231              0x00,0xE0,0x10,0x88,0x88,0x18,0x00,0x00,0x00,0x0F,0x11,0x20,0x20,0x11,0x0E,0x00,//6  6
 232              0x00,0x38,0x08,0x08,0xC8,0x38,0x08,0x00,0x00,0x00,0x00,0x3F,0x00,0x00,0x00,0x00,//7  7
 233              0x00,0x70,0x88,0x08,0x08,0x88,0x70,0x00,0x00,0x1C,0x22,0x21,0x21,0x22,0x1C,0x00,//8  8
 234              0x00,0xE0,0x10,0x08,0x08,0x10,0xE0,0x00,0x00,0x00,0x31,0x22,0x22,0x11,0x0F,0x00,//9  9
 235              0xC0,0xC0,0x00,0x00,0x00,0x00,0x00,0x00,0x30,0x30,0x00,0x00,0x00,0x00,0x00,0x00,//10 :
 236              0x00,0x00,0x00,0x00,0x00,0x00,0x00,0x00,0x00,0x01,0x01,0x01,0x01,0x01,0x01,0x00,//11 -
 237                  0x00,0x00,0x00,0x00,0x00,0x00,0x00,0x00,0x00,0x00,0x00,0x00,0x00,0x00,0x00,0x00,//12
 238                  0x00,0x00,0xC0,0x38,0xE0,0x00,0x00,0x00,0x20,0x3C,0x23,0x02,0x02,0x27,0x38,0x20,//13 A
 239                  0x08,0xF8,0x88,0x88,0x88,0x70,0x00,0x00,0x20,0x3F,0x20,0x20,0x20,0x11,0x0E,0x00,//14 B
 240                  0xC0,0x30,0x08,0x08,0x08,0x08,0x38,0x00,0x07,0x18,0x20,0x20,0x20,0x10,0x08,0x00,//15 C
C51 COMPILER V9.00   LCM_BMP_DATA                                                          07/09/2012 21:16:50 PAGE 5   

 241                  0x08,0xF8,0x08,0x08,0x08,0x10,0xE0,0x00,0x20,0x3F,0x20,0x20,0x20,0x10,0x0F,0x00,//16 D
 242                  0x08,0xF8,0x88,0x88,0xE8,0x08,0x10,0x00,0x20,0x3F,0x20,0x20,0x23,0x20,0x18,0x00,//17 E
 243                  0x08,0xF8,0x88,0x88,0xE8,0x08,0x10,0x00,0x20,0x3F,0x20,0x00,0x03,0x00,0x00,0x00,//18 F
 244                  0xC0,0x30,0x08,0x08,0x08,0x38,0x00,0x00,0x07,0x18,0x20,0x20,0x22,0x1E,0x02,0x00,//19 G
 245                  0x08,0xF8,0x08,0x00,0x00,0x08,0xF8,0x08,0x20,0x3F,0x21,0x01,0x01,0x21,0x3F,0x20,//20 H
 246                  0x00,0x08,0x08,0xF8,0x08,0x08,0x00,0x00,0x00,0x20,0x20,0x3F,0x20,0x20,0x00,0x00,//21 I
 247                  0x00,0x00,0x00,0x08,0xF8,0x08,0x00,0x00,0x00,0x10,0x20,0x20,0x1F,0x00,0x00,0x00,//22 J
 248                  0x08,0xF8,0x88,0xC0,0x28,0x18,0x08,0x00,0x20,0x3F,0x20,0x01,0x26,0x38,0x20,0x00,//23 K
 249                  0x08,0xF8,0x08,0x00,0x00,0x00,0x00,0x00,0x20,0x3F,0x20,0x20,0x20,0x20,0x30,0x00,//24 L
 250                  0x08,0xF8,0xF8,0x00,0xF8,0xF8,0x08,0x00,0x20,0x3F,0x00,0x3F,0x00,0x3F,0x20,0x00,//25 M
 251                  0x08,0xF8,0x30,0xC0,0x00,0x08,0xF8,0x08,0x20,0x3F,0x20,0x00,0x07,0x18,0x3F,0x00,//26 N
 252                  0xE0,0x10,0x08,0x08,0x08,0x10,0xE0,0x00,0x0F,0x10,0x20,0x20,0x20,0x10,0x0F,0x00,//27 O
 253                  0x08,0xF8,0x08,0x08,0x08,0x08,0xF0,0x00,0x20,0x3F,0x21,0x01,0x01,0x01,0x00,0x00,//28 P
 254                  0xE0,0x10,0x08,0x08,0x08,0x10,0xE0,0x00,0x0F,0x18,0x24,0x24,0x38,0x50,0x4F,0x00,//29 Q
 255                  0x08,0xF8,0x88,0x88,0x88,0x88,0x70,0x00,0x20,0x3F,0x20,0x00,0x03,0x0C,0x30,0x20,//30 R
 256                  0x00,0x70,0x88,0x08,0x08,0x08,0x38,0x00,0x00,0x38,0x20,0x21,0x21,0x22,0x1C,0x00,//31 S
 257                  0x18,0x08,0x08,0xF8,0x08,0x08,0x18,0x00,0x00,0x00,0x20,0x3F,0x20,0x00,0x00,0x00,//32 T
 258                  0x08,0xF8,0x08,0x00,0x00,0x08,0xF8,0x08,0x00,0x1F,0x20,0x20,0x20,0x20,0x1F,0x00,//33 U
 259                  0x08,0x78,0x88,0x00,0x00,0xC8,0x38,0x08,0x00,0x00,0x07,0x38,0x0E,0x01,0x00,0x00,//34 V
 260                  0xF8,0x08,0x00,0xF8,0x00,0x08,0xF8,0x00,0x03,0x3C,0x07,0x00,0x07,0x3C,0x03,0x00,//35 W
 261                  0x08,0x18,0x68,0x80,0x80,0x68,0x18,0x08,0x20,0x30,0x2C,0x03,0x03,0x2C,0x30,0x20,//36 X
 262                  0x08,0x38,0xC8,0x00,0xC8,0x38,0x08,0x00,0x00,0x00,0x20,0x3F,0x20,0x00,0x00,0x00,//37 Y
 263                  0x10,0x08,0x08,0x08,0xC8,0x38,0x08,0x00,0x20,0x38,0x26,0x21,0x20,0x20,0x18,0x00,//38 Z
 264                  0x00,0x00,0x80,0x80,0x80,0x80,0x00,0x00,0x00,0x19,0x24,0x22,0x22,0x22,0x3F,0x20,//39 a
 265                  0x08,0xF8,0x00,0x80,0x80,0x00,0x00,0x00,0x00,0x3F,0x11,0x20,0x20,0x11,0x0E,0x00,//40 b
 266                  0x00,0x00,0x00,0x80,0x80,0x80,0x00,0x00,0x00,0x0E,0x11,0x20,0x20,0x20,0x11,0x00,//41 c
 267                  0x00,0x00,0x00,0x80,0x80,0x88,0xF8,0x00,0x00,0x0E,0x11,0x20,0x20,0x10,0x3F,0x20,//42 d
 268                  0x00,0x00,0x80,0x80,0x80,0x80,0x00,0x00,0x00,0x1F,0x22,0x22,0x22,0x22,0x13,0x00,//43 e
 269                  0x00,0x80,0x80,0xF0,0x88,0x88,0x88,0x18,0x00,0x20,0x20,0x3F,0x20,0x20,0x00,0x00,//44 f
 270                  0x00,0x00,0x80,0x80,0x80,0x80,0x80,0x00,0x00,0x6B,0x94,0x94,0x94,0x93,0x60,0x00,//45 g
 271                  0x08,0xF8,0x00,0x80,0x80,0x80,0x00,0x00,0x20,0x3F,0x21,0x00,0x00,0x20,0x3F,0x20,//46 h
 272                  0x00,0x80,0x98,0x98,0x00,0x00,0x00,0x00,0x00,0x20,0x20,0x3F,0x20,0x20,0x00,0x00,//47 i
 273                  0x00,0x00,0x00,0x80,0x98,0x98,0x00,0x00,0x00,0xC0,0x80,0x80,0x80,0x7F,0x00,0x00,//48 j
 274                  0x08,0xF8,0x00,0x00,0x80,0x80,0x80,0x00,0x20,0x3F,0x24,0x02,0x2D,0x30,0x20,0x00,//49 k
 275                  0x00,0x08,0x08,0xF8,0x00,0x00,0x00,0x00,0x00,0x20,0x20,0x3F,0x20,0x20,0x00,0x00,//50 l
 276                  0x80,0x80,0x80,0x80,0x80,0x80,0x80,0x00,0x20,0x3F,0x20,0x00,0x3F,0x20,0x00,0x3F,//51 m
 277                  0x80,0x80,0x00,0x80,0x80,0x80,0x00,0x00,0x20,0x3F,0x21,0x00,0x00,0x20,0x3F,0x20,//52 n
 278                  0x00,0x00,0x80,0x80,0x80,0x80,0x00,0x00,0x00,0x1F,0x20,0x20,0x20,0x20,0x1F,0x00,//53 o
 279                  0x80,0x80,0x00,0x80,0x80,0x00,0x00,0x00,0x80,0xFF,0xA1,0x20,0x20,0x11,0x0E,0x00,//54 p
 280                  0x00,0x00,0x00,0x80,0x80,0x80,0x80,0x00,0x00,0x0E,0x11,0x20,0x20,0xA0,0xFF,0x80,//55 q
 281                  0x80,0x80,0x80,0x00,0x80,0x80,0x80,0x00,0x20,0x20,0x3F,0x21,0x20,0x00,0x01,0x00,//56 r
 282                  0x00,0x00,0x80,0x80,0x80,0x80,0x80,0x00,0x00,0x33,0x24,0x24,0x24,0x24,0x19,0x00,//57 s
 283                  0x00,0x80,0x80,0xE0,0x80,0x80,0x00,0x00,0x00,0x00,0x00,0x1F,0x20,0x20,0x00,0x00,//58 t
 284                  0x80,0x80,0x00,0x00,0x00,0x80,0x80,0x00,0x00,0x1F,0x20,0x20,0x20,0x10,0x3F,0x20,//59 u
 285                  0x80,0x80,0x80,0x00,0x00,0x80,0x80,0x80,0x00,0x01,0x0E,0x30,0x08,0x06,0x01,0x00,//60 v
 286                  0x80,0x80,0x00,0x80,0x00,0x80,0x80,0x80,0x0F,0x30,0x0C,0x03,0x0C,0x30,0x0F,0x00,//61 w
 287                  0x00,0x80,0x80,0x00,0x80,0x80,0x80,0x00,0x00,0x20,0x31,0x2E,0x0E,0x31,0x20,0x00,//62 x
 288                  0x80,0x80,0x80,0x00,0x00,0x80,0x80,0x80,0x80,0x81,0x8E,0x70,0x18,0x06,0x01,0x00,//63 y
 289                  0x00,0x80,0x80,0x80,0x80,0x80,0x80,0x00,0x00,0x21,0x30,0x2C,0x22,0x21,0x30,0x00,//64 z
 290                  0x00,0x00,0x00,0x00,0x00,0x00,0x00,0x00,0x00,0x30,0x30,0x00,0x00,0x00,0x00,0x00,//65 .
 291                  0x00,0x70,0x48,0x08,0x08,0x08,0xF0,0x00,0x00,0x00,0x00,0x30,0x36,0x01,0x00,0x00,//66 ?
 292                  0x00,0x00,0x00,0xF8,0x00,0x00,0x00,0x00,0x00,0x00,0x00,0x33,0x30,0x00,0x00,0x00,//67 !
 293                  0x00,0x00,0x00,0x00,0x80,0x40,0x20,0x10,0x08,0x04,0x02,0x01,0x00,0x00,0x00,0x00,//68 /
 294                  0x00,0x00,0x00,0x00,0x00,0x00,0x00,0x00,0x80,0xB0,0x70,0x00,0x00,0x00,0x00,0x00,//69 ,
 295                  0x10,0x16,0x0E,0x00,0x00,0x00,0x00,0x00,0x00,0x00,0x00,0x00,0x00,0x00,0x00,0x00,//70 '
 296                  0x00,0x00,0x00,0x80,0x00,0x00,0x00,0x00,0x00,0x00,0x80,0x60,0x00,0x00,0x00,0x00,//71 ;
 297                  0x00,0x10,0x0C,0x06,0x10,0x0C,0x06,0x00,0x00,0x00,0x00,0x00,0x00,0x00,0x00,0x00,//72 "
 298                  0x00,0x00,0x00,0x00,0x00,0x00,0x00,0x00,0x00,0x10,0x38,0x7C,0x38,0x38,0x38,0x00,//73 <
 299                  0x00,0x00,0x00,0x00,0x00,0x00,0x00,0x00,0x00,0x38,0x38,0x38,0x7C,0x38,0x10,0x00,//74 >
 300                  0x40,0x70,0x7C,0x7E,0x7C,0x70,0x40,0x00,0x02,0x0E,0x3E,0x7E,0x3E,0x0E,0x02,0x00,//75 ^
 301                  0x00,0x00,0x00,0x00,0x00,0x00,0x00,0x00,0x30,0x30,0x00,0x00,0x00,0x00,0x00,0x00,//76 .(¤¤¤ßÂI)
 302                  0x80,0x40,0x40,0x80,0x00,0x00,0x00,0x00,0x00,0x00,0x00,0x00,0x01,0x02,0x02,0x01,//77 ~
C51 COMPILER V9.00   LCM_BMP_DATA                                                          07/09/2012 21:16:50 PAGE 6   

 303          };
 304          
 305          
 306          code U8 FM_Icon24x16[]=
 307          {
 308                  0xF0,0x18,0x78,0xF0,0xF0,0xE0,0x40,0xE2,0xAA,0xEA,0x12,0x64,0x08,0xF0,0x00,0x00,
 309                  0x00,0x00,0x00,0x00,0x00,0x00,0x00,0x00,0x33,0x4C,0x48,0x31,0x23,0x46,0x4C,0x4E,
 310                  0x5F,0x5E,0x7C,0x30,0x00,0x00,0x7F,0x09,0x09,0x00,0x7F,0x0C,0x70,0x0C,0x7F,0x00,
 311          };
 312          
 313          
 314          code U8 CompanyLogo[]=  // 96x32
 315          {
 316                  0x54,0x00,0x54,0x54,0x54,0x54,0x54,0x54,0x54,0x54,0x54,0x54,0x54,0x54,0x54,0x54,
 317                  0x54,0x54,0x54,0x54,0x54,0x54,0x54,0x54,0x14,0x54,0x14,0x54,0x04,0x54,0x00,0x94,
 318                  0x80,0xD4,0xC0,0xA4,0xA0,0x90,0xD0,0xC8,0xE8,0xE8,0xE8,0xE8,0xE8,0xE8,0xE8,0xE8,
 319                  0xE8,0xE8,0xE8,0xE8,0xE8,0xE8,0xE8,0xC8,0x08,0x08,0x10,0x30,0x74,0xE4,0xE4,0xE4,
 320                  0xC4,0xD4,0xD4,0x94,0x94,0x90,0x14,0x40,0x54,0x00,0x50,0x00,0x40,0x00,0x08,0x04,
 321                  0x12,0x4A,0x2A,0x2A,0xAA,0xAA,0x2A,0x2A,0x4A,0x12,0x04,0x08,0x00,0x40,0x00,0x50,
 322                  0x55,0x55,0x05,0x55,0x05,0x95,0x45,0x25,0x25,0x25,0x21,0x25,0x11,0x15,0x11,0x15,
 323                  0x11,0x09,0x89,0x89,0x88,0x89,0x84,0x85,0x84,0x85,0x04,0x02,0x0A,0x09,0x2D,0x5C,
 324                  0x4F,0x20,0x10,0x10,0x10,0x10,0x10,0x11,0x0F,0x0F,0x0F,0x0F,0x0F,0x0F,0x0F,0x4F,
 325                  0xAF,0xAF,0xAF,0xAF,0xAF,0x4F,0x0F,0x0F,0x00,0x00,0x00,0x00,0x00,0x00,0x01,0x83,
 326                  0x87,0x87,0x87,0x87,0x87,0x87,0x87,0x07,0x07,0x06,0x06,0x06,0x04,0x05,0x04,0x09,
 327                  0x08,0x0C,0x8E,0x4B,0x29,0xE8,0x10,0x00,0x50,0x04,0x50,0x05,0x50,0x45,0x50,0x55,
 328                  0x55,0x55,0x00,0xFE,0xA1,0xA0,0xA0,0xA0,0xA0,0xA2,0x45,0x05,0xE5,0x15,0xC2,0x30,
 329                  0x89,0xE5,0xF4,0xF2,0xFA,0x7A,0x7A,0xFA,0xF2,0xF4,0xE5,0x89,0x32,0xC4,0x00,0xE6,
 330                  0xE9,0xE9,0x89,0x80,0xEF,0xE5,0xE5,0x0F,0xE0,0xEF,0x25,0x25,0x2A,0xE0,0xE0,0x00,
 331                  0x20,0xA0,0xA0,0xA0,0xA0,0xE0,0xE0,0x00,0x00,0xE0,0x18,0xC4,0x32,0x89,0xE5,0xF4,
 332                  0xF2,0xFA,0x7A,0x7A,0xFA,0xF2,0xF4,0xE5,0x89,0x32,0xC4,0x18,0xE8,0x08,0x08,0x08,
 333                  0x08,0x08,0x0B,0x0A,0x8A,0x8B,0x8A,0x8C,0x79,0x00,0x55,0x00,0x55,0x05,0x55,0x55,
 334                  0x55,0x50,0x47,0x54,0x44,0x54,0x44,0x54,0x44,0x08,0x48,0x08,0x4F,0x08,0x4F,0x00,
 335                  0x07,0x1F,0x3F,0x3F,0x7C,0x78,0x78,0x7C,0x3F,0x3F,0x1F,0x47,0x40,0x4F,0x48,0x4B,
 336                  0x4B,0x48,0x4B,0x4B,0x48,0x4B,0x4B,0x48,0x4B,0x4B,0x49,0x49,0x49,0x49,0x49,0x48,
 337                  0x4A,0x4A,0x4A,0x4A,0x4A,0x4B,0x4B,0x48,0x48,0x4F,0x48,0x4F,0x40,0x47,0x1F,0x3F,
 338                  0x3F,0x7C,0x78,0x78,0x7C,0x3F,0x3F,0x1F,0x47,0x00,0x4F,0x08,0x47,0x04,0x52,0x02,
 339                  0x51,0x05,0x51,0x45,0x50,0x44,0x50,0x44,0x50,0x55,0x50,0x55,0x54,0x55,0x54,0x55
 340          };
 341          
 342          
 343          code U8 SD_Icon12x16[]=
 344          {
 345                  0xF8,0xFC,0x02,0x81,0x4D,0x41,0x0D,0xC1,0x4D,0x81,0x01,0xFF,0xFF,0xFF,0xC0,0xD1,
 346                  0xD2,0xCC,0xC0,0xDF,0xD0,0xCF,0xC0,0xFF,
 347          };
 348          
 349          
 350          code U8 USB_Icon12x16[]=
 351          {
 352                  0x00,0xF0,0xF8,0x0F,0x09,0x0D,0x09,0x0D,0x09,0x0F,0xF8,0x00,0x00,0xFF,0xFF,0xC0,
 353                  0xC0,0xD8,0xD8,0xD8,0xC0,0xC0,0x7F,0x00,
 354          };
 355          
 356          code U8 OrderRec_Icon11x16[]=
 357          {
 358                  0x00,0x38,0xC6,0x82,0x01,0x1F,0x11,0x92,0xC6,0x38,0x00,0xF8,0x6A,0xBA,0x02,0xFB,
 359                  0xAB,0xAB,0x02,0xFA,0x8A,0x88,
 360          };
 361          
 362          code U8 MusicTypeIcon23x16[]=   // only for 128x64 LCD
 363          {
 364                  // MP3
C51 COMPILER V9.00   LCM_BMP_DATA                                                          07/09/2012 21:16:50 PAGE 7   

 365                  0x00,0xFE,0x01,0x01,0x01,0x01,0x01,0x01,0x01,0x01,0x01,0x01,0x01,0x01,0x01,0x01,
 366                  0x01,0x01,0x01,0x01,0x01,0xFE,0x00,0x00,0x3F,0x7F,0x41,0x7B,0x77,0x7B,0x41,0x7F,
 367                  0x41,0x75,0x75,0x75,0x71,0x7F,0x5D,0x55,0x55,0x55,0x6B,0x7F,0x3F,0x00,
 368                  // WMA
 369                  0x00,0xFE,0x01,0x01,0x01,0x01,0x01,0x01,0x01,0x01,0x01,0x01,0x01,0x01,0x01,0x01,
 370                  0x01,0x01,0x01,0x01,0x01,0xFE,0x00,0x00,0x3F,0x7F,0x41,0x6F,0x77,0x6F,0x41,0x7F,
 371                  0x41,0x7B,0x77,0x7B,0x41,0x7F,0x47,0x6B,0x6D,0x6B,0x47,0x7F,0x3F,0x00,
 372                  // WAV 
 373                  0x00,0xFE,0x01,0x01,0x01,0x01,0x01,0x01,0x01,0x01,0x01,0x01,0x01,0x01,0x01,0x01,
 374                  0x01,0x01,0x01,0x01,0x01,0xFE,0x00,0x00,0x7F,0xFE,0x82,0xDE,0xEE,0xDE,0x82,0xFE,
 375                  0x8E,0xD6,0xDA,0xD6,0x8E,0xFE,0xE2,0xDE,0xBE,0xDE,0xE2,0xFE,0x7F,0x00,
 376          };
 377          
 378          code U8 RepeatIcon19x16[]=
 379          {
 380                  // A
 381                  0xFE,0xFF,0x47,0x6B,0x6D,0x6B,0x47,0x7F,0x77,0x77,0x7F,0x7F,0x7F,0x7F,0x7F,0x7F,
 382                  0xFF,0xFE,0x00,0x7F,0xFF,0x80,0x80,0x80,0xA0,0xA1,0xA3,0xA7,0xA1,0xA1,0xA1,0x92,
 383                  0x8C,0x80,0x80,0xFF,0x7F,0x00,
 384                  // B
 385                  0xFE,0xFF,0x7F,0x7F,0x7F,0x7F,0x7F,0x7F,0x77,0x77,0x7F,0x41,0x55,0x55,0x55,0x6B,
 386                  0xFF,0xFE,0x00,0x7F,0xFF,0x80,0x80,0x80,0xA0,0xA1,0xA3,0xA7,0xA1,0xA1,0xA1,0x92,
 387                  0x8C,0x80,0x80,0xFF,0x7F,0x00,
 388                  // AB
 389                  0xFE,0xFF,0x47,0x6B,0x6D,0x6B,0x47,0x7F,0x77,0x77,0x7F,0x41,0x55,0x55,0x55,0x6B,
 390                  0xFF,0xFE,0x00,0x7F,0xFF,0x80,0x80,0x80,0xA0,0xA1,0xA3,0xA7,0xA1,0xA1,0xA1,0x92,
 391                  0x8C,0x80,0x80,0xFF,0x7F,0x00,
 392                  // Blank
 393                  0x00,0x00,0x00,0x00,0x00,0x00,0x00,0x00,0x00,0x00,0x00,0x00,0x00,0x00,0x00,0x00,
 394                  0x00,0x00,0x00,0x00,0x00,0x00,0x00,0x00,0x00,0x00,0x00,0x00,0x00,0x00,0x00,0x00,
 395                  0x00,0x00,0x00,0x00,0x00,0x00,
 396          };
 397          
 398          code U8 EQIcon19x16[]=
 399          {
 400                  // Normal
 401                  0xFF,0x01,0x7D,0x09,0x31,0x7D,0x01,0x39,0x45,0x45,0x39,0x01,0x7D,0x15,0x35,0x55,
 402                  0x49,0x01,0xFF,0xFF,0x00,0x7F,0x47,0x7F,0x4F,0x7F,0x43,0x7F,0x41,0x7F,0x47,0x7F,
 403                  0x4F,0x7F,0x41,0x7F,0x00,0xFF,
 404                  // DBB
 405                  0xFF,0x01,0x7D,0x45,0x45,0x39,0x01,0x7D,0x55,0x55,0x29,0x01,0x7D,0x55,0x55,0x55,
 406                  0x29,0x01,0xFF,0xFF,0x00,0x7F,0x41,0x7F,0x41,0x7F,0x43,0x7F,0x47,0x7F,0x47,0x7F,
 407                  0x4F,0x7F,0x4F,0x7F,0x00,0xFF,
 408                  // JAZZ
 409                  0xFF,0x01,0x61,0x41,0x7D,0x01,0x79,0x15,0x79,0x01,0x65,0x55,0x4D,0x01,0x65,0x55,
 410                  0x4D,0x01,0xFF,0xFF,0x00,0x7F,0x5F,0x7F,0x4F,0x7F,0x47,0x7F,0x43,0x7F,0x41,0x7F,
 411                  0x43,0x7F,0x47,0x7F,0x00,0xFF,
 412                  // DISC(ROCK)
 413                  0xFF,0x01,0x7D,0x15,0x69,0x01,0x39,0x45,0x39,0x01,0x39,0x45,0x45,0x01,0x7D,0x11,
 414                  0x6D,0x01,0xFF,0xFF,0x00,0x7F,0x41,0x7F,0x43,0x7F,0x47,0x7F,0x4F,0x7F,0x47,0x7F,
 415                  0x43,0x7F,0x41,0x7F,0x00,0xFF,
 416                  // POP
 417                  0xFF,0x01,0x7D,0x15,0x15,0x09,0x01,0x39,0x45,0x45,0x45,0x39,0x01,0x7D,0x15,0x15,
 418                  0x09,0x01,0xFF,0xFF,0x00,0x7F,0x47,0x7F,0x4F,0x7F,0x47,0x7F,0x41,0x7F,0x41,0x7F,
 419                  0x43,0x7F,0x47,0x7F,0x00,0xFF,
 420                  // CLASS
 421                  0xFF,0x01,0x7D,0x15,0x15,0x09,0x01,0x39,0x45,0x45,0x45,0x39,0x01,0x7D,0x15,0x15,
 422                  0x09,0x01,0xFF,0xFF,0x00,0x7F,0x47,0x7F,0x4F,0x7F,0x47,0x7F,0x41,0x7F,0x41,0x7F,
 423                  0x43,0x7F,0x47,0x7F,0x00,0xFF,
 424          };
 425          
 426          
C51 COMPILER V9.00   LCM_BMP_DATA                                                          07/09/2012 21:16:50 PAGE 8   

 427          code U8 PlayModeIcon11x16[]=    // only for 128x64 LCD
 428          {
 429                  // Repeat All
 430                  0x58,0x64,0x74,0x04,0x44,0x44,0x44,0x40,0x5C,0x4C,0x34,0x3E,0x7F,0x7F,0x47,0x6B,
 431                  0x6D,0x6B,0x47,0x7F,0x7F,0x3E,
 432                  // Normal
 433                  0x58,0x64,0x74,0x04,0x04,0x04,0x04,0x04,0x44,0x44,0x38,0x3E,0x7F,0x7F,0x41,0x7B,
 434                  0x77,0x6F,0x41,0x7F,0x7F,0x3E,
 435                  // Repeat 1
 436                  0x58,0x64,0x74,0x04,0x44,0x44,0x44,0x40,0x5C,0x4C,0x34,0x3E,0x7F,0x7F,0x7F,0x5B,
 437                  0x41,0x5F,0x7F,0x7F,0x7F,0x3E,
 438                  // Random
 439                  0x58,0x64,0x74,0x04,0x04,0x04,0x04,0x04,0x44,0x44,0x38,0x3E,0x7F,0x7F,0x41,0x75,
 440                  0x75,0x65,0x5B,0x7F,0x7F,0x3E,
 441                  // Repeat Folder
 442                  0x58,0x64,0x74,0x04,0x44,0x44,0x44,0x40,0x5C,0x4C,0x34,0x3E,0x7F,0x7F,0x41,0x5D,
 443                  0x5D,0x5D,0x63,0x7F,0x7F,0x3E,
 444                  // Folder Play Once
 445                  0x58,0x64,0x74,0x04,0x04,0x04,0x04,0x04,0x44,0x44,0x38,0x3E,0x7F,0x7F,0x41,0x5D,
 446                  0x5D,0x5D,0x63,0x7F,0x7F,0x3E,
 447          };
 448          
 449          
 450          code U8 MusicIcon34x32[]=
 451          {
 452                  0xFF,0xFF,0x03,0x03,0x03,0x03,0x03,0x03,0x03,0x03,0x03,0x03,0x03,0x03,0x03,0x83,
 453                  0x83,0x83,0x83,0xE3,0xE3,0xE3,0x7B,0x7B,0xFB,0x7B,0x7B,0x1B,0x1B,0x03,0x03,0x03,
 454                  0xFF,0xFF,0xFF,0xFF,0x00,0x80,0x80,0xF0,0xF0,0xF0,0xFC,0xFC,0xFC,0xFC,0xFF,0xFF,
 455                  0xFF,0xEF,0xEF,0xF3,0xF3,0xF3,0xFC,0xFC,0xFC,0xFC,0x80,0x8F,0x8F,0xF0,0xF0,0x80,
 456                  0x80,0x00,0xFF,0xFF,0xFF,0xFF,0x00,0x3F,0x3F,0xFF,0xFF,0x3F,0x31,0x31,0x3F,0x3F,
 457                  0x31,0x31,0x3F,0x31,0x31,0x3F,0x3F,0xF1,0x3F,0x3F,0x31,0x31,0x3F,0x3F,0x3F,0xFF,
 458                  0xFF,0x3F,0x3F,0x00,0xFF,0xFF,0xFF,0xFF,0xC0,0xC0,0xC0,0xFF,0xFF,0xC0,0xC0,0xC0,
 459                  0xC0,0xC0,0xC0,0xC0,0xC0,0xC0,0xC0,0xC0,0xC0,0xFF,0xC0,0xC0,0xC0,0xC0,0xC0,0xC0,
 460                  0xC0,0xFF,0xFF,0xC0,0xC0,0xC0,0xFF,0xFF
 461          };
 462          
 463          code U8 FMIcon34x32[]=
 464          {
 465                  0xFF,0xFF,0x03,0x03,0x03,0x03,0x03,0x03,0xC3,0xC3,0xF3,0xF3,0x33,0x33,0x33,0x33,
 466                  0x33,0x33,0x33,0x33,0x33,0x33,0x33,0x33,0x33,0x33,0x33,0x33,0x03,0x03,0x03,0x03,
 467                  0xFF,0xFF,0xFF,0xFF,0x00,0x00,0xFC,0xFC,0x3F,0x3F,0x3F,0x3F,0x3F,0x3F,0x3F,0x3F,
 468                  0xFC,0xFC,0xFC,0xFC,0xFC,0xFC,0x3C,0x3C,0x3C,0x3C,0xFC,0xFC,0xFC,0xFC,0xFC,0xFC,
 469                  0x00,0x00,0xFF,0xFF,0xFF,0xFF,0x00,0x00,0xFF,0xFF,0xFC,0xFC,0xFC,0xFC,0xFC,0xFC,
 470                  0xFC,0xFC,0xFF,0xFF,0xFC,0xFC,0xFF,0xFF,0x03,0x03,0x03,0x03,0xCF,0xCF,0xFC,0xFC,
 471                  0xFF,0xFF,0x00,0x00,0xFF,0xFF,0xFF,0xFF,0xC0,0xC0,0xCF,0xCF,0xCC,0xCC,0xCF,0xCF,
 472                  0xCC,0xCC,0xCF,0xCF,0xCF,0xCF,0xCC,0xCC,0xCF,0xCF,0xCF,0xCF,0xCF,0xCF,0xCF,0xCF,
 473                  0xCC,0xCC,0xCF,0xCF,0xC0,0xC0,0xFF,0xFF
 474          };
 475          
 476          code U8 PlayRecordIcon34x32[]=
 477          {
 478                  0xFF,0xFF,0x03,0x83,0x83,0x83,0x83,0x83,0x83,0x83,0x83,0x83,0x83,0x83,0x83,0x83,
 479                  0x83,0x83,0x83,0x83,0x83,0x83,0x83,0x83,0x83,0x83,0x83,0x83,0x83,0x83,0x83,0x03,
 480                  0xFF,0xFF,0xFF,0xFF,0x00,0xFF,0xFF,0x83,0x83,0x00,0x10,0x10,0x7C,0x7C,0x10,0x10,
 481                  0x00,0x00,0x00,0x00,0x00,0x00,0x10,0x10,0x7C,0x7C,0x10,0x00,0x00,0x83,0x83,0xFF,
 482                  0xFF,0x00,0xFF,0xFF,0xFF,0xFF,0x00,0xFF,0xFF,0x3F,0x3F,0xC2,0xF2,0xF2,0xF2,0xF2,
 483                  0x32,0x32,0xF2,0xF2,0xF2,0xF2,0xF2,0xF2,0x32,0x32,0xF2,0xF2,0xF2,0xC2,0xC2,0x3F,
 484                  0x3F,0xFF,0xFF,0x00,0xFF,0xFF,0xFF,0xFF,0xC0,0xC1,0xC1,0xC1,0xC1,0xC1,0xC1,0xC1,
 485                  0xC1,0xC1,0xC1,0xC1,0xC1,0xC1,0xC1,0xC1,0xC1,0xC1,0xC1,0xC1,0xC1,0xC1,0xC1,0xC1,
 486                  0xC1,0xC1,0xC1,0xC1,0xC1,0xC0,0xFF,0xFF
 487          };
 488          
C51 COMPILER V9.00   LCM_BMP_DATA                                                          07/09/2012 21:16:50 PAGE 9   

 489          code U8 CalendarIcon34x32[]=
 490          {
 491                  0xFF,0xFF,0x03,0x03,0x03,0x03,0x03,0x03,0x83,0x83,0xFB,0xFB,0xFB,0xFB,0xFB,0xFB,
 492                  0xFB,0xFB,0xFB,0xFB,0xFB,0xFB,0xFB,0xFB,0x83,0x03,0x03,0x03,0x03,0x03,0x03,0x03,
 493                  0xFF,0xFF,0xFF,0xFF,0x00,0x10,0x10,0xFC,0xFC,0xFF,0x1F,0x1F,0x0F,0x0F,0x03,0x03,
 494                  0x00,0xFC,0xFC,0x00,0x00,0x00,0x03,0x03,0x0F,0x0F,0x1F,0xFF,0xFF,0xFC,0xFC,0x10,
 495                  0x10,0x00,0xFF,0xFF,0xFF,0xFF,0x00,0x00,0x00,0x3F,0x3F,0xFF,0xC0,0xC0,0x00,0x00,
 496                  0x00,0x00,0x00,0x03,0x03,0x02,0x02,0x02,0x02,0x02,0x00,0x00,0xC0,0xFF,0xFF,0x3F,
 497                  0x3F,0x00,0x00,0x00,0xFF,0xFF,0xFF,0xFF,0xC0,0xC0,0xC0,0xC0,0xC0,0xD8,0xD9,0xD9,
 498                  0xDF,0xDF,0xDF,0xDF,0xDE,0xDE,0xDE,0xDE,0xDE,0xDE,0xDF,0xDF,0xDF,0xDF,0xD9,0xD8,
 499                  0xD8,0xC0,0xC0,0xC0,0xC0,0xC0,0xFF,0xFF
 500          };
 501          
 502          U8 code SetupIcon34x32[]=
 503          {
 504                  0xFF,0xFF,0x03,0x83,0x83,0x03,0x03,0x1B,0xFB,0xFB,0x7B,0x7B,0xE3,0xE3,0x03,0x03,
 505                  0x03,0x03,0x03,0x03,0x03,0x03,0x03,0x03,0x83,0xE3,0xE3,0x7B,0x7B,0x1B,0x1B,0x03,
 506                  0xFF,0xFF,0xFF,0xFF,0x00,0x0F,0x0F,0x1F,0x1F,0x1F,0x1F,0x1F,0x1C,0x1C,0x7F,0x7F,
 507                  0xFC,0xFC,0xFC,0xF0,0xF0,0xF0,0x9C,0x9C,0x0F,0x0F,0x03,0x00,0x00,0x00,0x00,0x00,
 508                  0x00,0x00,0xFF,0xFF,0xFF,0xFF,0x00,0x00,0x00,0x80,0xC0,0xC0,0x30,0x30,0xCC,0xCC,
 509                  0xFE,0xFE,0x3F,0x0F,0x0F,0x03,0x03,0x0D,0x33,0x33,0xCE,0xCE,0x3C,0xF0,0xF0,0xC0,
 510                  0xC0,0x00,0x00,0x00,0xFF,0xFF,0xFF,0xFF,0xC0,0xDE,0xDF,0xD9,0xD9,0xDE,0xC7,0xC7,
 511                  0xC1,0xC1,0xC0,0xC0,0xC0,0xC0,0xC0,0xC0,0xC0,0xC0,0xC0,0xC0,0xC0,0xC0,0xC1,0xC6,
 512                  0xC6,0xD9,0xD9,0xDF,0xDF,0xC0,0xFF,0xFF
 513          };
 514          
 515          code U8 MusicIcon17x16[]=
 516          {
 517                  0xFF,0x01,0x01,0xC1,0xE1,0xE1,0xF1,0xF1,0xD9,0xD9,0xED,0xE5,0x2D,0x35,0xE1,0x01,
 518                  0xFF,0xFF,0x80,0xFF,0x87,0x84,0x87,0x84,0x87,0x87,0xFC,0x87,0x84,0x87,0x87,0xFF,
 519                  0x80,0xFF
 520          };
 521          
 522          code U8 FMIcon17x16[]=
 523          {
 524                  0xFF,0x01,0xE1,0x71,0x79,0x7D,0x75,0xE5,0xE5,0xE5,0x65,0x65,0xE5,0xE5,0xE1,0x01,
 525                  0xFF,0xFF,0x80,0xBF,0xAE,0xBE,0xAE,0xBE,0xBF,0xAE,0xBF,0xB1,0xB1,0xBB,0xAE,0xBF,
 526                  0x80,0xFF
 527          };
 528          
 529          code U8 PlayRecordIcon17x16[]=
 530          {
 531                  0xFF,0x01,0xF9,0x09,0x49,0xE9,0x49,0x09,0x09,0x09,0x49,0xE9,0x49,0x09,0xF9,0x01,
 532                  0xFF,0xFF,0x80,0x9F,0x99,0x9D,0x9D,0x95,0x9D,0x9D,0x9D,0x95,0x9D,0x9D,0x99,0x9F,
 533                  0x80,0xFF
 534          };
 535          
 536          code U8 CalendarIcon17x16[]=
 537          {
 538                  0xFF,0x01,0x41,0xF1,0x79,0x3D,0x1D,0x0D,0xED,0x0D,0x1D,0x3D,0x79,0xF1,0x41,0x01,
 539                  0xFF,0xFF,0x80,0x80,0xAF,0xB8,0xB0,0xB0,0xA0,0xA1,0xA1,0xB1,0xB0,0xB8,0xAF,0x80,
 540                  0x80,0xFF
 541          };
 542          
 543          code U8 SetupIcon17x16[]=
 544          {
 545                  0xFF,0x01,0x39,0x75,0x7D,0x65,0xFD,0xE1,0xC1,0xC1,0x61,0x31,0x19,0x0D,0x05,0x01,
 546                  0xFF,0xFF,0x80,0xB0,0xA8,0x94,0x9A,0x8F,0x87,0x81,0x82,0x85,0x8B,0x96,0xAC,0xB0,
 547                  0x80,0xFF
 548          };
 549          
 550          code U8 BatteryIcon16x16[]=
C51 COMPILER V9.00   LCM_BMP_DATA                                                          07/09/2012 21:16:50 PAGE 10  

 551          {
 552                  0x00,0x80,0xC0,0x20,0x20,0x20,0x20,0x20,0x20,0xA0,0x60,0x60,0x20,0xE0,0x00,0x00,
 553                  0x00,0x03,0x07,0x08,0x0C,0x0C,0x0A,0x09,0x09,0x08,0x08,0x08,0x08,0x0F,0x00,0x00,
 554                  0x00,0x80,0xC0,0x20,0x20,0x20,0x20,0x20,0x20,0x20,0x20,0x20,0x20,0xE0,0x00,0x00,
 555                  0x00,0x03,0x07,0x08,0x08,0x08,0x08,0x08,0x08,0x08,0x08,0x08,0x08,0x0F,0x00,0x00,
 556                  0x00,0x80,0xC0,0x20,0x20,0x20,0x20,0x20,0x20,0x20,0x20,0xA0,0x20,0xE0,0x00,0x00,
 557                  0x00,0x03,0x07,0x08,0x08,0x08,0x08,0x08,0x08,0x08,0x08,0x0B,0x08,0x0F,0x00,0x00,
 558                  0x00,0x80,0xC0,0x20,0x20,0x20,0x20,0x20,0x20,0x20,0xA0,0xA0,0x20,0xE0,0x00,0x00,
 559                  0x00,0x03,0x07,0x08,0x08,0x08,0x08,0x08,0x08,0x08,0x0B,0x0B,0x08,0x0F,0x00,0x00,
 560                  0x00,0x80,0xC0,0x20,0x20,0x20,0x20,0x20,0x20,0xA0,0xA0,0xA0,0x20,0xE0,0x00,0x00,
 561                  0x00,0x03,0x07,0x08,0x08,0x08,0x08,0x08,0x08,0x0B,0x0B,0x0B,0x08,0x0F,0x00,0x00,
 562                  0x00,0x80,0xC0,0x20,0x20,0x20,0x20,0x20,0xA0,0xA0,0xA0,0xA0,0x20,0xE0,0x00,0x00,
 563                  0x00,0x03,0x07,0x08,0x08,0x08,0x08,0x08,0x0B,0x0B,0x0B,0x0B,0x08,0x0F,0x00,0x00,
 564                  0x00,0x80,0xC0,0x20,0x20,0x20,0x20,0xA0,0xA0,0xA0,0xA0,0xA0,0x20,0xE0,0x00,0x00,
 565                  0x00,0x03,0x07,0x08,0x08,0x08,0x08,0x0B,0x0B,0x0B,0x0B,0x0B,0x08,0x0F,0x00,0x00,
 566                  0x00,0x80,0xC0,0x20,0x20,0x20,0xA0,0xA0,0xA0,0xA0,0xA0,0xA0,0x20,0xE0,0x00,0x00,
 567                  0x00,0x03,0x07,0x08,0x08,0x08,0x0B,0x0B,0x0B,0x0B,0x0B,0x0B,0x08,0x0F,0x00,0x00,
 568                  0x00,0x80,0xC0,0x20,0x20,0xA0,0xA0,0xA0,0xA0,0xA0,0xA0,0xA0,0x20,0xE0,0x00,0x00,
 569                  0x00,0x03,0x07,0x08,0x08,0x0B,0x0B,0x0B,0x0B,0x0B,0x0B,0x0B,0x08,0x0F,0x00,0x00,
 570                  0x00,0x80,0xC0,0x20,0xA0,0xA0,0xA0,0xA0,0xA0,0xA0,0xA0,0xA0,0x20,0xE0,0x00,0x00,
 571                  0x00,0x03,0x07,0x08,0x0B,0x0B,0x0B,0x0B,0x0B,0x0B,0x0B,0x0B,0x08,0x0F,0x00,0x00,
 572          };
 573          
 574          code U8 BitrateNum5x8[]=
 575          {
 576                  0x39,0x65,0x55,0x4D,0x39,
 577                  0x01,0x49,0x7D,0x41,0x01,
 578                  0x65,0x55,0x55,0x55,0x49,
 579                  0x45,0x55,0x55,0x55,0x29,
 580                  0x21,0x31,0x29,0x7D,0x21,
 581                  0x5D,0x55,0x55,0x55,0x21,
 582                  0x39,0x55,0x55,0x55,0x21,
 583                  0x05,0x05,0x75,0x0D,0x05,
 584                  0x29,0x55,0x55,0x55,0x29,
 585                  0x09,0x55,0x55,0x55,0x39,
 586          };
 587          
 588          
 589          code U8 SongNum6x8[]=
 590          {
 591                  0x7C,0x82,0x82,0x82,0x82,0x7C,
 592                  0x00,0x00,0x84,0xFE,0x80,0x00,
 593                  0xE4,0x92,0x92,0x92,0x92,0x8C,
 594                  0x44,0x92,0x92,0x92,0x92,0x6C,
 595                  0x60,0x50,0x48,0x44,0xFE,0x40,
 596                  0x4E,0x92,0x92,0x92,0x92,0x60,
 597                  0x7C,0x92,0x92,0x92,0x92,0x64,
 598                  0x04,0x82,0xE2,0x92,0x0A,0x06,
 599                  0x6C,0x92,0x92,0x92,0x92,0x6C,
 600                  0x4C,0x92,0x92,0x92,0x92,0x7C,
 601          };
 602          
 603          code U8 PinPu128x16[]=
 604          {
 605                  // 0
 606                  0x00,0xFC,0xFC,0x00,0x00,0x00,0x00,0x00,0x00,0xE0,0xE0,0x00,0x00,0x00,0x00,0x00,
 607                  0x00,0x00,0x00,0x00,0x00,0x00,0x00,0x00,0x00,0x00,0x00,0x00,0x00,0xF0,0xF0,0x00,
 608                  0x00,0xFC,0xFC,0x00,0x00,0x00,0x00,0x00,0x00,0x00,0x00,0x00,0x00,0x00,0x00,0x00,
 609                  0x00,0x00,0x00,0x00,0x00,0x00,0x00,0x00,0x00,0x00,0x00,0x00,0x00,0x00,0x00,0x00,
 610                  0x00,0x00,0x00,0x00,0x00,0x00,0x00,0x00,0x00,0x00,0x00,0x00,0x00,0x00,0x00,0x00,
 611                  0x00,0x00,0x00,0x00,0x00,0x00,0x00,0x00,0x00,0x00,0x00,0x00,0x00,0x80,0x80,0x00,
 612                  0x00,0xE0,0xE0,0x00,0x00,0xFE,0xFE,0x00,0x00,0xF8,0xF8,0x00,0x00,0xE0,0xE0,0x00,
C51 COMPILER V9.00   LCM_BMP_DATA                                                          07/09/2012 21:16:50 PAGE 11  

 613                  0x00,0x00,0x00,0x00,0x00,0x00,0x00,0x00,0x00,0x00,0x00,0x00,0x00,0x00,0x00,0x00,
 614                  0x00,0xFF,0xFF,0x00,0x00,0xFE,0xFE,0x00,0x00,0xFF,0xFF,0x00,0x00,0xC0,0xC0,0x00,
 615                  0x00,0x80,0x80,0x00,0x00,0xC0,0xC0,0x00,0x00,0xFE,0xFE,0x00,0x00,0xFF,0xFF,0x00,
 616                  0x00,0xFF,0xFF,0x00,0x00,0xC0,0xC0,0x00,0x00,0xE0,0xE0,0x00,0x00,0x80,0x80,0x00,
 617                  0x00,0x80,0x80,0x00,0x00,0xC0,0xC0,0x00,0x00,0xE0,0xE0,0x00,0x00,0xC0,0xC0,0x00,
 618                  0x00,0x80,0x80,0x00,0x00,0xE0,0xE0,0x00,0x00,0xFF,0xFF,0x00,0x00,0xE0,0xE0,0x00,
 619                  0x00,0xF0,0xF0,0x00,0x00,0xFE,0xFE,0x00,0x00,0xC0,0xC0,0x00,0x00,0xFF,0xFF,0x00,
 620                  0x00,0xFF,0xFF,0x00,0x00,0xFF,0xFF,0x00,0x00,0xFF,0xFF,0x00,0x00,0xFF,0xFF,0x00,
 621                  0x00,0xFF,0xFF,0x00,0x00,0xF8,0xF8,0x00,0x00,0xF0,0xF0,0x00,0x00,0xFF,0xFF,0x00,
 622                  // 1
 623                  0x00,0x00,0x00,0x00,0x00,0x00,0x00,0x00,0x00,0xE0,0xE0,0x00,0x00,0xFE,0xFE,0x00,
 624                  0x00,0x00,0x00,0x00,0x00,0x80,0x80,0x00,0x00,0x00,0x00,0x00,0x00,0xC0,0xC0,0x00,
 625                  0x00,0x00,0x00,0x00,0x00,0xFE,0xFE,0x00,0x00,0xE0,0xE0,0x00,0x00,0x00,0x00,0x00,
 626                  0x00,0x00,0x00,0x00,0x00,0x00,0x00,0x00,0x00,0xE0,0xE0,0x00,0x00,0xF8,0xF8,0x00,
 627                  0x00,0xF8,0xF8,0x00,0x00,0x80,0x80,0x00,0x00,0xFE,0xFE,0x00,0x00,0x00,0x00,0x00,
 628                  0x00,0x00,0x00,0x00,0x00,0x00,0x00,0x00,0x00,0xC0,0xC0,0x00,0x00,0x80,0x80,0x00,
 629                  0x00,0x00,0x00,0x00,0x00,0x00,0x00,0x00,0x00,0xE0,0xE0,0x00,0x00,0xF0,0xF0,0x00,
 630                  0x00,0xF8,0xF8,0x00,0x00,0xFE,0xFE,0x00,0x00,0x00,0x00,0x00,0x00,0xF0,0xF0,0x00,
 631                  0x00,0x80,0x80,0x00,0x00,0xFE,0xFE,0x00,0x00,0xFF,0xFF,0x00,0x00,0xFF,0xFF,0x00,
 632                  0x00,0xE0,0xE0,0x00,0x00,0xFF,0xFF,0x00,0x00,0xE0,0xE0,0x00,0x00,0xFF,0xFF,0x00,
 633                  0x00,0xFF,0xFF,0x00,0x00,0xFF,0xFF,0x00,0x00,0xFF,0xFF,0x00,0x00,0xFF,0xFF,0x00,
 634                  0x00,0xC0,0xC0,0x00,0x00,0xFE,0xFE,0x00,0x00,0xFF,0xFF,0x00,0x00,0xFF,0xFF,0x00,
 635                  0x00,0xFF,0xFF,0x00,0x00,0xFF,0xFF,0x00,0x00,0xFF,0xFF,0x00,0x00,0xFE,0xFE,0x00,
 636                  0x00,0xF8,0xF8,0x00,0x00,0xC0,0xC0,0x00,0x00,0xFF,0xFF,0x00,0x00,0xFF,0xFF,0x00,
 637                  0x00,0xFE,0xFE,0x00,0x00,0xE0,0xE0,0x00,0x00,0xFF,0xFF,0x00,0x00,0xFF,0xFF,0x00,
 638                  0x00,0xFF,0xFF,0x00,0x00,0xFF,0xFF,0x00,0x00,0xFF,0xFF,0x00,0x00,0xFF,0xFF,0x00,
 639                  // 2
 640                  0x00,0xF8,0xF8,0x00,0x00,0x80,0x80,0x00,0x00,0x00,0x00,0x00,0x00,0xF0,0xF0,0x00,
 641                  0x00,0x00,0x00,0x00,0x00,0x00,0x00,0x00,0x00,0xFC,0xFC,0x00,0x00,0xF0,0xF0,0x00,
 642                  0x00,0xFE,0xFE,0x00,0x00,0xF0,0xF0,0x00,0x00,0xE0,0xE0,0x00,0x00,0x00,0x00,0x00,
 643                  0x00,0x00,0x00,0x00,0x00,0xFE,0xFE,0x00,0x00,0xF8,0xF8,0x00,0x00,0x80,0x80,0x00,
 644                  0x00,0x00,0x00,0x00,0x00,0x00,0x00,0x00,0x00,0xF0,0xF0,0x00,0x00,0xF0,0xF0,0x00,
 645                  0x00,0x00,0x00,0x00,0x00,0xE0,0xE0,0x00,0x00,0xFE,0xFE,0x00,0x00,0xC0,0xC0,0x00,
 646                  0x00,0x80,0x80,0x00,0x00,0xE0,0xE0,0x00,0x00,0xFC,0xFC,0x00,0x00,0xF0,0xF0,0x00,
 647                  0x00,0x00,0x00,0x00,0x00,0x00,0x00,0x00,0x00,0xE0,0xE0,0x00,0x00,0x00,0x00,0x00,
 648                  0x00,0xFF,0xFF,0x00,0x00,0xFF,0xFF,0x00,0x00,0xFF,0xFF,0x00,0x00,0xFF,0xFF,0x00,
 649                  0x00,0xF0,0xF0,0x00,0x00,0xFF,0xFF,0x00,0x00,0xFF,0xFF,0x00,0x00,0xFF,0xFF,0x00,
 650                  0x00,0xFF,0xFF,0x00,0x00,0xFF,0xFF,0x00,0x00,0xFF,0xFF,0x00,0x00,0xF8,0xF8,0x00,
 651                  0x00,0xFF,0xFF,0x00,0x00,0xFF,0xFF,0x00,0x00,0xFF,0xFF,0x00,0x00,0xFF,0xFF,0x00,
 652                  0x00,0xF0,0xF0,0x00,0x00,0xFF,0xFF,0x00,0x00,0xFF,0xFF,0x00,0x00,0xFF,0xFF,0x00,
 653                  0x00,0xFF,0xFF,0x00,0x00,0xFF,0xFF,0x00,0x00,0xFF,0xFF,0x00,0x00,0xFF,0xFF,0x00,
 654                  0x00,0xFF,0xFF,0x00,0x00,0xFF,0xFF,0x00,0x00,0xFF,0xFF,0x00,0x00,0xFF,0xFF,0x00,
 655                  0x00,0xFC,0xFC,0x00,0x00,0x80,0x80,0x00,0x00,0xFF,0xFF,0x00,0x00,0xE0,0xE0,0x00,
 656                  // 3
 657                  0x00,0x00,0x00,0x00,0x00,0x00,0x00,0x00,0x00,0xC0,0xC0,0x00,0x00,0xFC,0xFC,0x00,
 658                  0x00,0x00,0x00,0x00,0x00,0xF8,0xF8,0x00,0x00,0xF0,0xF0,0x00,0x00,0x80,0x80,0x00,
 659                  0x00,0xC0,0xC0,0x00,0x00,0xFE,0xFE,0x00,0x00,0x80,0x80,0x00,0x00,0xFE,0xFE,0x00,
 660                  0x00,0xE0,0xE0,0x00,0x00,0x00,0x00,0x00,0x00,0x00,0x00,0x00,0x00,0xFC,0xFC,0x00,
 661                  0x00,0xF8,0xF8,0x00,0x00,0xC0,0xC0,0x00,0x00,0xE0,0xE0,0x00,0x00,0xF0,0xF0,0x00,
 662                  0x00,0xFC,0xFC,0x00,0x00,0xFE,0xFE,0x00,0x00,0xF0,0xF0,0x00,0x00,0xC0,0xC0,0x00,
 663                  0x00,0x00,0x00,0x00,0x00,0xF8,0xF8,0x00,0x00,0x00,0x00,0x00,0x00,0x00,0x00,0x00,
 664                  0x00,0x00,0x00,0x00,0x00,0x00,0x00,0x00,0x00,0xF8,0xF8,0x00,0x00,0xFE,0xFE,0x00,
 665                  0x00,0x80,0x80,0x00,0x00,0xF8,0xF8,0x00,0x00,0xFF,0xFF,0x00,0x00,0xFF,0xFF,0x00,
 666                  0x00,0xFC,0xFC,0x00,0x00,0xFF,0xFF,0x00,0x00,0xFF,0xFF,0x00,0x00,0xFF,0xFF,0x00,
 667                  0x00,0xFF,0xFF,0x00,0x00,0xFF,0xFF,0x00,0x00,0xFF,0xFF,0x00,0x00,0xFF,0xFF,0x00,
 668                  0x00,0xFF,0xFF,0x00,0x00,0xFF,0xFF,0x00,0x00,0xFF,0xFF,0x00,0x00,0xFF,0xFF,0x00,
 669                  0x00,0xFF,0xFF,0x00,0x00,0xFF,0xFF,0x00,0x00,0xFF,0xFF,0x00,0x00,0xFF,0xFF,0x00,
 670                  0x00,0xFF,0xFF,0x00,0x00,0xFF,0xFF,0x00,0x00,0xFF,0xFF,0x00,0x00,0xFF,0xFF,0x00,
 671                  0x00,0xF8,0xF8,0x00,0x00,0xFF,0xFF,0x00,0x00,0xF8,0xF8,0x00,0x00,0xFC,0xFC,0x00,
 672                  0x00,0xE0,0xE0,0x00,0x00,0xF8,0xF8,0x00,0x00,0xFF,0xFF,0x00,0x00,0xFF,0xFF,0x00,
 673                  // 4
 674                  0x00,0x00,0x00,0x00,0x00,0xF0,0xF0,0x00,0x00,0xC0,0xC0,0x00,0x00,0x00,0x00,0x00,
C51 COMPILER V9.00   LCM_BMP_DATA                                                          07/09/2012 21:16:50 PAGE 12  

 675                  0x00,0xF8,0xF8,0x00,0x00,0xC0,0xC0,0x00,0x00,0x00,0x00,0x00,0x00,0xE0,0xE0,0x00,
 676                  0x00,0xC0,0xC0,0x00,0x00,0x00,0x00,0x00,0x00,0xE0,0xE0,0x00,0x00,0x00,0x00,0x00,
 677                  0x00,0xC0,0xC0,0x00,0x00,0xFE,0xFE,0x00,0x00,0xE0,0xE0,0x00,0x00,0xF8,0xF8,0x00,
 678                  0x00,0x80,0x80,0x00,0x00,0x00,0x00,0x00,0x00,0xE0,0xE0,0x00,0x00,0x00,0x00,0x00,
 679                  0x00,0xC0,0xC0,0x00,0x00,0xF8,0xF8,0x00,0x00,0xE0,0xE0,0x00,0x00,0x00,0x00,0x00,
 680                  0x00,0xC0,0xC0,0x00,0x00,0xE0,0xE0,0x00,0x00,0x00,0x00,0x00,0x00,0x00,0x00,0x00,
 681                  0x00,0x00,0x00,0x00,0x00,0xF0,0xF0,0x00,0x00,0xC0,0xC0,0x00,0x00,0x00,0x00,0x00,
 682                  0x00,0xE0,0xE0,0x00,0x00,0xFF,0xFF,0x00,0x00,0xFF,0xFF,0x00,0x00,0xFE,0xFE,0x00,
 683                  0x00,0xFF,0xFF,0x00,0x00,0xFF,0xFF,0x00,0x00,0xFF,0xFF,0x00,0x00,0xFF,0xFF,0x00,
 684                  0x00,0xFF,0xFF,0x00,0x00,0xFF,0xFF,0x00,0x00,0xFF,0xFF,0x00,0x00,0xFF,0xFF,0x00,
 685                  0x00,0xFF,0xFF,0x00,0x00,0xFF,0xFF,0x00,0x00,0xFF,0xFF,0x00,0x00,0xFF,0xFF,0x00,
 686                  0x00,0xFF,0xFF,0x00,0x00,0xFC,0xFC,0x00,0x00,0xFF,0xFF,0x00,0x00,0xFE,0xFE,0x00,
 687                  0x00,0xFF,0xFF,0x00,0x00,0xFF,0xFF,0x00,0x00,0xFF,0xFF,0x00,0x00,0xFE,0xFE,0x00,
 688                  0x00,0xFF,0xFF,0x00,0x00,0xFF,0xFF,0x00,0x00,0xFE,0xFE,0x00,0x00,0xE0,0xE0,0x00,
 689                  0x00,0xFF,0xFF,0x00,0x00,0xFF,0xFF,0x00,0x00,0xFF,0xFF,0x00,0x00,0xFC,0xFC,0x00,
 690                  // 5
 691                  0x00,0xC0,0xC0,0x00,0x00,0xFC,0xFC,0x00,0x00,0x00,0x00,0x00,0x00,0xF0,0xF0,0x00,
 692                  0x00,0x00,0x00,0x00,0x00,0x80,0x80,0x00,0x00,0xF0,0xF0,0x00,0x00,0x00,0x00,0x00,
 693                  0x00,0xE0,0xE0,0x00,0x00,0x00,0x00,0x00,0x00,0xF0,0xF0,0x00,0x00,0x00,0x00,0x00,
 694                  0x00,0x00,0x00,0x00,0x00,0xFC,0xFC,0x00,0x00,0xE0,0xE0,0x00,0x00,0x00,0x00,0x00,
 695                  0x00,0x00,0x00,0x00,0x00,0xF0,0xF0,0x00,0x00,0x00,0x00,0x00,0x00,0x00,0x00,0x00,
 696                  0x00,0xF0,0xF0,0x00,0x00,0x00,0x00,0x00,0x00,0xE0,0xE0,0x00,0x00,0x00,0x00,0x00,
 697                  0x00,0x00,0x00,0x00,0x00,0xF8,0xF8,0x00,0x00,0x00,0x00,0x00,0x00,0x00,0x00,0x00,
 698                  0x00,0xE0,0xE0,0x00,0x00,0xF0,0xF0,0x00,0x00,0x80,0x80,0x00,0x00,0x00,0x00,0x00,
 699                  0x00,0xFF,0xFF,0x00,0x00,0xFF,0xFF,0x00,0x00,0xF8,0xF8,0x00,0x00,0xFF,0xFF,0x00,
 700                  0x00,0xE0,0xE0,0x00,0x00,0xFF,0xFF,0x00,0x00,0xFF,0xFF,0x00,0x00,0xFE,0xFE,0x00,
 701                  0x00,0xFF,0xFF,0x00,0x00,0xFC,0xFC,0x00,0x00,0xFF,0xFF,0x00,0x00,0xF8,0xF8,0x00,
 702                  0x00,0xE0,0xE0,0x00,0x00,0xFF,0xFF,0x00,0x00,0xFF,0xFF,0x00,0x00,0xF8,0xF8,0x00,
 703                  0x00,0xFF,0xFF,0x00,0x00,0xFF,0xFF,0x00,0x00,0xF0,0xF0,0x00,0x00,0xFF,0xFF,0x00,
 704                  0x00,0xFF,0xFF,0x00,0x00,0xF0,0xF0,0x00,0x00,0xFF,0xFF,0x00,0x00,0xF0,0xF0,0x00,
 705                  0x00,0xFF,0xFF,0x00,0x00,0xFF,0xFF,0x00,0x00,0xFE,0xFE,0x00,0x00,0xF0,0xF0,0x00,
 706                  0x00,0xFF,0xFF,0x00,0x00,0xFF,0xFF,0x00,0x00,0xFF,0xFF,0x00,0x00,0xFE,0xFE,0x00,
 707                  // 6
 708                  0x00,0xF0,0xF0,0x00,0x00,0x00,0x00,0x00,0x00,0x80,0x80,0x00,0x00,0x00,0x00,0x00,
 709                  0x00,0x00,0x00,0x00,0x00,0x00,0x00,0x00,0x00,0x00,0x00,0x00,0x00,0xC0,0xC0,0x00,
 710                  0x00,0xF0,0xF0,0x00,0x00,0x00,0x00,0x00,0x00,0x00,0x00,0x00,0x00,0xF8,0xF8,0x00,
 711                  0x00,0xC0,0xC0,0x00,0x00,0x00,0x00,0x00,0x00,0x00,0x00,0x00,0x00,0x00,0x00,0x00,
 712                  0x00,0xC0,0xC0,0x00,0x00,0x00,0x00,0x00,0x00,0x00,0x00,0x00,0x00,0x00,0x00,0x00,
 713                  0x00,0x00,0x00,0x00,0x00,0x00,0x00,0x00,0x00,0x00,0x00,0x00,0x00,0xF0,0xF0,0x00,
 714                  0x00,0x80,0x80,0x00,0x00,0xF8,0xF8,0x00,0x00,0xE0,0xE0,0x00,0x00,0x80,0x80,0x00,
 715                  0x00,0x00,0x00,0x00,0x00,0x00,0x00,0x00,0x00,0x00,0x00,0x00,0x00,0x80,0x80,0x00,
 716                  0x00,0xFF,0xFF,0x00,0x00,0xFC,0xFC,0x00,0x00,0xFF,0xFF,0x00,0x00,0xC0,0xC0,0x00,
 717                  0x00,0x80,0x80,0x00,0x00,0xF8,0xF8,0x00,0x00,0xF8,0xF8,0x00,0x00,0xFF,0xFF,0x00,
 718                  0x00,0xFF,0xFF,0x00,0x00,0x80,0x80,0x00,0x00,0xFE,0xFE,0x00,0x00,0xFF,0xFF,0x00,
 719                  0x00,0xFF,0xFF,0x00,0x00,0xFC,0xFC,0x00,0x00,0xF0,0xF0,0x00,0x00,0xF0,0xF0,0x00,
 720                  0x00,0xFF,0xFF,0x00,0x00,0xC0,0xC0,0x00,0x00,0xFC,0xFC,0x00,0x00,0xF8,0xF8,0x00,
 721                  0x00,0xC0,0xC0,0x00,0x00,0xF8,0xF8,0x00,0x00,0xFE,0xFE,0x00,0x00,0xFF,0xFF,0x00,
 722                  0x00,0xFF,0xFF,0x00,0x00,0xFF,0xFF,0x00,0x00,0xFF,0xFF,0x00,0x00,0xFF,0xFF,0x00,
 723                  0x00,0xFC,0xFC,0x00,0x00,0xE0,0xE0,0x00,0x00,0xF8,0xF8,0x00,0x00,0xFF,0xFF,0x00,
 724                  // 7
 725                  0x00,0x00,0x00,0x00,0x00,0x00,0x00,0x00,0x00,0x00,0x00,0x00,0x00,0x00,0x00,0x00,
 726                  0x00,0x00,0x00,0x00,0x00,0x80,0x80,0x00,0x00,0xF8,0xF8,0x00,0x00,0xE0,0xE0,0x00,
 727                  0x00,0xF0,0xF0,0x00,0x00,0xFE,0xFE,0x00,0x00,0x80,0x80,0x00,0x00,0xF8,0xF8,0x00,
 728                  0x00,0x00,0x00,0x00,0x00,0x00,0x00,0x00,0x00,0x00,0x00,0x00,0x00,0x00,0x00,0x00,
 729                  0x00,0x00,0x00,0x00,0x00,0xF8,0xF8,0x00,0x00,0x00,0x00,0x00,0x00,0x00,0x00,0x00,
 730                  0x00,0x80,0x80,0x00,0x00,0x00,0x00,0x00,0x00,0x00,0x00,0x00,0x00,0x00,0x00,0x00,
 731                  0x00,0x00,0x00,0x00,0x00,0x00,0x00,0x00,0x00,0x00,0x00,0x00,0x00,0x00,0x00,0x00,
 732                  0x00,0xF0,0xF0,0x00,0x00,0x80,0x80,0x00,0x00,0x00,0x00,0x00,0x00,0x00,0x00,0x00,
 733                  0x00,0x80,0x80,0x00,0x00,0xFE,0xFE,0x00,0x00,0xF0,0xF0,0x00,0x00,0xC0,0xC0,0x00,
 734                  0x00,0xC0,0xC0,0x00,0x00,0xFF,0xFF,0x00,0x00,0xFF,0xFF,0x00,0x00,0xFF,0xFF,0x00,
 735                  0x00,0xFF,0xFF,0x00,0x00,0xFF,0xFF,0x00,0x00,0xFF,0xFF,0x00,0x00,0xFF,0xFF,0x00,
 736                  0x00,0xFC,0xFC,0x00,0x00,0xFF,0xFF,0x00,0x00,0xE0,0xE0,0x00,0x00,0xC0,0xC0,0x00,
C51 COMPILER V9.00   LCM_BMP_DATA                                                          07/09/2012 21:16:50 PAGE 13  

 737                  0x00,0xFC,0xFC,0x00,0x00,0xFF,0xFF,0x00,0x00,0xFE,0xFE,0x00,0x00,0xFE,0xFE,0x00,
 738                  0x00,0xFF,0xFF,0x00,0x00,0xF0,0xF0,0x00,0x00,0xFE,0xFE,0x00,0x00,0xFC,0xFC,0x00,
 739                  0x00,0xFE,0xFE,0x00,0x00,0xC0,0xC0,0x00,0x00,0xF0,0xF0,0x00,0x00,0xFF,0xFF,0x00,
 740                  0x00,0xFF,0xFF,0x00,0x00,0xFF,0xFF,0x00,0x00,0xFC,0xFC,0x00,0x00,0xFC,0xFC,0x00,
 741                  // 8
 742                  0x00,0x00,0x00,0x00,0x00,0x00,0x00,0x00,0x00,0x00,0x00,0x00,0x00,0x00,0x00,0x00,
 743                  0x00,0x00,0x00,0x00,0x00,0x80,0x80,0x00,0x00,0xF8,0xF8,0x00,0x00,0xE0,0xE0,0x00,
 744                  0x00,0xF0,0xF0,0x00,0x00,0xFE,0xFE,0x00,0x00,0x80,0x80,0x00,0x00,0xF8,0xF8,0x00,
 745                  0x00,0x00,0x00,0x00,0x00,0x00,0x00,0x00,0x00,0x00,0x00,0x00,0x00,0x00,0x00,0x00,
 746                  0x00,0x00,0x00,0x00,0x00,0xF8,0xF8,0x00,0x00,0x00,0x00,0x00,0x00,0x00,0x00,0x00,
 747                  0x00,0x80,0x80,0x00,0x00,0x00,0x00,0x00,0x00,0x00,0x00,0x00,0x00,0x00,0x00,0x00,
 748                  0x00,0x00,0x00,0x00,0x00,0x00,0x00,0x00,0x00,0x00,0x00,0x00,0x00,0x00,0x00,0x00,
 749                  0x00,0xF0,0xF0,0x00,0x00,0x80,0x80,0x00,0x00,0x00,0x00,0x00,0x00,0x00,0x00,0x00,
 750                  0x00,0x80,0x80,0x00,0x00,0xFE,0xFE,0x00,0x00,0xF0,0xF0,0x00,0x00,0xC0,0xC0,0x00,
 751                  0x00,0xC0,0xC0,0x00,0x00,0xFF,0xFF,0x00,0x00,0xFF,0xFF,0x00,0x00,0xFF,0xFF,0x00,
 752                  0x00,0xFF,0xFF,0x00,0x00,0xFF,0xFF,0x00,0x00,0xFF,0xFF,0x00,0x00,0xFF,0xFF,0x00,
 753                  0x00,0xFC,0xFC,0x00,0x00,0xFF,0xFF,0x00,0x00,0xE0,0xE0,0x00,0x00,0xC0,0xC0,0x00,
 754                  0x00,0xFC,0xFC,0x00,0x00,0xFF,0xFF,0x00,0x00,0xFE,0xFE,0x00,0x00,0xFE,0xFE,0x00,
 755                  0x00,0xFF,0xFF,0x00,0x00,0xF0,0xF0,0x00,0x00,0xFE,0xFE,0x00,0x00,0xFC,0xFC,0x00,
 756                  0x00,0xFE,0xFE,0x00,0x00,0xC0,0xC0,0x00,0x00,0xF0,0xF0,0x00,0x00,0xFF,0xFF,0x00,
 757                  0x00,0xFF,0xFF,0x00,0x00,0xFF,0xFF,0x00,0x00,0xFC,0xFC,0x00,0x00,0xFC,0xFC,0x00,
 758                  // 9
 759                  0x00,0xF8,0xF8,0x00,0x00,0xFE,0xFE,0x00,0x00,0x80,0x80,0x00,0x00,0xF8,0xF8,0x00,
 760                  0x00,0xFC,0xFC,0x00,0x00,0xE0,0xE0,0x00,0x00,0xFC,0xFC,0x00,0x00,0xF0,0xF0,0x00,
 761                  0x00,0xFE,0xFE,0x00,0x00,0xC0,0xC0,0x00,0x00,0xF8,0xF8,0x00,0x00,0x00,0x00,0x00,
 762                  0x00,0x00,0x00,0x00,0x00,0xE0,0xE0,0x00,0x00,0xF8,0xF8,0x00,0x00,0xFC,0xFC,0x00,
 763                  0x00,0x00,0x00,0x00,0x00,0xFE,0xFE,0x00,0x00,0xE0,0xE0,0x00,0x00,0xF0,0xF0,0x00,
 764                  0x00,0x00,0x00,0x00,0x00,0xE0,0xE0,0x00,0x00,0xE0,0xE0,0x00,0x00,0xC0,0xC0,0x00,
 765                  0x00,0x80,0x80,0x00,0x00,0xF0,0xF0,0x00,0x00,0x00,0x00,0x00,0x00,0xF0,0xF0,0x00,
 766                  0x00,0x00,0x00,0x00,0x00,0x00,0x00,0x00,0x00,0xE0,0xE0,0x00,0x00,0x00,0x00,0x00,
 767                  0x00,0xFF,0xFF,0x00,0x00,0xFF,0xFF,0x00,0x00,0xFF,0xFF,0x00,0x00,0xFF,0xFF,0x00,
 768                  0x00,0xFF,0xFF,0x00,0x00,0xFF,0xFF,0x00,0x00,0xFF,0xFF,0x00,0x00,0xFF,0xFF,0x00,
 769                  0x00,0xFF,0xFF,0x00,0x00,0xFF,0xFF,0x00,0x00,0xFF,0xFF,0x00,0x00,0xFF,0xFF,0x00,
 770                  0x00,0xFF,0xFF,0x00,0x00,0xFF,0xFF,0x00,0x00,0xFF,0xFF,0x00,0x00,0xFF,0xFF,0x00,
 771                  0x00,0xF0,0xF0,0x00,0x00,0xFF,0xFF,0x00,0x00,0xFF,0xFF,0x00,0x00,0xFF,0xFF,0x00,
 772                  0x00,0xFC,0xFC,0x00,0x00,0xFF,0xFF,0x00,0x00,0xFF,0xFF,0x00,0x00,0xFF,0xFF,0x00,
 773                  0x00,0xFF,0xFF,0x00,0x00,0xFF,0xFF,0x00,0x00,0xFF,0xFF,0x00,0x00,0xFF,0xFF,0x00,
 774                  0x00,0xFC,0xFC,0x00,0x00,0xE0,0xE0,0x00,0x00,0xFF,0xFF,0x00,0x00,0xE0,0xE0,0x00,
 775                  // 10
 776                  0x00,0xF8,0xF8,0x00,0x00,0x00,0x00,0x00,0x00,0xC0,0xC0,0x00,0x00,0x00,0x00,0x00,
 777                  0x00,0x00,0x00,0x00,0x00,0x80,0x80,0x00,0x00,0xF8,0xF8,0x00,0x00,0xE0,0xE0,0x00,
 778                  0x00,0xF8,0xF8,0x00,0x00,0xFE,0xFE,0x00,0x00,0x80,0x80,0x00,0x00,0xF8,0xF8,0x00,
 779                  0x00,0x00,0x00,0x00,0x00,0x00,0x00,0x00,0x00,0x00,0x00,0x00,0x00,0x00,0x00,0x00,
 780                  0x00,0x00,0x00,0x00,0x00,0xF8,0xF8,0x00,0x00,0x00,0x00,0x00,0x00,0x00,0x00,0x00,
 781                  0x00,0x80,0x80,0x00,0x00,0x00,0x00,0x00,0x00,0x00,0x00,0x00,0x00,0x00,0x00,0x00,
 782                  0x00,0xC0,0xC0,0x00,0x00,0xFC,0xFC,0x00,0x00,0xF0,0xF0,0x00,0x00,0xC0,0xC0,0x00,
 783                  0x00,0xF0,0xF0,0x00,0x00,0x80,0x80,0x00,0x00,0x00,0x00,0x00,0x00,0x00,0x00,0x00,
 784                  0x00,0xFF,0xFF,0x00,0x00,0xFC,0xFC,0x00,0x00,0xFF,0xFF,0x00,0x00,0xC0,0xC0,0x00,
 785                  0x00,0x80,0x80,0x00,0x00,0xFF,0xFF,0x00,0x00,0xFF,0xFF,0x00,0x00,0xFF,0xFF,0x00,
 786                  0x00,0xFF,0xFF,0x00,0x00,0xFF,0xFF,0x00,0x00,0xFF,0xFF,0x00,0x00,0xFF,0xFF,0x00,
 787                  0x00,0xFC,0xFC,0x00,0x00,0xF0,0xF0,0x00,0x00,0xFC,0xFC,0x00,0x00,0xC0,0xC0,0x00,
 788                  0x00,0xFC,0xFC,0x00,0x00,0xFF,0xFF,0x00,0x00,0xFE,0xFE,0x00,0x00,0xFE,0xFE,0x00,
 789                  0x00,0xFF,0xFF,0x00,0x00,0xFC,0xFC,0x00,0x00,0xE0,0xE0,0x00,0x00,0xFF,0xFF,0x00,
 790                  0x00,0xFF,0xFF,0x00,0x00,0xFF,0xFF,0x00,0x00,0xFF,0xFF,0x00,0x00,0xFF,0xFF,0x00,
 791                  0x00,0xFF,0xFF,0x00,0x00,0xFF,0xFF,0x00,0x00,0xE0,0xE0,0x00,0x00,0xFE,0xFE,0x00,
 792                  // 11
 793                  0x00,0x00,0x00,0x00,0x00,0x00,0x00,0x00,0x00,0x00,0x00,0x00,0x00,0xFE,0xFE,0x00,
 794                  0x00,0x00,0x00,0x00,0x00,0x00,0x00,0x00,0x00,0x00,0x00,0x00,0x00,0x00,0x00,0x00,
 795                  0x00,0x00,0x00,0x00,0x00,0xF0,0xF0,0x00,0x00,0x00,0x00,0x00,0x00,0x00,0x00,0x00,
 796                  0x00,0x00,0x00,0x00,0x00,0x00,0x00,0x00,0x00,0x00,0x00,0x00,0x00,0x00,0x00,0x00,
 797                  0x00,0x00,0x00,0x00,0x00,0x80,0x80,0x00,0x00,0x00,0x00,0x00,0x00,0x00,0x00,0x00,
 798                  0x00,0x00,0x00,0x00,0x00,0x80,0x80,0x00,0x00,0x00,0x00,0x00,0x00,0x00,0x00,0x00,
C51 COMPILER V9.00   LCM_BMP_DATA                                                          07/09/2012 21:16:50 PAGE 14  

 799                  0x00,0x00,0x00,0x00,0x00,0x00,0x00,0x00,0x00,0x80,0x80,0x00,0x00,0x00,0x00,0x00,
 800                  0x00,0xC0,0xC0,0x00,0x00,0x00,0x00,0x00,0x00,0x00,0x00,0x00,0x00,0x00,0x00,0x00,
 801                  0x00,0x80,0x80,0x00,0x00,0xF8,0xF8,0x00,0x00,0xC0,0xC0,0x00,0x00,0xFF,0xFF,0x00,
 802                  0x00,0xFE,0xFE,0x00,0x00,0xF0,0xF0,0x00,0x00,0x80,0x80,0x00,0x00,0xC0,0xC0,0x00,
 803                  0x00,0xF0,0xF0,0x00,0x00,0xFF,0xFF,0x00,0x00,0xF8,0xF8,0x00,0x00,0x80,0x80,0x00,
 804                  0x00,0xE0,0xE0,0x00,0x00,0xF0,0xF0,0x00,0x00,0x80,0x80,0x00,0x00,0xFE,0xFE,0x00,
 805                  0x00,0x80,0x80,0x00,0x00,0xFF,0xFF,0x00,0x00,0xF8,0xF8,0x00,0x00,0x80,0x80,0x00,
 806                  0x00,0xF8,0xF8,0x00,0x00,0xFF,0xFF,0x00,0x00,0xF0,0xF0,0x00,0x00,0xFF,0xFF,0x00,
 807                  0x00,0xF0,0xF0,0x00,0x00,0xE0,0xE0,0x00,0x00,0xFF,0xFF,0x00,0x00,0xF8,0xF8,0x00,
 808                  0x00,0xFF,0xFF,0x00,0x00,0xFE,0xFE,0x00,0x00,0xF0,0xF0,0x00,0x00,0x80,0x80,0x00,
 809                  // 12
 810                  0x00,0xF0,0xF0,0x00,0x00,0xFE,0xFE,0x00,0x00,0xF0,0xF0,0x00,0x00,0x00,0x00,0x00,
 811                  0x00,0x00,0x00,0x00,0x00,0xE0,0xE0,0x00,0x00,0x00,0x00,0x00,0x00,0x00,0x00,0x00,
 812                  0x00,0xF8,0xF8,0x00,0x00,0xFE,0xFE,0x00,0x00,0xF8,0xF8,0x00,0x00,0x00,0x00,0x00,
 813                  0x00,0x80,0x80,0x00,0x00,0xF8,0xF8,0x00,0x00,0x00,0x00,0x00,0x00,0x00,0x00,0x00,
 814                  0x00,0xF0,0xF0,0x00,0x00,0xFE,0xFE,0x00,0x00,0xF8,0xF8,0x00,0x00,0x00,0x00,0x00,
 815                  0x00,0x00,0x00,0x00,0x00,0x00,0x00,0x00,0x00,0xF0,0xF0,0x00,0x00,0xFC,0xFC,0x00,
 816                  0x00,0xC0,0xC0,0x00,0x00,0x00,0x00,0x00,0x00,0x00,0x00,0x00,0x00,0xC0,0xC0,0x00,
 817                  0x00,0xFC,0xFC,0x00,0x00,0x00,0x00,0x00,0x00,0xE0,0xE0,0x00,0x00,0x00,0x00,0x00,
 818                  0x00,0xFF,0xFF,0x00,0x00,0xFF,0xFF,0x00,0x00,0xFF,0xFF,0x00,0x00,0xFF,0xFF,0x00,
 819                  0x00,0xF0,0xF0,0x00,0x00,0xFF,0xFF,0x00,0x00,0xF0,0xF0,0x00,0x00,0xFE,0xFE,0x00,
 820                  0x00,0xFF,0xFF,0x00,0x00,0xFF,0xFF,0x00,0x00,0xFF,0xFF,0x00,0x00,0xF8,0xF8,0x00,
 821                  0x00,0xFF,0xFF,0x00,0x00,0xFF,0xFF,0x00,0x00,0xF8,0xF8,0x00,0x00,0xFF,0xFF,0x00,
 822                  0x00,0xFF,0xFF,0x00,0x00,0xFF,0xFF,0x00,0x00,0xFF,0xFF,0x00,0x00,0xFC,0xFC,0x00,
 823                  0x00,0xFF,0xFF,0x00,0x00,0xF0,0xF0,0x00,0x00,0xFF,0xFF,0x00,0x00,0xFF,0xFF,0x00,
 824                  0x00,0xFF,0xFF,0x00,0x00,0xFE,0xFE,0x00,0x00,0xFE,0xFE,0x00,0x00,0xFF,0xFF,0x00,
 825                  0x00,0xFF,0xFF,0x00,0x00,0xFF,0xFF,0x00,0x00,0xFF,0xFF,0x00,0x00,0xC0,0xC0,0x00,
 826                  // 13
 827                  0x00,0x00,0x00,0x00,0x00,0x00,0x00,0x00,0x00,0x80,0x80,0x00,0x00,0xF8,0xF8,0x00,
 828                  0x00,0xFE,0xFE,0x00,0x00,0x00,0x00,0x00,0x00,0xF0,0xF0,0x00,0x00,0x00,0x00,0x00,
 829                  0x00,0x00,0x00,0x00,0x00,0xF8,0xF8,0x00,0x00,0x00,0x00,0x00,0x00,0xF8,0xF8,0x00,
 830                  0x00,0x00,0x00,0x00,0x00,0xE0,0xE0,0x00,0x00,0x00,0x00,0x00,0x00,0x00,0x00,0x00,
 831                  0x00,0xE0,0xE0,0x00,0x00,0xC0,0xC0,0x00,0x00,0x00,0x00,0x00,0x00,0x00,0x00,0x00,
 832                  0x00,0x00,0x00,0x00,0x00,0xE0,0xE0,0x00,0x00,0x00,0x00,0x00,0x00,0x80,0x80,0x00,
 833                  0x00,0x00,0x00,0x00,0x00,0x00,0x00,0x00,0x00,0xC0,0xC0,0x00,0x00,0x00,0x00,0x00,
 834                  0x00,0xF0,0xF0,0x00,0x00,0x00,0x00,0x00,0x00,0x00,0x00,0x00,0x00,0x00,0x00,0x00,
 835                  0x00,0xFC,0xFC,0x00,0x00,0xF0,0xF0,0x00,0x00,0xFF,0xFF,0x00,0x00,0xFF,0xFF,0x00,
 836                  0x00,0xFF,0xFF,0x00,0x00,0xFE,0xFE,0x00,0x00,0xFF,0xFF,0x00,0x00,0xE0,0xE0,0x00,
 837                  0x00,0xFF,0xFF,0x00,0x00,0xFF,0xFF,0x00,0x00,0xFC,0xFC,0x00,0x00,0xFF,0xFF,0x00,
 838                  0x00,0xFE,0xFE,0x00,0x00,0xFF,0xFF,0x00,0x00,0xE0,0xE0,0x00,0x00,0xFF,0xFF,0x00,
 839                  0x00,0xFF,0xFF,0x00,0x00,0xFF,0xFF,0x00,0x00,0xFC,0xFC,0x00,0x00,0xC0,0xC0,0x00,
 840                  0x00,0xFE,0xFE,0x00,0x00,0xFF,0xFF,0x00,0x00,0xF8,0xF8,0x00,0x00,0xFF,0xFF,0x00,
 841                  0x00,0xFC,0xFC,0x00,0x00,0xF0,0xF0,0x00,0x00,0xFF,0xFF,0x00,0x00,0xFC,0xFC,0x00,
 842                  0x00,0xFF,0xFF,0x00,0x00,0xFF,0xFF,0x00,0x00,0xF0,0xF0,0x00,0x00,0xF0,0xF0,0x00,
 843                  // 14
 844                  0x00,0x00,0x00,0x00,0x00,0x80,0x80,0x00,0x00,0x00,0x00,0x00,0x00,0x00,0x00,0x00,
 845                  0x00,0x00,0x00,0x00,0x00,0x00,0x00,0x00,0x00,0x00,0x00,0x00,0x00,0xE0,0xE0,0x00,
 846                  0x00,0xFC,0xFC,0x00,0x00,0x80,0x80,0x00,0x00,0x00,0x00,0x00,0x00,0x00,0x00,0x00,
 847                  0x00,0x00,0x00,0x00,0x00,0xC0,0xC0,0x00,0x00,0x00,0x00,0x00,0x00,0x00,0x00,0x00,
 848                  0x00,0x00,0x00,0x00,0x00,0x00,0x00,0x00,0x00,0x00,0x00,0x00,0x00,0x80,0x80,0x00,
 849                  0x00,0x00,0x00,0x00,0x00,0x00,0x00,0x00,0x00,0x00,0x00,0x00,0x00,0x00,0x00,0x00,
 850                  0x00,0x00,0x00,0x00,0x00,0x00,0x00,0x00,0x00,0x00,0x00,0x00,0x00,0x00,0x00,0x00,
 851                  0x00,0x00,0x00,0x00,0x00,0x00,0x00,0x00,0x00,0x00,0x00,0x00,0x00,0x00,0x00,0x00,
 852                  0x00,0xE0,0xE0,0x00,0x00,0xFF,0xFF,0x00,0x00,0xFC,0xFC,0x00,0x00,0xC0,0xC0,0x00,
 853                  0x00,0x80,0x80,0x00,0x00,0xE0,0xE0,0x00,0x00,0xFC,0xFC,0x00,0x00,0xFF,0xFF,0x00,
 854                  0x00,0xFF,0xFF,0x00,0x00,0xFF,0xFF,0x00,0x00,0xF8,0xF8,0x00,0x00,0xE0,0xE0,0x00,
 855                  0x00,0xF0,0xF0,0x00,0x00,0xFF,0xFF,0x00,0x00,0xF8,0xF8,0x00,0x00,0x80,0x80,0x00,
 856                  0x00,0xF0,0xF0,0x00,0x00,0xFC,0xFC,0x00,0x00,0xC0,0xC0,0x00,0x00,0xFF,0xFF,0x00,
 857                  0x00,0xF8,0xF8,0x00,0x00,0xE0,0xE0,0x00,0x00,0x80,0x80,0x00,0x00,0xE0,0xE0,0x00,
 858                  0x00,0x80,0x80,0x00,0x00,0xF0,0xF0,0x00,0x00,0xFE,0xFE,0x00,0x00,0xE0,0xE0,0x00,
 859                  0x00,0xF0,0xF0,0x00,0x00,0x80,0x80,0x00,0x00,0xFF,0xFF,0x00,0x00,0xF0,0xF0,0x00,
 860          };
C51 COMPILER V9.00   LCM_BMP_DATA                                                          07/09/2012 21:16:50 PAGE 15  

 861          
 862          code U8 PlayPauseIcon10x16[]=
 863          {
 864                  // Play
 865                  0xFC,0x04,0xF4,0xF4,0xE4,0xE4,0xC4,0xC4,0x84,0x04,0xFC,0x1F,0x10,0x17,0x17,0x13,
 866                  0x13,0x11,0x11,0x10,0x10,0x1F,
 867                  // Pause
 868                  0xFC,0x04,0x04,0xE4,0xE4,0x04,0xE4,0xE4,0x04,0x04,0xFC,0x1F,0x10,0x10,0x13,0x13,
 869                  0x10,0x13,0x13,0x10,0x10,0x1F,
 870          };
 871          
 872          code U8 Select16x16[]=
 873          {
 874                  0x00,0xFC,0x04,0x04,0x04,0x04,0x04,0x04,0x04,0x04,0x04,0x04,0x04,0xFC,0x00,0x00,
 875                  0x00,0x7F,0x40,0x40,0x40,0x40,0x40,0x40,0x40,0x40,0x40,0x40,0x40,0x7F,0x00,0x00,
 876                  0x00,0xFC,0x04,0x04,0x84,0xC4,0xE4,0xF4,0xE4,0xC4,0x84,0x04,0x04,0xFC,0x00,0x00,
 877                  0x00,0x7F,0x40,0x41,0x43,0x47,0x4F,0x5F,0x4F,0x47,0x43,0x41,0x40,0x7F,0x00,0x00,
 878          };
 879          
 880          code U8 AlarmIcon16x16[]=
 881          {
 882                  0x00,0x80,0x88,0xD8,0x58,0x38,0x1C,0x0B,0x07,0x87,0xC7,0xFD,0xFC,0xFC,0x9C,0xDE,
 883                  0x0F,0x1A,0x36,0x2E,0x5E,0x64,0xBC,0xB8,0xFB,0xF3,0x81,0x7F,0x03,0x0B,0x0F,0x0F,
 884          };


MODULE INFORMATION:   STATIC OVERLAYABLE
   CODE SIZE        =   ----    ----
   CONSTANT SIZE    =  10776    ----
   XDATA SIZE       =   ----    ----
   PDATA SIZE       =   ----    ----
   DATA SIZE        =   ----    ----
   IDATA SIZE       =   ----    ----
   BIT SIZE         =   ----    ----
END OF MODULE INFORMATION.


C51 COMPILATION COMPLETE.  0 WARNING(S),  0 ERROR(S)
