C51 COMPILER V9.00   RAM_CLEAR                                                             07/09/2012 21:16:51 PAGE 1   


C51 COMPILER V9.00, COMPILATION OF MODULE RAM_CLEAR
NO OBJECT MODULE REQUESTED
COMPILER INVOKED BY: C:\Keil\C51\BIN\C51.EXE MAIN\RAM_clear.c LARGE OPTIMIZE(9,SIZE) BROWSE NOAREGS INCDIR(..\libsource\
                    -header) DEFINE(K_ICTYPE=0x03) DEBUG OBJECTEXTEND PRINT(.\lst\RAM_clear.lst) SRC(.\obj\RAM_clear.SRC)

line level    source

   1          #include "..\header\SPDA2K.h"
   2          
   3          
   4          void InitSystemRAM(void)
   5          {
   6   1              // Clear System RAM(0x7000~0x7FFF)
   7   1      #pragma asm
   8   1                      mov             dptr,#7000h
   9   1      ?loop:  movx    @dptr,a
  10   1                      inc             dptr
  11   1                      mov             r0,dph
  12   1                      cjne    r0,#80h,?loop
  13   1      #pragma endasm
  14   1      }
  15          
  16          void InitCPURAM(void)
  17          {
  18   1              // Clear 8051 RAM(20h~8Fh)
  19   1      #pragma asm
  20   1                      clr             a
  21   1                      mov             r0,#20h
  22   1      ?loop1: mov             @r0,a
  23   1                      inc             r0
  24   1                      cjne    r0,#90h,?loop1
  25   1      #pragma endasm
  26   1      }


MODULE INFORMATION:   STATIC OVERLAYABLE
   CODE SIZE        =     32    ----
   CONSTANT SIZE    =   ----    ----
   XDATA SIZE       =   ----    ----
   PDATA SIZE       =   ----    ----
   DATA SIZE        =   ----    ----
   IDATA SIZE       =   ----    ----
   BIT SIZE         =   ----    ----
END OF MODULE INFORMATION.


C51 COMPILATION COMPLETE.  0 WARNING(S),  0 ERROR(S)
