C51 COMPILER V9.00   RTC                                                                   07/09/2012 21:16:53 PAGE 1   


C51 COMPILER V9.00, COMPILATION OF MODULE RTC
OBJECT MODULE PLACED IN .\obj\RTC.obj
COMPILER INVOKED BY: C:\Keil\C51\BIN\C51.EXE RTC\RTC.c LARGE OPTIMIZE(9,SIZE) BROWSE NOAREGS INCDIR(..\libsource\header)
                    - DEFINE(K_ICTYPE=0x03) DEBUG OBJECTEXTEND PRINT(.\lst\RTC.lst) OBJECT(.\obj\RTC.obj)

line level    source

   1          #include "..\header\SPDA2K.h"
   2          
   3          
   4          void RTC_Write(U8 address,U8 x)
   5          {
   6   1              XBYTE[0xB068]=address;
   7   1              XBYTE[0xB069]=x;
   8   1              XBYTE[0xB067]=1; // trigger write
   9   1              while((XBYTE[0xB06B]&0x01)==0);
  10   1      }
  11          
  12          
  13          U8 RTC_Read(U8 address)
  14          {
  15   1              XBYTE[0xB068]=address;
  16   1              XBYTE[0xB067]=2; // trigger read
  17   1              while((XBYTE[0xB06B]&0x01)==0);
  18   1              return XBYTE[0xB06A];
  19   1      }
  20          
  21          
  22          void RTC_DisableInterrupt(void)
  23          {
  24   1              XBYTE[0xB0D0]&=~0x08;
  25   1              RTC_Write(0xD0,0); // disable rtc second and alarm interrupt
  26   1              RTC_Write(0xC0,0); // clear rtc second and alarm interrupt event
  27   1      }
  28          
  29          
  30          void RTC_EnableInterrupt(void)
  31          {
  32   1              XBYTE[0xB0D0]|=0x08;
  33   1              RTC_Write(0xD0,1); // Enable RTC second interrupt
  34   1              RTC_Write(0xC0,0); // clear rtc second and alarm interrupt event
  35   1      }


MODULE INFORMATION:   STATIC OVERLAYABLE
   CODE SIZE        =     85    ----
   CONSTANT SIZE    =   ----    ----
   XDATA SIZE       =   ----    ----
   PDATA SIZE       =   ----    ----
   DATA SIZE        =   ----    ----
   IDATA SIZE       =   ----    ----
   BIT SIZE         =   ----    ----
END OF MODULE INFORMATION.


C51 COMPILATION COMPLETE.  0 WARNING(S),  0 ERROR(S)
