C51 COMPILER V9.00   SETBACKLIGHT                                                          07/09/2012 21:16:54 PAGE 1   


C51 COMPILER V9.00, COMPILATION OF MODULE SETBACKLIGHT
OBJECT MODULE PLACED IN .\obj\SetBacklight.obj
COMPILER INVOKED BY: C:\Keil\C51\BIN\C51.EXE Setup\SetBacklight.c LARGE OPTIMIZE(9,SIZE) BROWSE NOAREGS INCDIR(..\libsou
                    -rce\header) DEFINE(K_ICTYPE=0x03) DEBUG OBJECTEXTEND PRINT(.\lst\SetBacklight.lst) OBJECT(.\obj\SetBacklight.obj)

line level    source

   1          #include "..\Header\SPDA2K.h"
   2          #include "..\header\variables.h"
   3          
   4          
   5          void SetBacklight(void)
   6          {
   7   1              data    bit     tb_Show=1;
   8   1      
   9   1              LCM_Clear_L0_L7();
  10   1              gc_MenuTimer=6;
  11   1              if(gc_LCMBacklightTime==0xFE)
  12   1              {
  13   2                      gc_LCMBacklightTime=0;
  14   2              }
  15   1      
  16   1              while(1)
  17   1              {
  18   2                      Key_Detect();
  19   2                      if(gc_KeyEvent!=0)
  20   2                      {
  21   3                              gc_MenuTimer=6;
  22   3                              if(gc_KeyEvent==4)      // Prev
  23   3                              {
  24   4                                      if(gc_LCMBacklightTime!=0)
  25   4                                      {
  26   5                                              gc_LCMBacklightTime-=1;
  27   5                                              tb_Show=1;
  28   5                                      }
  29   4                              }
  30   3                              else if(gc_KeyEvent==3) // Next
  31   3                              {
  32   4                                      if(gc_LCMBacklightTime!=30)
  33   4                                      {
  34   5                                              gc_LCMBacklightTime+=1;
  35   5                                              tb_Show=1;
  36   5                                      }                       
  37   4                              }
  38   3                              else if(gc_KeyEvent==6) // M
  39   3                              {
  40   4                                      if(gc_LCMBacklightTime==0)
  41   4                                      {
  42   5                                              gc_LCMBacklightTime=0xFE;
  43   5                                      }
  44   4                                      gc_LCMBacklightTimer=gc_LCMBacklightTime;
  45   4                                      USER_LogFile_ReadWrite(1);
  46   4                                      gc_Task_Current=C_Task_Setup;
  47   4                                      break;
  48   4                              }
  49   3                              else if(gc_KeyEvent==0x16)      // L-M(Abort)
  50   3                              {
  51   4                                      gc_MenuTimer=0;
  52   4                              }
  53   3                      }
  54   2      
C51 COMPILER V9.00   SETBACKLIGHT                                                          07/09/2012 21:16:54 PAGE 2   

  55   2                      if(tb_Show==1)
  56   2                      {
  57   3                              tb_Show=0;
  58   3                              LCM_ShowBacklightTime();
  59   3                      }
  60   2      
  61   2                      if(gc_MenuTimer==0)
  62   2                      {
  63   3                              gc_Task_Current=C_Task_Idle;
  64   3                              gc_LCM_line=0;
  65   3                              gb_LCM_InverseDisp=0;
  66   3                              break;
  67   3                      }
  68   2              }
  69   1      }


MODULE INFORMATION:   STATIC OVERLAYABLE
   CODE SIZE        =    129    ----
   CONSTANT SIZE    =   ----    ----
   XDATA SIZE       =   ----    ----
   PDATA SIZE       =   ----    ----
   DATA SIZE        =   ----    ----
   IDATA SIZE       =   ----    ----
   BIT SIZE         =   ----       1
END OF MODULE INFORMATION.


C51 COMPILATION COMPLETE.  0 WARNING(S),  0 ERROR(S)
