C51 COMPILER V9.00   SETOFFTIMER                                                           07/09/2012 21:16:54 PAGE 1   


C51 COMPILER V9.00, COMPILATION OF MODULE SETOFFTIMER
OBJECT MODULE PLACED IN .\obj\SetOFFTimer.obj
COMPILER INVOKED BY: C:\Keil\C51\BIN\C51.EXE Setup\SetOFFTimer.c LARGE OPTIMIZE(9,SIZE) BROWSE NOAREGS INCDIR(..\libsour
                    -ce\header) DEFINE(K_ICTYPE=0x03) DEBUG OBJECTEXTEND PRINT(.\lst\SetOFFTimer.lst) OBJECT(.\obj\SetOFFTimer.obj)

line level    source

   1          #include "..\Header\SPDA2K.h"
   2          #include "..\header\variables.h"
   3          
   4          void SetOFFTimer(void)
   5          {
   6   1      
   7   1              
   8   1      }


MODULE INFORMATION:   STATIC OVERLAYABLE
   CODE SIZE        =      1    ----
   CONSTANT SIZE    =   ----    ----
   XDATA SIZE       =   ----    ----
   PDATA SIZE       =   ----    ----
   DATA SIZE        =   ----    ----
   IDATA SIZE       =   ----    ----
   BIT SIZE         =   ----    ----
END OF MODULE INFORMATION.


C51 COMPILATION COMPLETE.  0 WARNING(S),  0 ERROR(S)
