C51 COMPILER V7.10   LCM_INIT                                                              03/02/2011 09:16:20 PAGE 1   


C51 COMPILER V7.10, COMPILATION OF MODULE LCM_INIT
OBJECT MODULE PLACED IN .\obj\LCM_init.obj
COMPILER INVOKED BY: F:\Keil C 7.10\chengxu\C51\BIN\C51.EXE LCM\LCM_init.c LARGE OPTIMIZE(9,SIZE) BROWSE NOAREGS INCDIR(
                    -..\libsource\header) DEFINE(K_ICTYPE=0x03) DEBUG OBJECTEXTEND PRINT(.\lst\LCM_init.lst) OBJECT(.\obj\LCM_init.obj)

line level    source

   1          #include "SPDA2K.h"
   2          #include "dos\fs_struct.h"
   3          #include "Memalloc.h"
   4          #include "..\LCM\model_define.h"
   5          #include "..\LCM\LCM.h"
   6          #include "..\LCM\LCM_func.h"
   7          
   8          
   9          void TFT_init(void);
  10          
  11          #ifdef LD5414C
              #include "..\LCM\LD5414\LD5414_init.c"
              #elif defined S6D0134
              #include "..\LCM\S6D0134\S6D0134_init.c"
              #elif defined S6D0133
              #include "..\LCM\S6D0133\S6D0133_init.c"
              #elif defined CS1783
              #include "..\LCM\CS1783_18H\CS1783_init.c"      
              #elif defined SL9163
              #include "..\LCM\SL9163\SL9163_init.c"
              #elif defined SL8210
              #include "..\LCM\SL8210\SL8210_init.c"  
              #elif defined LZ7669
              #include "..\LCM\LZ7669\LZ7669_init.c"
              #elif defined S6B33B9
              #include "..\LCM\S6B33B9\S6B33B9_init.c"
              #elif defined ST7735R
              #include "..\LCM\ST7735R\ST7735R_init.c"
              #elif defined HD66766
  30          #include "..\LCM\HD66766\HD66766_init.c"
*** WARNING C280 IN LINE 91 OF LCM\..\LCM\HD66766\HD66766_INIT.C: 'Contrast': unreferenced local variable
  31          #elif defined HD66773R
              #include "..\LCM\HD66773R\HD66773R_init.c"
              #elif defined S6B33B9_New
              #include "..\LCM\S6B33B9_New\S6B33B9_New_init.c"
              #elif defined S6B33BC
              #include "..\LCM\S6B33BC\S6B33BC_init.c"
              #elif defined S6B33BF
              #include "..\LCM\S6B33BF\S6B33BF_init.c"
              #endif
  40          


MODULE INFORMATION:   STATIC OVERLAYABLE
   CODE SIZE        =    284    ----
   CONSTANT SIZE    =   ----    ----
   XDATA SIZE       =   ----       1
   PDATA SIZE       =   ----    ----
   DATA SIZE        =   ----       1
   IDATA SIZE       =   ----    ----
   BIT SIZE         =   ----    ----
END OF MODULE INFORMATION.


C51 COMPILATION COMPLETE.  1 WARNING(S),  0 ERROR(S)
