C51 COMPILER V9.00   LCM_INIT                                                              07/10/2012 15:51:58 PAGE 1   


C51 COMPILER V9.00, COMPILATION OF MODULE LCM_INIT
OBJECT MODULE PLACED IN .\obj\LCM_init.obj
COMPILER INVOKED BY: C:\Keil\C51\BIN\C51.EXE LCM\LCM_init.c LARGE OPTIMIZE(9,SIZE) BROWSE NOAREGS INCDIR(..\libsource\he
                    -ader) DEFINE(K_ICTYPE=0x03) DEBUG OBJECTEXTEND PRINT(.\lst\LCM_init.lst) OBJECT(.\obj\LCM_init.obj)

line level    source

   1          #include "SPDA2K.h"
   2          #include "dos\fs_struct.h"
   3          #include "Memalloc.h"
   4          #include "..\LCM\model_define.h"
   5          #include "..\LCM\LCM.h"
   6          #include "..\LCM\LCM_func.h"
   7          
   8          
   9          void TFT_init(void);
  10          
  11          #ifdef LD5414C
              #include "..\LCM\LD5414\LD5414_init.c"  
              #elif defined SL9163
              
              #include "..\LCM\SL9163\SL9163_init.c"
              #elif defined S6D0134
              #include "..\LCM\S6D0134\S6D0134_init.c"
              #elif defined TM7735
  19          #include "..\LCM\TM7735\TM7735_init.c"
*** WARNING C280 IN LINE 4 OF LCM\..\LCM\TM7735\TM7735_INIT.C: 'i': unreferenced local variable
  20          
  21          #elif defined SL8210
              #include "..\LCM\SL8210\SL8210_init.c"          
              #endif
  24          


MODULE INFORMATION:   STATIC OVERLAYABLE
   CODE SIZE        =    477    ----
   CONSTANT SIZE    =   ----    ----
   XDATA SIZE       =   ----    ----
   PDATA SIZE       =   ----    ----
   DATA SIZE        =   ----       2
   IDATA SIZE       =   ----    ----
   BIT SIZE         =   ----    ----
END OF MODULE INFORMATION.


C51 COMPILATION COMPLETE.  1 WARNING(S),  0 ERROR(S)
