A51 MACRO ASSEMBLER  LIB                                                                  07/10/2012 15:51:43 PAGE     1


MACRO ASSEMBLER A51 V8.01
OBJECT MODULE PLACED IN .\obj\lib.obj
ASSEMBLER INVOKED BY: C:\Keil\C51\BIN\A51.EXE ..\libsource\ASM\lib.a51 SET(LARGE) DEBUG PRINT(.\lst\lib.lst) OBJECT(.\ob
                      j\lib.obj) EP

LOC  OBJ            LINE     SOURCE

  9000                 1     LibBase     CODE   09000H        ; Base address for Library Entries in BOOT
                       2     ; Entry table for library functions
----                   3     CSEG AT LibBase
                       4     PUBLIC ?C?COPY
                       5     PUBLIC ?C?CLDPTR
                       6     PUBLIC ?C?CLDOPTR
                       7     PUBLIC ?C?CILDPTR
                       8     PUBLIC ?C?CILDOPTR
                       9     PUBLIC ?C?CSTPTR
                      10     PUBLIC ?C?CSTOPTR
                      11     PUBLIC ?C?IMUL
                      12     PUBLIC ?C?UIDIV
                      13     PUBLIC ?C?IILDX
                      14     PUBLIC ?C?ILDIX
                      15     PUBLIC ?C?ILDPTR
                      16     PUBLIC ?C?ILDOPTR
                      17     PUBLIC ?C?IILDPTR
                      18     PUBLIC ?C?IILDOPTR
                      19     PUBLIC ?C?ISTPTR
                      20     PUBLIC ?C?ISTOPTR
                      21     PUBLIC ?C?LADD
                      22     PUBLIC ?C?LSUB
                      23     PUBLIC ?C?LMUL
                      24     PUBLIC ?C?ULDIV
                      25     PUBLIC ?C?LAND
                      26     PUBLIC ?C?LOR
                      27     PUBLIC ?C?SLCMP
                      28     PUBLIC ?C?ULCMP
                      29     PUBLIC ?C?ULSHR
                      30     PUBLIC ?C?SLSHR
                      31     PUBLIC ?C?LSHL
                      32     PUBLIC ?C?LLDPTR
                      33     PUBLIC ?C?LLDOPTR
                      34     PUBLIC ?C?LSTPTR
                      35     PUBLIC ?C?LSTOPTR
                      36     PUBLIC ?C?LLDIDATA
                      37     PUBLIC ?C?LLDXDATA
                      38     PUBLIC ?C?LLDXDATA0
                      39     PUBLIC ?C?LLDIXDATA
                      40     PUBLIC ?C?LLDIXDATA1
                      41     PUBLIC ?C?LLDIXDATA8
                      42     PUBLIC ?C?LILDXDATA
                      43     PUBLIC ?C?LILDXDATA1
                      44     PUBLIC ?C?LILDXDATA8
                      45     PUBLIC ?C?LSTIDATA
                      46     PUBLIC ?C?LSTXDATA
                      47     PUBLIC ?C?LSTKIDATA
                      48     PUBLIC ?C?LSTKXDATA
                      49     PUBLIC ?C?LSTKOPTR
                      50     PUBLIC ?C?OFFXADD
                      51     PUBLIC ?C?PLDXDATA
                      52     PUBLIC ?C?PLDIXDATA
                      53     PUBLIC ?C?PSTXDATA
                      54     PUBLIC ?C?PLDCODE
                      55     PUBLIC ?C?PLDOPTR
                      56     PUBLIC ?C?PSTOPTR
                      57     PUBLIC ?C?CCASE
A51 MACRO ASSEMBLER  LIB                                                                  07/10/2012 15:51:43 PAGE     2

                      58     PUBLIC ?C?MEMCMP
                      59     PUBLIC ?C?MEMSET
                      60     PUBLIC ?C?LLDPDATA
                      61     PUBLIC ?C?LLDCODE
                      62     PUBLIC ?C?LSTPDATA
                      63     PUBLIC ?C?LSTKPDATA
                      64     PUBLIC ?C?PLDIDATA
                      65     PUBLIC ?C?PSTIDATA
                      66     PUBLIC ?C?PLDPDATA
                      67     PUBLIC ?C?PSTPDATA
                      68     
                      69     
                      70     ;?C?COPY                CODE LibBase+3*0
                      71     ;?C?CLDPTR      CODE LibBase+3*1
                      72     ;?C?CLDOPTR     CODE LibBase+3*2
                      73     ;?C?CILDPTR     CODE LibBase+3*3
                      74     ;?C?CILDOPTR    CODE LibBase+3*4
                      75     ;?C?CSTPTR      CODE LibBase+3*5
                      76     ;?C?CSTOPTR     CODE LibBase+3*6
                      77     ;?C?IMUL                CODE LibBase+3*7
                      78     ;?C?UIDIV       CODE LibBase+3*8
                      79     ;?C?IILDX       CODE LibBase+3*9
                      80     ;?C?ILDIX       CODE LibBase+3*10
                      81     ;?C?ILDPTR      CODE LibBase+3*11
                      82     ;?C?ILDOPTR     CODE LibBase+3*12
                      83     ;?C?IILDPTR     CODE LibBase+3*13
                      84     ;?C?IILDOPTR    CODE LibBase+3*14
                      85     ;?C?ISTPTR      CODE LibBase+3*15
                      86     ;?C?ISTOPTR     CODE LibBase+3*16
                      87     ;?C?LADD                CODE LibBase+3*17
                      88     ;?C?LSUB                CODE LibBase+3*18
                      89     ;?C?LMUL                CODE LibBase+3*19
                      90     ;?C?ULDIV       CODE LibBase+3*20
                      91     ;?C?SLDIV       CODE LibBase+3*21
                      92     ;?C?LAND                CODE LibBase+3*22
                      93     ;?C?LOR         CODE LibBase+3*23
                      94     ;?C?SLCMP       CODE LibBase+3*24
                      95     ;?C?ULCMP       CODE LibBase+3*25
                      96     ;?C?ULSHR       CODE LibBase+3*26
                      97     ;?C?SLSHR       CODE LibBase+3*27
                      98     ;?C?LSHL                CODE LibBase+3*28
                      99     ;?C?LLDPTR      CODE LibBase+3*29
                     100     ;?C?LLDOPTR     CODE LibBase+3*30
                     101     ;?C?LSTPTR      CODE LibBase+3*31
                     102     ;?C?LSTOPTR     CODE LibBase+3*32
                     103     ;?C?LLDIDATA    CODE LibBase+3*33
                     104     ;?C?LLDXDATA    CODE LibBase+3*34
                     105     ;?C?LLDXDATA0   CODE LibBase+3*35
                     106     ;?C?LLDIXDATA   CODE LibBase+3*36
                     107     ;?C?LLDIXDATA1  CODE LibBase+3*37
                     108     ;?C?LLDIXDATA8  CODE LibBase+3*38
                     109     ;?C?LILDXDATA   CODE LibBase+3*39
                     110     ;?C?LILDXDATA1  CODE LibBase+3*40
                     111     ;?C?LILDXDATA8  CODE LibBase+3*41
                     112     ;?C?LSTIDATA    CODE LibBase+3*42
                     113     ;?C?LSTXDATA    CODE LibBase+3*43
                     114     ;?C?LSTKIDATA   CODE LibBase+3*44
                     115     ;?C?LSTKXDATA   CODE LibBase+3*45
                     116     ;?C?LSTKOPTR    CODE LibBase+3*46
                     117     ;?C?OFFXADD     CODE LibBase+3*47
                     118     ;?C?PLDXDATA    CODE LibBase+3*48
                     119     ;?C?PLDIXDATA   CODE LibBase+3*49
                     120     ;?C?PSTXDATA    CODE LibBase+3*50
                     121     ;?C?PLDCODE     CODE LibBase+3*51
                     122     ;?C?PLDOPTR     CODE LibBase+3*52
                     123     ;?C?PSTOPTR     CODE LibBase+3*53
A51 MACRO ASSEMBLER  LIB                                                                  07/10/2012 15:51:43 PAGE     3

                     124     ;?C?CCASE       CODE LibBase+3*54
                     125     ;?C?MEMCMP      CODE LibBase+3*55
                     126     ;?C?MEMSET      CODE LibBase+3*56
                     127     ;?C?LLDPDATA    CODE LibBase+3*57
                     128     ;?C?LLDCODE     CODE LibBase+3*58
                     129     ;?C?LSTPDATA    CODE LibBase+3*59
                     130     ;?C?LSTKPDATA   CODE LibBase+3*60
                     131     ;?C?PLDIDATA    CODE LibBase+3*61
                     132     ;?C?PSTIDATA    CODE LibBase+3*62
                     133     ;?C?PLDPDATA    CODE LibBase+3*63
                     134     ;?C?PSTPDATA    CODE LibBase+3*64
                     135     
                     136     
  90D0               137     ?C?COPY         CODE 090D0H
  90F6               138     ?C?CLDPTR       CODE 090F6H
  910F               139     ?C?CLDOPTR      CODE 0910FH
  913C               140     ?C?CILDPTR      CODE 0913CH
  915E               141     ?C?CILDOPTR     CODE 0915EH
  9191               142     ?C?CSTPTR       CODE 09191H
  91A3               143     ?C?CSTOPTR      CODE 091A3H
  91C5               144     ?C?IMUL         CODE 091C5H
  91D7               145     ?C?UIDIV        CODE 091D7H
  922C               146     ?C?IILDX        CODE 0922CH
  9242               147     ?C?ILDIX        CODE 09242H
  9258               148     ?C?ILDPTR       CODE 09258H
  9283               149     ?C?ILDOPTR      CODE 09283H
  92BB               150     ?C?IILDPTR      CODE 092BBH
  92F3               151     ?C?IILDOPTR     CODE 092F3H
  9340               152     ?C?ISTPTR       CODE 09340H
  935F               153     ?C?ISTOPTR      CODE 0935FH
  938C               154     ?C?LADD         CODE 0938CH
  9399               155     ?C?LSUB         CODE 09399H
  93A7               156     ?C?LMUL         CODE 093A7H
  9432               157     ?C?ULDIV        CODE 09432H
  94C4               158     ?C?LAND         CODE 094C4H
  94D1               159     ?C?LOR          CODE 094D1H
  94DE               160     ?C?SLCMP        CODE 094DEH
  94F4               161     ?C?ULCMP        CODE 094F4H
  9505               162     ?C?ULSHR        CODE 09505H
  9518               163     ?C?SLSHR        CODE 09518H
  952C               164     ?C?LSHL         CODE 0952CH
  953F               165     ?C?LLDPTR       CODE 0953FH
  955F               166     ?C?LLDOPTR      CODE 0955FH
  958F               167     ?C?LSTPTR       CODE 0958FH
  95A9               168     ?C?LSTOPTR      CODE 095A9H
  95CD               169     ?C?LLDIDATA     CODE 095CDH
  95D9               170     ?C?LLDXDATA     CODE 095D9H
  95E5               171     ?C?LLDPDATA     CODE 095E5H
  95F1               172     ?C?LLDCODE      CODE 095F1H
  9601               173     ?C?LLDXDATA0    CODE 09601H
  9616               174     ?C?LLDIXDATA    CODE 09616H
  960D               175     ?C?LLDIXDATA1   CODE 0960DH
  960F               176     ?C?LLDIXDATA8   CODE 0960FH
  964B               177     ?C?LILDXDATA    CODE 0964BH
  9642               178     ?C?LILDXDATA1   CODE 09642H
  9644               179     ?C?LILDXDATA8   CODE 09644H
  9677               180     ?C?LSTIDATA     CODE 09677H
  9683               181     ?C?LSTXDATA     CODE 09683H
  968F               182     ?C?LSTPDATA     CODE 0968FH
  969B               183     ?C?LSTKIDATA    CODE 0969BH
  96B4               184     ?C?LSTKXDATA    CODE 096B4H
  96E5               185     ?C?LSTKPDATA    CODE 096E5H
  96FE               186     ?C?LSTKOPTR     CODE 096FEH
  9722               187     ?C?OFFXADD      CODE 09722H
  972E               188     ?C?PLDIDATA     CODE 0972EH
  9737               189     ?C?PSTIDATA     CODE 09737H
A51 MACRO ASSEMBLER  LIB                                                                  07/10/2012 15:51:43 PAGE     4

  9740               190     ?C?PLDXDATA     CODE 09740H
  9749               191     ?C?PLDIXDATA    CODE 09749H
  9760               192     ?C?PSTXDATA     CODE 09760H
  9769               193     ?C?PLDPDATA     CODE 09769H
  9772               194     ?C?PSTPDATA     CODE 09772H
  977B               195     ?C?PLDCODE      CODE 0977BH
  9787               196     ?C?PLDOPTR      CODE 09787H
  97B7               197     ?C?PSTOPTR      CODE 097B7H
  9810               198     ?C?CCASE        CODE 09810H
  99BC               199     ?C?MEMCMP       CODE 099BCH
  99E0               200     ?C?MEMSET       CODE 099E0H
                     201     
                     202     
                     203     
                     204     
                     205     
                     206     
                     207     
                     208     PUBLIC                  ?_dbprintf?BYTE
                     209     
  7000               210     ?_dbprintf?BYTE XDATA   0x7000
                     211     
                     212     PUBLIC        Unicode_Offset
                     213     PUBLIC        Unicode_Offset2
                     214     
  9D7F               215     Unicode_Offset          CODE    09D7FH
  9D99               216     Unicode_Offset2         CODE    09D99H
                     217     
                     218     
                     219     PUBLIC  _DBPRINTF
                     220     PUBLIC  _FDB_CHECK_SUM
                     221     PUBLIC  _FAT16_FREE_CLUSTER_OFFSET
                     222     PUBLIC  _FAT32_FREE_CLUSTER_OFFSET
                     223     PUBLIC  _COUNT_FREE_CLUSTER_IN_FAT16_SECTOR
                     224     PUBLIC  _COUNT_FREE_CLUSTER_IN_FAT32_SECTOR
                     225     PUBLIC  _L2_DSP_DM_TRIGER
                     226     PUBLIC  _L2_DSP_READ_DMEM16
                     227     PUBLIC  _L2_DSP_READ_DMEM24
                     228     PUBLIC  _L2_DSP_WRITE_DMEM16
                     229     ;PUBLIC _L2_DSP_WRITE_DMEM24_INTERNAL
                     230     PUBLIC  _L2_DSP_SENDCOMMANDSET
                     231     PUBLIC  _DSP_READ_MMR16
                     232     PUBLIC  _DSP_WRITE_MMR16
                     233     PUBLIC  _READ_RTC
                     234     PUBLIC  _WRITE_RTC
                     235     PUBLIC  CONST_TIMER_GET_COUNTER
                     236     PUBLIC  _CONSTTIMERDELAY_INTERNAL
                     237     PUBLIC  _DMA_SRC_DST_DATA2DATA
                     238     PUBLIC  _DMA_SIZE_TRIGGER
                     239     PUBLIC  _DMA24_DST_SRC_DATA2IM
                     240     PUBLIC  _DMA24_DST_SRC_DATA2PM
                     241     PUBLIC  _DMA_DST_SRC_DATA2DM
                     242     PUBLIC  _DMA_DST_SRC_DM2DATA
                     243     PUBLIC  SPI_READ_BYTE
                     244     PUBLIC  _SPI_WRITE_BYTE
                     245     PUBLIC  SUSPEND_UNTIL_WAKEN
                     246     PUBLIC  _USER_DELAYDTMS
                     247     ;PUBLIC _CHANGE_CLOCK_RATIO_INTERNAL
                     248     ;PUBLIC _XTL_TO_PLL_INTERNAL
                     249     ;PUBLIC CHK_DATA_TRANSFER_DONE
                     250     ;PUBLIC CHK_FLASH_READY
                     251     ;PUBLIC CHK_NANDAUTOCMP_DONE
                     252     ;PUBLIC FLASHRESET
                     253     PUBLIC  RESET_DMA
                     254     ;PUBLIC TRIGGER_DATA_TRANSFER
                     255     PUBLIC  TRIGGER_DATA_TRANSFER_DONE
A51 MACRO ASSEMBLER  LIB                                                                  07/10/2012 15:51:43 PAGE     5

                     256     ;PUBLIC TRIGGER_FLASH_CMD
                     257     
                     258     
  9A0C               259     _DBPRINTF               CODE    09A0CH
  9C51               260     _COUNT_FREE_CLUSTER_IN_FAT16_SECTOR  CODE 09C51H
  9C6B               261     _COUNT_FREE_CLUSTER_IN_FAT32_SECTOR  CODE 09C6BH
  9C15               262     _FAT16_FREE_CLUSTER_OFFSET           CODE 09C15H
  9C2E               263     _FAT32_FREE_CLUSTER_OFFSET           CODE 09C2EH
  9C03               264     _FDB_CHECK_SUM                       CODE 09C03H
  9D4C               265     _DSP_READ_MMR16                      CODE 09D4CH
  9D5A               266     _DSP_WRITE_MMR16                     CODE 09D5AH
  9C9F               267     _L2_DSP_DM_TRIGER       CODE    09C9FH
  9CB5               268     _L2_DSP_READ_DMEM16     CODE    09CB5H
  9CC5               269     _L2_DSP_READ_DMEM24     CODE    09CC5H
  9D0E               270     _L2_DSP_SENDCOMMANDSET  CODE    09D0EH
  9CE4               271     _L2_DSP_WRITE_DMEM16                 CODE 09CE4H
                     272     ;_L2_DSP_WRITE_DMEM24_INTERNAL        CODE 09CF7H
  9DB3               273     _read_rtc                            CODE 09DB3H
  9DCB               274     _write_rtc                           CODE 09DCBH
  9DE1               275     CONST_TIMER_GET_COUNTER              CODE 09DE1H
  9DFF               276     _CONSTTIMERDELAY_INTERNAL            CODE 09DFFH
  9E34               277     _dma_size_trigger                    CODE 09E34H
  9E20               278     _dma_src_dst_data2data               CODE 09E20H
  9E3F               279     _dma24_dst_src_data2im               CODE 09E3FH
  9E54               280     _dma24_dst_src_data2pm               CODE 09E54H
  9E7B               281     _dma_dst_src_dm2data                 CODE 09E7BH
  9E6E               282     _dma_dst_src_data2dm                 CODE 09E6EH
  9EBD               283     _spi_write_byte                      CODE 09EBDH
  9EA7               284     spi_read_byte                        CODE 09EA7H
  9ED1               285     suspend_until_waken                  CODE 09ED1H
                     286     ;_change_clock_ratio_internal         CODE 09F2FH
                     287     ;_xtl_to_pll_internal                 CODE 09F63H
  9F1D               288     _USER_DelayDTms                      CODE 09F1DH
                     289     ;CHK_Flash_Ready                      CODE 09F91H
                     290     ;CHK_NandAutocmp_Done                 CODE 09F99H
                     291     ;TRIGGER_FLASH_CMD                    CODE 09FDBH
  9FBE               292     Reset_DMA                            CODE 09FBEH
                     293     ;CHK_Data_Transfer_Done               CODE 09F84H
  9FCB               294     Trigger_Data_Transfer_Done           CODE 09FCBH
                     295     ;Trigger_Data_Transfer                CODE 09FC7H
                     296     ;FlashReset                           CODE 09FA6H
                     297     
                     298     END
A51 MACRO ASSEMBLER  LIB                                                                  07/10/2012 15:51:43 PAGE     6

SYMBOL TABLE LISTING
------ ----- -------


N A M E                              T Y P E  V A L U E   ATTRIBUTES

?C?CCASE. . . . . . . . . . . . . .  C ADDR   9810H   A   
?C?CILDOPTR . . . . . . . . . . . .  C ADDR   915EH   A   
?C?CILDPTR. . . . . . . . . . . . .  C ADDR   913CH   A   
?C?CLDOPTR. . . . . . . . . . . . .  C ADDR   910FH   A   
?C?CLDPTR . . . . . . . . . . . . .  C ADDR   90F6H   A   
?C?COPY . . . . . . . . . . . . . .  C ADDR   90D0H   A   
?C?CSTOPTR. . . . . . . . . . . . .  C ADDR   91A3H   A   
?C?CSTPTR . . . . . . . . . . . . .  C ADDR   9191H   A   
?C?IILDOPTR . . . . . . . . . . . .  C ADDR   92F3H   A   
?C?IILDPTR. . . . . . . . . . . . .  C ADDR   92BBH   A   
?C?IILDX. . . . . . . . . . . . . .  C ADDR   922CH   A   
?C?ILDIX. . . . . . . . . . . . . .  C ADDR   9242H   A   
?C?ILDOPTR. . . . . . . . . . . . .  C ADDR   9283H   A   
?C?ILDPTR . . . . . . . . . . . . .  C ADDR   9258H   A   
?C?IMUL . . . . . . . . . . . . . .  C ADDR   91C5H   A   
?C?ISTOPTR. . . . . . . . . . . . .  C ADDR   935FH   A   
?C?ISTPTR . . . . . . . . . . . . .  C ADDR   9340H   A   
?C?LADD . . . . . . . . . . . . . .  C ADDR   938CH   A   
?C?LAND . . . . . . . . . . . . . .  C ADDR   94C4H   A   
?C?LILDXDATA. . . . . . . . . . . .  C ADDR   964BH   A   
?C?LILDXDATA1 . . . . . . . . . . .  C ADDR   9642H   A   
?C?LILDXDATA8 . . . . . . . . . . .  C ADDR   9644H   A   
?C?LLDCODE. . . . . . . . . . . . .  C ADDR   95F1H   A   
?C?LLDIDATA . . . . . . . . . . . .  C ADDR   95CDH   A   
?C?LLDIXDATA. . . . . . . . . . . .  C ADDR   9616H   A   
?C?LLDIXDATA1 . . . . . . . . . . .  C ADDR   960DH   A   
?C?LLDIXDATA8 . . . . . . . . . . .  C ADDR   960FH   A   
?C?LLDOPTR. . . . . . . . . . . . .  C ADDR   955FH   A   
?C?LLDPDATA . . . . . . . . . . . .  C ADDR   95E5H   A   
?C?LLDPTR . . . . . . . . . . . . .  C ADDR   953FH   A   
?C?LLDXDATA . . . . . . . . . . . .  C ADDR   95D9H   A   
?C?LLDXDATA0. . . . . . . . . . . .  C ADDR   9601H   A   
?C?LMUL . . . . . . . . . . . . . .  C ADDR   93A7H   A   
?C?LOR. . . . . . . . . . . . . . .  C ADDR   94D1H   A   
?C?LSHL . . . . . . . . . . . . . .  C ADDR   952CH   A   
?C?LSTIDATA . . . . . . . . . . . .  C ADDR   9677H   A   
?C?LSTKIDATA. . . . . . . . . . . .  C ADDR   969BH   A   
?C?LSTKOPTR . . . . . . . . . . . .  C ADDR   96FEH   A   
?C?LSTKPDATA. . . . . . . . . . . .  C ADDR   96E5H   A   
?C?LSTKXDATA. . . . . . . . . . . .  C ADDR   96B4H   A   
?C?LSTOPTR. . . . . . . . . . . . .  C ADDR   95A9H   A   
?C?LSTPDATA . . . . . . . . . . . .  C ADDR   968FH   A   
?C?LSTPTR . . . . . . . . . . . . .  C ADDR   958FH   A   
?C?LSTXDATA . . . . . . . . . . . .  C ADDR   9683H   A   
?C?LSUB . . . . . . . . . . . . . .  C ADDR   9399H   A   
?C?MEMCMP . . . . . . . . . . . . .  C ADDR   99BCH   A   
?C?MEMSET . . . . . . . . . . . . .  C ADDR   99E0H   A   
?C?OFFXADD. . . . . . . . . . . . .  C ADDR   9722H   A   
?C?PLDCODE. . . . . . . . . . . . .  C ADDR   977BH   A   
?C?PLDIDATA . . . . . . . . . . . .  C ADDR   972EH   A   
?C?PLDIXDATA. . . . . . . . . . . .  C ADDR   9749H   A   
?C?PLDOPTR. . . . . . . . . . . . .  C ADDR   9787H   A   
?C?PLDPDATA . . . . . . . . . . . .  C ADDR   9769H   A   
?C?PLDXDATA . . . . . . . . . . . .  C ADDR   9740H   A   
?C?PSTIDATA . . . . . . . . . . . .  C ADDR   9737H   A   
?C?PSTOPTR. . . . . . . . . . . . .  C ADDR   97B7H   A   
?C?PSTPDATA . . . . . . . . . . . .  C ADDR   9772H   A   
?C?PSTXDATA . . . . . . . . . . . .  C ADDR   9760H   A   
?C?SLCMP. . . . . . . . . . . . . .  C ADDR   94DEH   A   
?C?SLSHR. . . . . . . . . . . . . .  C ADDR   9518H   A   
A51 MACRO ASSEMBLER  LIB                                                                  07/10/2012 15:51:43 PAGE     7

?C?UIDIV. . . . . . . . . . . . . .  C ADDR   91D7H   A   
?C?ULCMP. . . . . . . . . . . . . .  C ADDR   94F4H   A   
?C?ULDIV. . . . . . . . . . . . . .  C ADDR   9432H   A   
?C?ULSHR. . . . . . . . . . . . . .  C ADDR   9505H   A   
?_DBPRINTF?BYTE . . . . . . . . . .  X ADDR   7000H   A   
CONST_TIMER_GET_COUNTER . . . . . .  C ADDR   9DE1H   A   
LIBBASE . . . . . . . . . . . . . .  C ADDR   9000H   A   
RESET_DMA . . . . . . . . . . . . .  C ADDR   9FBEH   A   
SPI_READ_BYTE . . . . . . . . . . .  C ADDR   9EA7H   A   
SUSPEND_UNTIL_WAKEN . . . . . . . .  C ADDR   9ED1H   A   
TRIGGER_DATA_TRANSFER_DONE. . . . .  C ADDR   9FCBH   A   
UNICODE_OFFSET. . . . . . . . . . .  C ADDR   9D7FH   A   
UNICODE_OFFSET2 . . . . . . . . . .  C ADDR   9D99H   A   
_CONSTTIMERDELAY_INTERNAL . . . . .  C ADDR   9DFFH   A   
_COUNT_FREE_CLUSTER_IN_FAT16_SECTOR  C ADDR   9C51H   A   
_COUNT_FREE_CLUSTER_IN_FAT32_SECTOR  C ADDR   9C6BH   A   
_DBPRINTF . . . . . . . . . . . . .  C ADDR   9A0CH   A   
_DMA24_DST_SRC_DATA2IM. . . . . . .  C ADDR   9E3FH   A   
_DMA24_DST_SRC_DATA2PM. . . . . . .  C ADDR   9E54H   A   
_DMA_DST_SRC_DATA2DM. . . . . . . .  C ADDR   9E6EH   A   
_DMA_DST_SRC_DM2DATA. . . . . . . .  C ADDR   9E7BH   A   
_DMA_SIZE_TRIGGER . . . . . . . . .  C ADDR   9E34H   A   
_DMA_SRC_DST_DATA2DATA. . . . . . .  C ADDR   9E20H   A   
_DSP_READ_MMR16 . . . . . . . . . .  C ADDR   9D4CH   A   
_DSP_WRITE_MMR16. . . . . . . . . .  C ADDR   9D5AH   A   
_FAT16_FREE_CLUSTER_OFFSET. . . . .  C ADDR   9C15H   A   
_FAT32_FREE_CLUSTER_OFFSET. . . . .  C ADDR   9C2EH   A   
_FDB_CHECK_SUM. . . . . . . . . . .  C ADDR   9C03H   A   
_L2_DSP_DM_TRIGER . . . . . . . . .  C ADDR   9C9FH   A   
_L2_DSP_READ_DMEM16 . . . . . . . .  C ADDR   9CB5H   A   
_L2_DSP_READ_DMEM24 . . . . . . . .  C ADDR   9CC5H   A   
_L2_DSP_SENDCOMMANDSET. . . . . . .  C ADDR   9D0EH   A   
_L2_DSP_WRITE_DMEM16. . . . . . . .  C ADDR   9CE4H   A   
_READ_RTC . . . . . . . . . . . . .  C ADDR   9DB3H   A   
_SPI_WRITE_BYTE . . . . . . . . . .  C ADDR   9EBDH   A   
_USER_DELAYDTMS . . . . . . . . . .  C ADDR   9F1DH   A   
_WRITE_RTC. . . . . . . . . . . . .  C ADDR   9DCBH   A   


REGISTER BANK(S) USED: 0 


ASSEMBLY COMPLETE.  0 WARNING(S), 0 ERROR(S)
