C51 COMPILER V9.00   LCM_INIT                                                              07/09/2012 21:16:48 PAGE 1   


C51 COMPILER V9.00, COMPILATION OF MODULE LCM_INIT
OBJECT MODULE PLACED IN .\obj\LCM_Init.obj
COMPILER INVOKED BY: C:\Keil\C51\BIN\C51.EXE LCM\LCM_Init.c LARGE OPTIMIZE(9,SIZE) BROWSE NOAREGS INCDIR(..\libsource\he
                    -ader) DEFINE(K_ICTYPE=0x03) DEBUG OBJECTEXTEND PRINT(.\lst\LCM_Init.lst) OBJECT(.\obj\LCM_Init.obj)

line level    source

   1          #include "..\Header\SPDA2K.h"
   2          #include "..\header\UI_config.h"
   3          #include "..\header\variables.h"
   4          #include "LCM_BMP.h"
   5          
   6          
   7          void LCM_Init(void)
   8          {
   9   1              U8      i;
  10   1              U8      code LCM_InitCommand[]={0xe2,0xa2,0xa0,0xc8,0xa6,0xa4,0x24,0x81,32,0x2f,0x40,0xaf};//ST7565
  11   1      
  12   1              XBYTE[0xB421]=0x13;
  13   1              XBYTE[0xB102]|=0x07;
  14   1              XBYTE[0xB400]=0x00;             // FMGPIO use as GPIO
  15   1              XBYTE[0xB405]|=0x02;    // FM[1] as output
  16   1              LCM_RESET_LO;
  17   1              USER_Delay(20);
  18   1              LCM_RESET_HI;
  19   1              XBYTE[0xB400]=0x01;     // FMGPIO use as NAND
  20   1      
  21   1              for(i=0;i<sizeof(LCM_InitCommand);i++)  //fill LCD parameter
  22   1              {
  23   2                      LCM_write_command(LCM_InitCommand[i]);
  24   2              }
  25   1              LCM_BACKLIGHT=0;
  26   1              LCM_ShowCompanyLogo();
  27   1              LCM_Clear_L0_L7();
  28   1      }
  29          
  30          
  31          


MODULE INFORMATION:   STATIC OVERLAYABLE
   CODE SIZE        =    115    ----
   CONSTANT SIZE    =     12    ----
   XDATA SIZE       =   ----    ----
   PDATA SIZE       =   ----    ----
   DATA SIZE        =   ----    ----
   IDATA SIZE       =   ----    ----
   BIT SIZE         =   ----    ----
END OF MODULE INFORMATION.


C51 COMPILATION COMPLETE.  0 WARNING(S),  0 ERROR(S)
