C51 COMPILER V9.00   MENUSTRING                                                            07/09/2012 21:16:52 PAGE 1   


C51 COMPILER V9.00, COMPILATION OF MODULE MENUSTRING
OBJECT MODULE PLACED IN .\obj\MenuString.obj
COMPILER INVOKED BY: C:\Keil\C51\BIN\C51.EXE Menu\MenuString.c LARGE OPTIMIZE(9,SIZE) BROWSE NOAREGS INCDIR(..\libsource
                    -\header) DEFINE(K_ICTYPE=0x03) DEBUG OBJECTEXTEND PRINT(.\lst\MenuString.lst) OBJECT(.\obj\MenuString.obj)

line level    source

   1          #include "..\Header\SPDA2K.h"
   2          #ifdef SPI_1M
   3          // Language(語言)
   4          code U8 gc_Str_Country_CHS[]={ 8,0xBC,0xF2,0xCC,0xE5,0xD6,0xD0,0xCE,0xC4};
   5          code U8 gc_Str_Country_ENG[]={14,0x45,0x00,0x6E,0x00,0x67,0x00,0x6C,0x00,0x69,0x00,0x73,0x00,0x68,0x00};
   6          code U8 *gc_Str_Country[]={gc_Str_Country_ENG,gc_Str_Country_CHS};
   7          
   8          // 音樂(Music)
   9          code U8 gc_Str_Music_CHS[]={ 4,0xD2,0xF4,0xC0,0xD6};
  10          code U8 gc_Str_Music_ENG[]={10,0x4D,0x00,0x75,0x00,0x73,0x00,0x69,0x00,0x63,0x00};
  11          code U8 *gc_Str_Music[]={gc_Str_Music_ENG,gc_Str_Music_CHS};
  12          
  13          // FM 收音(FM Radio)
  14          code U8 gc_Str_Radio_CHS[]={ 8,0x46,0x00,0x4D,0x00,0xCA,0xD5,0xD2,0xF4};
  15          code U8 gc_Str_Radio_ENG[]={16,0x46,0x00,0x4D,0x00,0x20,0x00,0x52,0x00,0x61,0x00,0x64,0x00,0x69,0x00,0x6F,
             -0x00};
  16          code U8 *gc_Str_Radio[]={gc_Str_Radio_ENG,gc_Str_Radio_CHS};
  17          
  18          // 日曆(Calendar)
  19          code U8 gc_Str_Calendar_CHS[]={ 4,0xC8,0xD5,0xC0,0xFA};
  20          code U8 gc_Str_Calendar_ENG[]={16,0x43,0x00,0x61,0x00,0x6C,0x00,0x65,0x00,0x6E,0x00,0x64,0x00,0x61,0x00,0x
             -72,0x00};
  21          code U8 *gc_Str_Calendar[]={gc_Str_Calendar_ENG,gc_Str_Calendar_CHS};
  22          
  23          // 錄音播放(WAV play)
  24          code U8 gc_Str_WAV_CHS[]={ 8,0xC2,0xBC,0xD2,0xF4,0xB2,0xA5,0xB7,0xC5};
  25          code U8 gc_Str_WAV_ENG[]={28,0x50,0x00,0x6C,0x00,0x61,0x00,0x79,0x00,0x20,0x00,0x52,0x00,0x65,0x00,0x63,0x
             -00,0x6F,0x00,0x72,0x00,0x64,0x00,0x69,0x00,0x6E,0x00,0x67,0x00};
  26          code U8 *gc_Str_WAV[]={gc_Str_WAV_ENG,gc_Str_WAV_CHS};
  27          
  28          // 設定(Setup)
  29          code U8 gc_Str_Setup_CHS[]={ 8,0xCF,0xB5,0xCD,0xB3,0xC9,0xE8,0xD6,0xC3};
  30          code U8 gc_Str_Setup_ENG[]={10,0x53,0x00,0x65,0x00,0x74,0x00,0x75,0x00,0x70,0x00};
  31          code U8 *gc_Str_Setup[]={gc_Str_Setup_ENG,gc_Str_Setup_CHS};
  32          
  33          // 循環模式(Cycle Mode)
  34          //code U8 gc_Str_Repeat_CHS[]={ 8,0xAA,0x5F,0xAF,0x73,0x21,0x6A,0x0F,0x5F};
  35          code U8 gc_Str_Repeat_CHS[]={ 8,0xD1,0xAD,0xBB,0xB7,0xC4,0xA3,0xCA,0xBD};
  36          code U8 gc_Str_Repeat_ENG[]={20,0x43,0x00,0x79,0x00,0x63,0x00,0x6C,0x00,0x65,0x00,0x20,0x00,0x4D,0x00,0x6F
             -,0x00,0x64,0x00,0x65,0x00};
  37          code U8 *gc_Str_Repeat[]={gc_Str_Repeat_ENG,gc_Str_Repeat_CHS}; 
  38          
  39          // 音效設定(EQ Setting)
  40          code U8 gc_Str_EQ_CHS[]={ 8,0xD2,0xF4,0xD0,0xA7,0xC9,0xE8,0xB6,0xA8};
  41          code U8 gc_Str_EQ_ENG[]={20,0x45,0x00,0x51,0x00,0x20,0x00,0x53,0x00,0x65,0x00,0x74,0x00,0x74,0x00,0x69,0x0
             -0,0x6E,0x00,0x67,0x00};
  42          code U8 *gc_Str_EQ[]={gc_Str_EQ_ENG,gc_Str_EQ_CHS};     
  43          
  44          // 複讀模式(A-B Repeat)
  45          code U8 gc_Str_AB_CHS[]={ 8,0xB8,0xB4,0xB6,0xC1,0xC4,0xA3,0xCA,0xBD};
  46          code U8 gc_Str_AB_ENG[]={20,0x41,0x00,0x2D,0x00,0x42,0x00,0x20,0x00,0x52,0x00,0x65,0x00,0x70,0x00,0x65,0x0
             -0,0x61,0x00,0x74,0x00};
  47          code U8 *gc_Str_AB[]={gc_Str_AB_ENG,gc_Str_AB_CHS};
  48          
C51 COMPILER V9.00   MENUSTRING                                                            07/09/2012 21:16:52 PAGE 2   

  49          // 退出(Exit)
  50          code U8 gc_Str_Exit2_CHS[]={ 4,0xCD,0xCB,0xB3,0xF6};
  51          code U8 gc_Str_Exit2_ENG[]={ 8,0x45,0x00,0x78,0x00,0x69,0x00,0x74,0x00};
  52          code U8 *gc_Str_Exit2[]={gc_Str_Exit2_ENG,gc_Str_Exit2_CHS};
  53          
  54          #else
              // Language(語言)
              code U8 gc_Str_Country_CHS[]={ 8,0x80,0x7B,0x53,0x4F,0x2D,0x4E,0x87,0x65};
              code U8 gc_Str_Country_CHT[]={ 8,0x41,0x7E,0xD4,0x9A,0x2D,0x4E,0x87,0x65};
              code U8 gc_Str_Country_ENG[]={14,0x45,0x00,0x6E,0x00,0x67,0x00,0x6C,0x00,0x69,0x00,0x73,0x00,0x68,0x00};
              code U8 gc_Str_Country_JAP[]={ 6,0xE5,0x65,0x2C,0x67,0x9E,0x8A};
              code U8 gc_Str_Country_KOR[]={ 6,0x5C,0xD5,0x6D,0xAD,0xB4,0xC5};
              code U8 gc_Str_Country_GER[]={14,0x44,0x00,0x65,0x00,0x75,0x00,0x74,0x00,0x73,0x00,0x63,0x00,0x68,0x00};
              code U8 gc_Str_Country_FRA[]={16,0x46,0x00,0x72,0x00,0x61,0x00,0x6E,0x00,0xE7,0x00,0x61,0x00,0x69,0x00,0x7
             -3,0x00};
              code U8 gc_Str_Country_ITA[]={12,0x49,0x00,0x74,0x00,0x61,0x00,0x6C,0x00,0x69,0x00,0x61,0x00};
              code U8 gc_Str_Country_SPA[]={12,0x45,0x00,0x73,0x00,0x70,0x00,0x61,0x00,0xF1,0x00,0x61,0x00};
              code U8 gc_Str_Country_SWE[]={14,0x53,0x00,0x76,0x00,0x65,0x00,0x72,0x00,0x69,0x00,0x67,0x00,0x65,0x00};
              code U8 gc_Str_Country_CZH[]={30,0x0C,0x01,0x65,0x00,0x73,0x00,0x6B,0x00,0xE1,0x00,0x20,0x00,0x72,0x00,0x6
             -5,0x00,0x70,0x00,0x75,0x00,0x62,0x00,0x6C,0x00,0x69,0x00,0x6B,0x00,0x61,0x00};
              code U8 gc_Str_Country_HOL[]={18,0x4E,0x00,0x65,0x00,0x64,0x00,0x65,0x00,0x72,0x00,0x6C,0x00,0x61,0x00,0x6
             -E,0x00,0x64,0x00};
              code U8 gc_Str_Country_POR[]={16,0x50,0x00,0x6F,0x00,0x72,0x00,0x74,0x00,0x75,0x00,0x67,0x00,0x61,0x00,0x6
             -C,0x00};
              code U8 gc_Str_Country_DAN[]={14,0x44,0x00,0x61,0x00,0x6E,0x00,0x6D,0x00,0x61,0x00,0x72,0x00,0x6B,0x00};
              code U8 gc_Str_Country_POL[]={12,0x50,0x00,0x6F,0x00,0x6C,0x00,0x73,0x00,0x6B,0x00,0x61,0x00};
              code U8 gc_Str_Country_RUA[]={14,0x20,0x04,0x43,0x04,0x41,0x04,0x41,0x04,0x3A,0x04,0x38,0x04,0x39,0x04};
              code U8 gc_Str_Country_TUR[]={14,0x54,0x00,0xFC,0x00,0x72,0x00,0x6B,0x00,0x69,0x00,0x79,0x00,0x65,0x00};
              code U8 *gc_Str_Country[]={gc_Str_Country_CHS,gc_Str_Country_CHT,gc_Str_Country_ENG,gc_Str_Country_JAP,
                                                              gc_Str_Country_KOR,gc_Str_Country_GER,gc_Str_Country_FRA,gc_Str_Country_ITA,
                                                              gc_Str_Country_SPA,gc_Str_Country_SWE,gc_Str_Country_CZH,gc_Str_Country_HOL,
                                                              gc_Str_Country_POR,gc_Str_Country_DAN,gc_Str_Country_POL,gc_Str_Country_RUA,
                                                              gc_Str_Country_TUR};
              
              // 音樂(Music)
              code U8 gc_Str_Music_CHS[]={ 4,0xF3,0x97,0x50,0x4E};
              code U8 gc_Str_Music_CHT[]={ 4,0xF3,0x97,0x02,0x6A};
              code U8 gc_Str_Music_ENG[]={10,0x4D,0x00,0x75,0x00,0x73,0x00,0x69,0x00,0x63,0x00};
              code U8 gc_Str_Music_JAP[]={ 4,0xF3,0x97,0x7D,0x69};
              code U8 gc_Str_Music_KOR[]={ 4,0x4C,0xC7,0x45,0xC5};
              code U8 gc_Str_Music_GER[]={10,0x4D,0x00,0x75,0x00,0x73,0x00,0x69,0x00,0x6B,0x00};
              code U8 gc_Str_Music_FRA[]={14,0x4D,0x00,0x75,0x00,0x73,0x00,0x69,0x00,0x71,0x00,0x75,0x00,0x65,0x00};
              code U8 gc_Str_Music_ITA[]={12,0x4D,0x00,0x75,0x00,0x73,0x00,0x69,0x00,0x63,0x00,0x61,0x00};
              code U8 gc_Str_Music_SPA[]={12,0x4D,0x00,0xFA,0x00,0x73,0x00,0x69,0x00,0x63,0x00,0x61,0x00};
              code U8 gc_Str_Music_SWE[]={10,0x4D,0x00,0x75,0x00,0x73,0x00,0x69,0x00,0x6B,0x00};
              code U8 gc_Str_Music_CZH[]={10,0x48,0x00,0x75,0x00,0x64,0x00,0x62,0x00,0x61,0x00};
              code U8 gc_Str_Music_HOL[]={12,0x4D,0x00,0x75,0x00,0x7A,0x00,0x69,0x00,0x65,0x00,0x6B,0x00};
              code U8 gc_Str_Music_POR[]={12,0x4D,0x00,0xFA,0x00,0x73,0x00,0x69,0x00,0x63,0x00,0x61,0x00};
              code U8 gc_Str_Music_DAN[]={10,0x4D,0x00,0x75,0x00,0x73,0x00,0x69,0x00,0x6B,0x00};
              code U8 gc_Str_Music_POL[]={12,0x4D,0x00,0x75,0x00,0x7A,0x00,0x79,0x00,0x6B,0x00,0x61,0x00};
              code U8 gc_Str_Music_RUA[]={12,0x1C,0x04,0x43,0x04,0x37,0x04,0x4B,0x04,0x3A,0x04,0x30,0x04};
              code U8 gc_Str_Music_TUR[]={10,0x4D,0x00,0xFC,0x00,0x7A,0x00,0x69,0x00,0x6B,0x00};
              code U8 *gc_Str_Music[]={gc_Str_Music_CHS,gc_Str_Music_CHT,gc_Str_Music_ENG,gc_Str_Music_JAP,
                                                      gc_Str_Music_KOR,gc_Str_Music_GER,gc_Str_Music_FRA,gc_Str_Music_ITA,
                                                      gc_Str_Music_SPA,gc_Str_Music_SWE,gc_Str_Music_CZH,gc_Str_Music_HOL,
                                                      gc_Str_Music_POR,gc_Str_Music_DAN,gc_Str_Music_POL,gc_Str_Music_RUA,
                                                      gc_Str_Music_TUR};
              
              // FM 收音(FM Radio)
              code U8 gc_Str_Radio_CHS[]={ 8,0x46,0x00,0x4D,0x00,0x36,0x65,0xF3,0x97};
              code U8 gc_Str_Radio_CHT[]={ 8,0x46,0x00,0x4D,0x00,0x36,0x65,0xF3,0x97};
              code U8 gc_Str_Radio_ENG[]={16,0x46,0x00,0x4D,0x00,0x20,0x00,0x52,0x00,0x61,0x00,0x64,0x00,0x69,0x00,0x6F,
C51 COMPILER V9.00   MENUSTRING                                                            07/09/2012 21:16:52 PAGE 3   

             -0x00};
              code U8 gc_Str_Radio_JAP[]={10,0x46,0x00,0x4D,0x00,0xE9,0x30,0xB8,0x30,0xAA,0x30};
              code U8 gc_Str_Radio_KOR[]={12,0x46,0x00,0x4D,0x00,0x20,0x00,0x7C,0xB7,0x14,0xB5,0x24,0xC6};
              code U8 gc_Str_Radio_GER[]={16,0x46,0x00,0x4D,0x00,0x2D,0x00,0x52,0x00,0x61,0x00,0x64,0x00,0x69,0x00,0x6F,
             -0x00};
              code U8 gc_Str_Radio_FRA[]={16,0x52,0x00,0x61,0x00,0x64,0x00,0x69,0x00,0x6F,0x00,0x20,0x00,0x46,0x00,0x4D,
             -0x00};
              code U8 gc_Str_Radio_ITA[]={16,0x52,0x00,0x61,0x00,0x64,0x00,0x69,0x00,0x6F,0x00,0x20,0x00,0x46,0x00,0x4D,
             -0x00};
              code U8 gc_Str_Radio_SPA[]={16,0x52,0x00,0x61,0x00,0x64,0x00,0x69,0x00,0x6F,0x00,0x20,0x00,0x46,0x00,0x4D,
             -0x00};
              code U8 gc_Str_Radio_SWE[]={16,0x46,0x00,0x4D,0x00,0x2D,0x00,0x72,0x00,0x61,0x00,0x64,0x00,0x69,0x00,0x6F,
             -0x00};
              code U8 gc_Str_Radio_CZH[]={16,0x46,0x00,0x4D,0x00,0x20,0x00,0x72,0x00,0xE1,0x00,0x64,0x00,0x69,0x00,0x6F,
             -0x00};
              code U8 gc_Str_Radio_HOL[]={16,0x46,0x00,0x4D,0x00,0x2D,0x00,0x72,0x00,0x61,0x00,0x64,0x00,0x69,0x00,0x6F,
             -0x00};
              code U8 gc_Str_Radio_POR[]={16,0x52,0x00,0xE1,0x00,0x64,0x00,0x69,0x00,0x6F,0x00,0x20,0x00,0x46,0x00,0x4D,
             -0x00};
              code U8 gc_Str_Radio_DAN[]={16,0x46,0x00,0x4D,0x00,0x2D,0x00,0x72,0x00,0x61,0x00,0x64,0x00,0x69,0x00,0x6F,
             -0x00};
              code U8 gc_Str_Radio_POL[]={16,0x52,0x00,0x61,0x00,0x64,0x00,0x69,0x00,0x6F,0x00,0x20,0x00,0x46,0x00,0x4D,
             -0x00};
              code U8 gc_Str_Radio_RUA[]={16,0x46,0x00,0x4D,0x00,0x2D,0x00,0x40,0x04,0x30,0x04,0x34,0x04,0x38,0x04,0x3E,
             -0x04};
              code U8 gc_Str_Radio_TUR[]={16,0x46,0x00,0x4D,0x00,0x20,0x00,0x52,0x00,0x61,0x00,0x64,0x00,0x79,0x00,0x6F,
             -0x00};
              code U8 *gc_Str_Radio[]={gc_Str_Radio_CHS,gc_Str_Radio_CHT,gc_Str_Radio_ENG,gc_Str_Radio_JAP,
                                                      gc_Str_Radio_KOR,gc_Str_Radio_GER,gc_Str_Radio_FRA,gc_Str_Radio_ITA,
                                                      gc_Str_Radio_SPA,gc_Str_Radio_SWE,gc_Str_Radio_CZH,gc_Str_Radio_HOL,
                                                      gc_Str_Radio_POR,gc_Str_Radio_DAN,gc_Str_Radio_POL,gc_Str_Radio_RUA,
                                                      gc_Str_Radio_TUR};
              
              // 日曆(Calendar)
              code U8 gc_Str_Calendar_CHS[]={ 4,0xE5,0x65,0x86,0x53};
              code U8 gc_Str_Calendar_CHT[]={ 4,0xE5,0x65,0xC6,0x66};
              code U8 gc_Str_Calendar_ENG[]={16,0x43,0x00,0x61,0x00,0x6C,0x00,0x65,0x00,0x6E,0x00,0x64,0x00,0x61,0x00,0x
             -72,0x00};
              code U8 gc_Str_Calendar_JAP[]={10,0xAB,0x30,0xEC,0x30,0xF3,0x30,0xC0,0x30,0xFC,0x30};
              code U8 gc_Str_Calendar_KOR[]={ 4,0xEC,0xB2,0x25,0xB8};
              code U8 gc_Str_Calendar_GER[]={16,0x4B,0x00,0x61,0x00,0x6C,0x00,0x65,0x00,0x6E,0x00,0x64,0x00,0x65,0x00,0x
             -72,0x00};
              code U8 gc_Str_Calendar_FRA[]={20,0x43,0x00,0x61,0x00,0x6C,0x00,0x65,0x00,0x6E,0x00,0x64,0x00,0x72,0x00,0x
             -69,0x00,0x65,0x00,0x72,0x00};
              code U8 gc_Str_Calendar_ITA[]={20,0x43,0x00,0x61,0x00,0x6C,0x00,0x65,0x00,0x6E,0x00,0x64,0x00,0x61,0x00,0x
             -72,0x00,0x69,0x00,0x6F,0x00};
              code U8 gc_Str_Calendar_SPA[]={20,0x43,0x00,0x61,0x00,0x6C,0x00,0x65,0x00,0x6E,0x00,0x64,0x00,0x61,0x00,0x
             -72,0x00,0x69,0x00,0x6F,0x00};
              code U8 gc_Str_Calendar_SWE[]={16,0x4B,0x00,0x61,0x00,0x6C,0x00,0x65,0x00,0x6E,0x00,0x64,0x00,0x65,0x00,0x
             -72,0x00};
              code U8 gc_Str_Calendar_CZH[]={16,0x4B,0x00,0x61,0x00,0x6C,0x00,0x65,0x00,0x6E,0x00,0x64,0x00,0xE1,0x00,0x
             -59,0x00};
              code U8 gc_Str_Calendar_HOL[]={12,0x41,0x00,0x67,0x00,0x65,0x00,0x6E,0x00,0x64,0x00,0x61,0x00};
              code U8 gc_Str_Calendar_POR[]={20,0x43,0x00,0x61,0x00,0x6C,0x00,0x65,0x00,0x6E,0x00,0x64,0x00,0xE1,0x00,0x
             -72,0x00,0x69,0x00,0x6F,0x00};
              code U8 gc_Str_Calendar_DAN[]={16,0x4B,0x00,0x61,0x00,0x6C,0x00,0x65,0x00,0x6E,0x00,0x64,0x00,0x65,0x00,0x
             -72,0x00};
              code U8 gc_Str_Calendar_POL[]={18,0x4B,0x00,0x61,0x00,0x6C,0x00,0x65,0x00,0x6E,0x00,0x64,0x00,0x61,0x00,0x
             -72,0x00,0x7A,0x00};
              code U8 gc_Str_Calendar_RUA[]={18,0x1A,0x04,0x30,0x04,0x3B,0x04,0x35,0x04,0x3D,0x04,0x34,0x04,0x30,0x04,0x
             -40,0x04,0x4C,0x04};
              code U8 gc_Str_Calendar_TUR[]={12,0x54,0x00,0x61,0x00,0x6B,0x00,0x76,0x00,0x69,0x00,0x6D,0x00};
C51 COMPILER V9.00   MENUSTRING                                                            07/09/2012 21:16:52 PAGE 4   

              code U8 *gc_Str_Calendar[]={gc_Str_Calendar_CHS,gc_Str_Calendar_CHT,gc_Str_Calendar_ENG,gc_Str_Calendar_JA
             -P,
                                                      gc_Str_Calendar_KOR,gc_Str_Calendar_GER,gc_Str_Calendar_FRA,gc_Str_Calendar_ITA,
                                                      gc_Str_Calendar_SPA,gc_Str_Calendar_SWE,gc_Str_Calendar_CZH,gc_Str_Calendar_HOL,
                                                      gc_Str_Calendar_POR,gc_Str_Calendar_DAN,gc_Str_Calendar_POL,gc_Str_Calendar_RUA,
                                                      gc_Str_Calendar_TUR};
              
              // 錄音播放(WAV play)
              code U8 gc_Str_WAV_CHS[]={ 8,0x55,0x5F,0xF3,0x97,0xAD,0x64,0x3E,0x65};
              code U8 gc_Str_WAV_CHT[]={ 8,0x04,0x93,0xF3,0x97,0xAD,0x64,0x3E,0x65};
              code U8 gc_Str_WAV_ENG[]={28,0x50,0x00,0x6C,0x00,0x61,0x00,0x79,0x00,0x20,0x00,0x52,0x00,0x65,0x00,0x63,0x
             -00,0x6F,0x00,0x72,0x00,0x64,0x00,0x69,0x00,0x6E,0x00,0x67,0x00};
              code U8 gc_Str_WAV_JAP[]={10,0xE9,0x30,0xB8,0x30,0xAA,0x30,0x32,0x93,0xF3,0x97};
              code U8 gc_Str_WAV_KOR[]={10,0xAC,0xC7,0xDD,0xC0,0x20,0x00,0x79,0xB1,0x54,0xD6};
              code U8 gc_Str_WAV_GER[]={14,0x53,0x00,0x70,0x00,0x72,0x00,0x61,0x00,0x63,0x00,0x68,0x00,0x65,0x00};
              code U8 gc_Str_WAV_FRA[]={28,0x50,0x00,0x6C,0x00,0x61,0x00,0x79,0x00,0x20,0x00,0x52,0x00,0x65,0x00,0x63,0x
             -00,0x6F,0x00,0x72,0x00,0x64,0x00,0x69,0x00,0x6E,0x00,0x67,0x00};
              code U8 gc_Str_WAV_ITA[]={32,0x41,0x00,0x73,0x00,0x63,0x00,0x6F,0x00,0x6C,0x00,0x74,0x00,0x61,0x00,0x20,0x
             -00,0x6C,0x00,0x61,0x00,0x20,0x00,0x72,0x00,0x65,0x00,0x67,0x00,0x69,0x00,0x73,0x00};
              code U8 gc_Str_WAV_SPA[]={32,0x45,0x00,0x73,0x00,0x63,0x00,0x75,0x00,0x63,0x00,0x68,0x00,0x61,0x00,0x72,0x
             -00,0x20,0x00,0x6C,0x00,0x61,0x00,0x20,0x00,0x67,0x00,0x72,0x00,0x61,0x00,0x62,0x00};
              code U8 gc_Str_WAV_SWE[]={32,0x53,0x00,0x70,0x00,0x65,0x00,0x6C,0x00,0x61,0x00,0x20,0x00,0x75,0x00,0x70,0x
             -00,0x70,0x00,0x20,0x00,0x69,0x00,0x6E,0x00,0x73,0x00,0x70,0x00,0x65,0x00,0x6C,0x00};
              code U8 gc_Str_WAV_CZH[]={22,0x5A,0x00,0xE1,0x00,0x7A,0x00,0x6E,0x00,0x61,0x00,0x6D,0x00,0x20,0x00,0x68,0x
             -00,0x72,0x00,0xE1,0x00,0x74,0x00};
              code U8 gc_Str_WAV_HOL[]={30,0x4F,0x00,0x70,0x00,0x6E,0x00,0x61,0x00,0x6D,0x00,0x65,0x00,0x20,0x00,0x61,0x
             -00,0x66,0x00,0x73,0x00,0x70,0x00,0x65,0x00,0x6C,0x00,0x65,0x00,0x6E,0x00};
              code U8 gc_Str_WAV_POR[]={28,0x54,0x00,0x6F,0x00,0x63,0x00,0x61,0x00,0x72,0x00,0x20,0x00,0x67,0x00,0x72,0x
             -00,0x61,0x00,0x76,0x00,0x61,0x00,0xE7,0x00,0xE3,0x00,0x6F,0x00};
              code U8 gc_Str_WAV_DAN[]={28,0x53,0x00,0x70,0x00,0x69,0x00,0x6C,0x00,0x20,0x00,0x4F,0x00,0x70,0x00,0x74,0x
             -00,0x61,0x00,0x67,0x00,0x65,0x00,0x6C,0x00,0x73,0x00,0x65,0x00};
              code U8 gc_Str_WAV_POL[]={32,0x4F,0x00,0x64,0x00,0x74,0x00,0x77,0x00,0xF3,0x00,0x72,0x00,0x7A,0x00,0x20,0x
             -00,0x6E,0x00,0x61,0x00,0x67,0x00,0x72,0x00,0x79,0x00,0x77,0x00,0x61,0x00,0x6E,0x00};
              code U8 gc_Str_WAV_RUA[]={28,0x21,0x04,0x3B,0x04,0x43,0x04,0x48,0x04,0x30,0x04,0x42,0x04,0x4C,0x04,0x20,0x
             -00,0x37,0x04,0x30,0x04,0x3F,0x04,0x38,0x04,0x41,0x04,0x4C,0x04};
              code U8 gc_Str_WAV_TUR[]={20,0x4F,0x00,0x79,0x00,0x75,0x00,0x6E,0x00,0x20,0x00,0x4B,0x00,0x61,0x00,0x79,0x
             -00,0x64,0x00,0x31,0x01};
              code U8 *gc_Str_WAV[]={gc_Str_WAV_CHS,gc_Str_WAV_CHT,gc_Str_WAV_ENG,gc_Str_WAV_JAP,
                                                      gc_Str_WAV_KOR,gc_Str_WAV_GER,gc_Str_WAV_FRA,gc_Str_WAV_ITA,
                                                      gc_Str_WAV_SPA,gc_Str_WAV_SWE,gc_Str_WAV_CZH,gc_Str_WAV_HOL,
                                                      gc_Str_WAV_POR,gc_Str_WAV_DAN,gc_Str_WAV_POL,gc_Str_WAV_RUA,
                                                      gc_Str_WAV_TUR};
              
              // 設定(Setup)
              code U8 gc_Str_Setup_CHS[]={ 8,0xFB,0x7C,0xDF,0x7E,0xBE,0x8B,0x6E,0x7F};
              code U8 gc_Str_Setup_CHT[]={ 4,0x2D,0x8A,0x9A,0x5B};
              code U8 gc_Str_Setup_ENG[]={10,0x53,0x00,0x65,0x00,0x74,0x00,0x75,0x00,0x70,0x00};
              code U8 gc_Str_Setup_JAP[]={12,0xBB,0x30,0xC3,0x30,0xC8,0x30,0xA2,0x30,0xC3,0x30,0xD7,0x30};
              code U8 gc_Str_Setup_KOR[]={ 4,0x24,0xC1,0x58,0xCE};
              code U8 gc_Str_Setup_GER[]={10,0x53,0x00,0x65,0x00,0x74,0x00,0x75,0x00,0x70,0x00};
              code U8 gc_Str_Setup_FRA[]={26,0x63,0x00,0x6F,0x00,0x6E,0x00,0x66,0x00,0x69,0x00,0x67,0x00,0x75,0x00,0x72,
             -0x00,0x61,0x00,0x74,0x00,0x69,0x00,0x6F,0x00,0x6E,0x00};
              code U8 gc_Str_Setup_ITA[]={10,0x53,0x00,0x65,0x00,0x74,0x00,0x75,0x00,0x70,0x00};
              code U8 gc_Str_Setup_SPA[]={10,0x53,0x00,0x65,0x00,0x74,0x00,0x75,0x00,0x70,0x00};
              code U8 gc_Str_Setup_SWE[]={10,0x53,0x00,0x65,0x00,0x74,0x00,0x75,0x00,0x70,0x00};
              code U8 gc_Str_Setup_CZH[]={18,0x4E,0x00,0x61,0x00,0x73,0x00,0x74,0x00,0x61,0x00,0x76,0x00,0x65,0x00,0x6E,
             -0x00,0xED,0x00};
              code U8 gc_Str_Setup_HOL[]={10,0x53,0x00,0x65,0x00,0x74,0x00,0x75,0x00,0x70,0x00};
              code U8 gc_Str_Setup_POR[]={20,0x49,0x00,0x6E,0x00,0x73,0x00,0x74,0x00,0x61,0x00,0x6C,0x00,0x61,0x00,0xE7,
             -0x00,0xE3,0x00,0x6F,0x00};
              code U8 gc_Str_Setup_DAN[]={18,0x4F,0x00,0x70,0x00,0x73,0x00,0xE6,0x00,0x74,0x00,0x6E,0x00,0x69,0x00,0x6E,
             -0x00,0x67,0x00};
C51 COMPILER V9.00   MENUSTRING                                                            07/09/2012 21:16:52 PAGE 5   

              code U8 gc_Str_Setup_POL[]={24,0x4B,0x00,0x6F,0x00,0x6E,0x00,0x66,0x00,0x69,0x00,0x67,0x00,0x75,0x00,0x72,
             -0x00,0x61,0x00,0x63,0x00,0x6A,0x00,0x69,0x00};
              code U8 gc_Str_Setup_RUA[]={18,0x23,0x04,0x41,0x04,0x42,0x04,0x30,0x04,0x3D,0x04,0x3E,0x04,0x32,0x04,0x3A,
             -0x04,0x38,0x04};
              code U8 gc_Str_Setup_TUR[]={14,0x4B,0x00,0x75,0x00,0x72,0x00,0x75,0x00,0x6C,0x00,0x75,0x00,0x6D,0x00};
              code U8 *gc_Str_Setup[]={gc_Str_Setup_CHS,gc_Str_Setup_CHT,gc_Str_Setup_ENG,gc_Str_Setup_JAP,
                                                      gc_Str_Setup_KOR,gc_Str_Setup_GER,gc_Str_Setup_FRA,gc_Str_Setup_ITA,
                                                      gc_Str_Setup_SPA,gc_Str_Setup_SWE,gc_Str_Setup_CZH,gc_Str_Setup_HOL,
                                                      gc_Str_Setup_POR,gc_Str_Setup_DAN,gc_Str_Setup_POL,gc_Str_Setup_RUA,
                                                      gc_Str_Setup_TUR};
              
              // 循環模式(Cycle Mode)
              code U8 gc_Str_Repeat_CHS[]={ 8,0xAA,0x5F,0xAF,0x73,0x21,0x6A,0x0F,0x5F};
              code U8 gc_Str_Repeat_CHT[]={ 8,0xAA,0x5F,0xB0,0x74,0x21,0x6A,0x0F,0x5F};
              code U8 gc_Str_Repeat_ENG[]={20,0x43,0x00,0x79,0x00,0x63,0x00,0x6C,0x00,0x65,0x00,0x20,0x00,0x4D,0x00,0x6F
             -,0x00,0x64,0x00,0x65,0x00};
              code U8 gc_Str_Repeat_JAP[]={14,0xB5,0x30,0xA4,0x30,0xAF,0x30,0xEB,0x30,0xE2,0x30,0xFC,0x30,0xC9,0x30};
              code U8 gc_Str_Repeat_KOR[]={12,0xAC,0xC0,0x74,0xC7,0x74,0xD0,0x20,0x00,0xA8,0xBA,0xDC,0xB4};
              code U8 gc_Str_Repeat_GER[]={22,0x43,0x00,0x79,0x00,0x63,0x00,0x6C,0x00,0x65,0x00,0x2D,0x00,0x4D,0x00,0x6F
             -,0x00,0x64,0x00,0x75,0x00,0x73,0x00};
              code U8 gc_Str_Repeat_FRA[]={20,0x43,0x00,0x79,0x00,0x63,0x00,0x6C,0x00,0x65,0x00,0x20,0x00,0x4D,0x00,0x6F
             -,0x00,0x64,0x00,0x65,0x00};
              code U8 gc_Str_Repeat_ITA[]={20,0x43,0x00,0x79,0x00,0x63,0x00,0x6C,0x00,0x65,0x00,0x20,0x00,0x4D,0x00,0x6F
             -,0x00,0x64,0x00,0x65,0x00};
              code U8 gc_Str_Repeat_SPA[]={26,0x4D,0x00,0x6F,0x00,0x64,0x00,0x6F,0x00,0x20,0x00,0x64,0x00,0x65,0x00,0x20
             -,0x00,0x63,0x00,0x69,0x00,0x63,0x00,0x6C,0x00,0x6F,0x00};
              code U8 gc_Str_Repeat_SWE[]={20,0x43,0x00,0x79,0x00,0x6B,0x00,0x65,0x00,0x6C,0x00,0x2D,0x00,0x6C,0x00,0xE4
             -,0x00,0x67,0x00,0x65,0x00};
              code U8 gc_Str_Repeat_CZH[]={28,0x43,0x00,0x79,0x00,0x6B,0x00,0x6C,0x00,0x69,0x00,0x63,0x00,0x6B,0x00,0xFD
             -,0x00,0x20,0x00,0x72,0x00,0x65,0x00,0x7E,0x01,0x69,0x00,0x6D,0x00};
              code U8 gc_Str_Repeat_HOL[]={24,0x43,0x00,0x79,0x00,0x63,0x00,0x6C,0x00,0x75,0x00,0x73,0x00,0x20,0x00,0x4D
             -,0x00,0x6F,0x00,0x64,0x00,0x75,0x00,0x73,0x00};
              code U8 gc_Str_Repeat_POR[]={26,0x4D,0x00,0x6F,0x00,0x64,0x00,0x6F,0x00,0x20,0x00,0x64,0x00,0x65,0x00,0x20
             -,0x00,0x63,0x00,0x69,0x00,0x63,0x00,0x6C,0x00,0x6F,0x00};
              code U8 gc_Str_Repeat_DAN[]={22,0x43,0x00,0x79,0x00,0x6B,0x00,0x6C,0x00,0x75,0x00,0x73,0x00,0x20,0x00,0x4D
             -,0x00,0x6F,0x00,0x64,0x00,0x65,0x00};
              code U8 gc_Str_Repeat_POL[]={32,0x54,0x00,0x72,0x00,0x79,0x00,0x62,0x00,0x20,0x00,0x70,0x00,0x6F,0x00,0x77
             -,0x00,0x74,0x00,0x61,0x00,0x72,0x00,0x7A,0x00,0x61,0x00,0x6E,0x00,0x69,0x00,0x61,0x00};
              code U8 gc_Str_Repeat_RUA[]={32,0x26,0x04,0x38,0x04,0x3A,0x04,0x3B,0x04,0x38,0x04,0x47,0x04,0x35,0x04,0x41
             -,0x04,0x3A,0x04,0x38,0x04,0x39,0x04,0x20,0x00,0x40,0x04,0x35,0x04,0x36,0x04,0x38,0x04};
              code U8 gc_Str_Repeat_TUR[]={24,0x44,0x00,0xF6,0x00,0x6E,0x00,0x67,0x00,0xFC,0x00,0x73,0x00,0xFC,0x00,0x20
             -,0x00,0x4D,0x00,0x6F,0x00,0x64,0x00,0x75,0x00};
              code U8 *gc_Str_Repeat[]={gc_Str_Repeat_CHS,gc_Str_Repeat_CHT,gc_Str_Repeat_ENG,gc_Str_Repeat_JAP,
                                                      gc_Str_Repeat_KOR,gc_Str_Repeat_GER,gc_Str_Repeat_FRA,gc_Str_Repeat_ITA,
                                                      gc_Str_Repeat_SPA,gc_Str_Repeat_SWE,gc_Str_Repeat_CZH,gc_Str_Repeat_HOL,
                                                      gc_Str_Repeat_POR,gc_Str_Repeat_DAN,gc_Str_Repeat_POL,gc_Str_Repeat_RUA,
                                                      gc_Str_Repeat_TUR};     
              
              // 音效設定(EQ Setting)
              code U8 gc_Str_EQ_CHS[]={ 8,0xF3,0x97,0x48,0x65,0xBE,0x8B,0x9A,0x5B};
              code U8 gc_Str_EQ_CHT[]={ 8,0xF3,0x97,0x48,0x65,0x2D,0x8A,0x9A,0x5B};
              code U8 gc_Str_EQ_ENG[]={20,0x45,0x00,0x51,0x00,0x20,0x00,0x53,0x00,0x65,0x00,0x74,0x00,0x74,0x00,0x69,0x0
             -0,0x6E,0x00,0x67,0x00};
              code U8 gc_Str_EQ_JAP[]={10,0x45,0x00,0x51,0x00,0x6E,0x30,0x2D,0x8A,0x9A,0x5B};
              code U8 gc_Str_EQ_KOR[]={16,0x74,0xC7,0x04,0xD0,0x7C,0xB7,0x74,0xC7,0x00,0xC8,0x20,0x00,0x24,0xC1,0x15,0xC
             -8};
              code U8 gc_Str_EQ_GER[]={32,0x45,0x00,0x51,0x00,0x2D,0x00,0x45,0x00,0x69,0x00,0x6E,0x00,0x73,0x00,0x74,0x0
             -0,0x65,0x00,0x6C,0x00,0x6C,0x00,0x75,0x00,0x6E,0x00,0x67,0x00,0x65,0x00,0x6E,0x00};
              code U8 gc_Str_EQ_FRA[]={32,0x50,0x00,0x61,0x00,0x72,0x00,0x61,0x00,0x6D,0x00,0xE8,0x00,0x74,0x00,0x72,0x0
             -0,0x65,0x00,0x73,0x00,0x20,0x00,0x41,0x00,0x75,0x00,0x64,0x00,0x69,0x00,0x6F,0x00};
              code U8 gc_Str_EQ_ITA[]={30,0x45,0x00,0x51,0x00,0x20,0x00,0x69,0x00,0x6D,0x00,0x70,0x00,0x6F,0x00,0x73,0x0
             -0,0x74,0x00,0x61,0x00,0x7A,0x00,0x69,0x00,0x6F,0x00,0x6E,0x00,0x69,0x00};
C51 COMPILER V9.00   MENUSTRING                                                            07/09/2012 21:16:52 PAGE 6   

              code U8 gc_Str_EQ_SPA[]={26,0x43,0x00,0x6F,0x00,0x6E,0x00,0x66,0x00,0x69,0x00,0x67,0x00,0x2E,0x00,0x20,0x0
             -0,0x64,0x00,0x65,0x00,0x20,0x00,0x45,0x00,0x51,0x00};
              code U8 gc_Str_EQ_SWE[]={32,0x45,0x00,0x51,0x00,0x2D,0x00,0x69,0x00,0x6E,0x00,0x73,0x00,0x74,0x00,0xE4,0x0
             -0,0x6C,0x00,0x6C,0x00,0x6E,0x00,0x69,0x00,0x6E,0x00,0x67,0x00,0x61,0x00,0x72,0x00};
              code U8 gc_Str_EQ_CZH[]={24,0x45,0x00,0x51,0x00,0x20,0x00,0x6E,0x00,0x61,0x00,0x73,0x00,0x74,0x00,0x61,0x0
             -0,0x76,0x00,0x65,0x00,0x6E,0x00,0xED,0x00};
              code U8 gc_Str_EQ_HOL[]={30,0x45,0x00,0x51,0x00,0x2D,0x00,0x69,0x00,0x6E,0x00,0x73,0x00,0x74,0x00,0x65,0x0
             -0,0x6C,0x00,0x6C,0x00,0x69,0x00,0x6E,0x00,0x67,0x00,0x65,0x00,0x6E,0x00};
              code U8 gc_Str_EQ_POR[]={26,0x61,0x00,0x6A,0x00,0x75,0x00,0x73,0x00,0x74,0x00,0x65,0x00,0x73,0x00,0x20,0x0
             -0,0x64,0x00,0x65,0x00,0x20,0x00,0x45,0x00,0x51,0x00};
              code U8 gc_Str_EQ_DAN[]={32,0x45,0x00,0x51,0x00,0x20,0x00,0x69,0x00,0x6E,0x00,0x64,0x00,0x73,0x00,0x74,0x0
             -0,0x69,0x00,0x6C,0x00,0x6C,0x00,0x69,0x00,0x6E,0x00,0x67,0x00,0x65,0x00,0x72,0x00};
              code U8 gc_Str_EQ_POL[]={26,0x55,0x00,0x73,0x00,0x74,0x00,0x61,0x00,0x77,0x00,0x69,0x00,0x65,0x00,0x6E,0x0
             -0,0x69,0x00,0x61,0x00,0x20,0x00,0x45,0x00,0x51,0x00};
              code U8 gc_Str_EQ_RUA[]={32,0x1D,0x04,0x30,0x04,0x41,0x04,0x42,0x04,0x40,0x04,0x3E,0x04,0x39,0x04,0x3A,0x0
             -4,0x38,0x04,0x20,0x00,0x4D,0x04,0x3A,0x04,0x32,0x04,0x30,0x04,0x3B,0x04,0x30,0x04};
              code U8 gc_Str_EQ_TUR[]={22,0x45,0x00,0x51,0x00,0x20,0x00,0x41,0x00,0x79,0x00,0x61,0x00,0x72,0x00,0x6C,0x0
             -0,0x61,0x00,0x72,0x00,0x31,0x01};
              code U8 *gc_Str_EQ[]={gc_Str_EQ_CHS,gc_Str_EQ_CHT,gc_Str_EQ_ENG,gc_Str_EQ_JAP,
                                                      gc_Str_EQ_KOR,gc_Str_EQ_GER,gc_Str_EQ_FRA,gc_Str_EQ_ITA,
                                                      gc_Str_EQ_SPA,gc_Str_EQ_SWE,gc_Str_EQ_CZH,gc_Str_EQ_HOL,
                                                      gc_Str_EQ_POR,gc_Str_EQ_DAN,gc_Str_EQ_POL,gc_Str_EQ_RUA,
                                                      gc_Str_EQ_TUR}; 
              
              // 複讀模式(A-B Repeat)
              code U8 gc_Str_AB_CHS[]={ 8,0x0D,0x59,0xFB,0x8B,0x21,0x6A,0x0F,0x5F};
              code U8 gc_Str_AB_CHT[]={ 8,0x07,0x89,0x80,0x8B,0x21,0x6A,0x0F,0x5F};
              code U8 gc_Str_AB_ENG[]={20,0x41,0x00,0x2D,0x00,0x42,0x00,0x20,0x00,0x52,0x00,0x65,0x00,0x70,0x00,0x65,0x0
             -0,0x61,0x00,0x74,0x00};
              code U8 gc_Str_AB_JAP[]={14,0xEA,0x30,0xD4,0x30,0xFC,0x30,0xC8,0x30,0xE2,0x30,0xFC,0x30,0xC9,0x30};
              code U8 gc_Str_AB_KOR[]={10,0x18,0xBC,0xF5,0xBC,0x20,0x00,0xA8,0xBA,0xDC,0xB4};
              code U8 gc_Str_AB_GER[]={24,0x52,0x00,0x65,0x00,0x70,0x00,0x65,0x00,0x61,0x00,0x74,0x00,0x2D,0x00,0x4D,0x0
             -0,0x6F,0x00,0x64,0x00,0x75,0x00,0x73,0x00};
              code U8 gc_Str_AB_FRA[]={32,0x4C,0x00,0x65,0x00,0x20,0x00,0x6D,0x00,0x6F,0x00,0x64,0x00,0x65,0x00,0x20,0x0
             -0,0x64,0x00,0x65,0x00,0x20,0x00,0x72,0x00,0xE9,0x00,0x70,0x00,0xE9,0x00,0x74,0x00};
              code U8 gc_Str_AB_ITA[]={32,0x4D,0x00,0x6F,0x00,0x64,0x00,0x61,0x00,0x6C,0x00,0x69,0x00,0x74,0x00,0xE0,0x0
             -0,0x20,0x00,0x64,0x00,0x69,0x00,0x20,0x00,0x72,0x00,0x69,0x00,0x70,0x00,0x65,0x00};
              code U8 gc_Str_AB_SPA[]={32,0x4D,0x00,0x6F,0x00,0x64,0x00,0x6F,0x00,0x20,0x00,0x64,0x00,0x65,0x00,0x20,0x0
             -0,0x72,0x00,0x65,0x00,0x70,0x00,0x65,0x00,0x74,0x00,0x69,0x00,0x63,0x00,0x69,0x00};
              code U8 gc_Str_AB_SWE[]={30,0x52,0x00,0x65,0x00,0x70,0x00,0x65,0x00,0x74,0x00,0x69,0x00,0x74,0x00,0x69,0x0
             -0,0x6F,0x00,0x6E,0x00,0x73,0x00,0x6C,0x00,0xE4,0x00,0x67,0x00,0x65,0x00};
              code U8 gc_Str_AB_CZH[]={30,0x52,0x00,0x65,0x00,0x7E,0x01,0x69,0x00,0x6D,0x00,0x20,0x00,0x6F,0x00,0x70,0x0
             -0,0x61,0x00,0x6B,0x00,0x6F,0x00,0x76,0x00,0xE1,0x00,0x6E,0x00,0xED,0x00};
              code U8 gc_Str_AB_HOL[]={24,0x48,0x00,0x65,0x00,0x72,0x00,0x68,0x00,0x61,0x00,0x61,0x00,0x6C,0x00,0x6D,0x0
             -0,0x6F,0x00,0x64,0x00,0x75,0x00,0x73,0x00};
              code U8 gc_Str_AB_POR[]={32,0x4D,0x00,0x6F,0x00,0x64,0x00,0x6F,0x00,0x20,0x00,0x64,0x00,0x65,0x00,0x20,0x0
             -0,0x72,0x00,0x65,0x00,0x70,0x00,0x65,0x00,0x74,0x00,0x69,0x00,0xE7,0x00,0xE3,0x00};
              code U8 gc_Str_AB_DAN[]={30,0x47,0x00,0x65,0x00,0x6E,0x00,0x74,0x00,0x61,0x00,0x67,0x00,0x65,0x00,0x66,0x0
             -0,0x75,0x00,0x6E,0x00,0x6B,0x00,0x74,0x00,0x69,0x00,0x6F,0x00,0x6E,0x00};
              code U8 gc_Str_AB_POL[]={32,0x54,0x00,0x72,0x00,0x79,0x00,0x62,0x00,0x20,0x00,0x70,0x00,0x6F,0x00,0x77,0x0
             -0,0x74,0x00,0x61,0x00,0x72,0x00,0x7A,0x00,0x61,0x00,0x6E,0x00,0x69,0x00,0x61,0x00};
              code U8 gc_Str_AB_RUA[]={26,0x20,0x04,0x35,0x04,0x36,0x04,0x38,0x04,0x3C,0x04,0x20,0x00,0x3F,0x04,0x3E,0x0
             -4,0x32,0x04,0x42,0x04,0x3E,0x04,0x40,0x04,0x30,0x04};
              code U8 gc_Str_AB_TUR[]={26,0x54,0x00,0x65,0x00,0x6B,0x00,0x72,0x00,0x61,0x00,0x72,0x00,0x20,0x00,0x6D,0x0
             -0,0x6F,0x00,0x64,0x00,0x75,0x00,0x6E,0x00,0x75,0x00};
              code U8 *gc_Str_AB[]={gc_Str_AB_CHS,gc_Str_AB_CHT,gc_Str_AB_ENG,gc_Str_AB_JAP,
                                                      gc_Str_AB_KOR,gc_Str_AB_GER,gc_Str_AB_FRA,gc_Str_AB_ITA,
                                                      gc_Str_AB_SPA,gc_Str_AB_SWE,gc_Str_AB_CZH,gc_Str_AB_HOL,
                                                      gc_Str_AB_POR,gc_Str_AB_DAN,gc_Str_AB_POL,gc_Str_AB_RUA,
                                                      gc_Str_AB_TUR};
              
              // 退出(Exit)
C51 COMPILER V9.00   MENUSTRING                                                            07/09/2012 21:16:52 PAGE 7   

              code U8 gc_Str_Exit2_CHS[]={ 4,0x00,0x90,0xFA,0x51};
              code U8 gc_Str_Exit2_CHT[]={ 4,0x00,0x90,0xFA,0x51};
              code U8 gc_Str_Exit2_ENG[]={ 8,0x45,0x00,0x78,0x00,0x69,0x00,0x74,0x00};
              code U8 gc_Str_Exit2_JAP[]={ 4,0x42,0x7D,0x86,0x4E};
              code U8 gc_Str_Exit2_KOR[]={ 4,0x9C,0xCD,0x6C,0xAD};
              code U8 gc_Str_Exit2_GER[]={16,0x41,0x00,0x75,0x00,0x73,0x00,0x66,0x00,0x61,0x00,0x68,0x00,0x72,0x00,0x74,
             -0x00};
              code U8 gc_Str_Exit2_FRA[]={12,0x73,0x00,0x6F,0x00,0x72,0x00,0x74,0x00,0x69,0x00,0x65,0x00};
              code U8 gc_Str_Exit2_ITA[]={12,0x75,0x00,0x73,0x00,0x63,0x00,0x69,0x00,0x74,0x00,0x61,0x00};
              code U8 gc_Str_Exit2_SPA[]={10,0x53,0x00,0x61,0x00,0x6C,0x00,0x69,0x00,0x72,0x00};
              code U8 gc_Str_Exit2_SWE[]={14,0x41,0x00,0x76,0x00,0x73,0x00,0x6C,0x00,0x75,0x00,0x74,0x00,0x61,0x00};
              code U8 gc_Str_Exit2_CZH[]={12,0x56,0x00,0xFD,0x00,0x6A,0x00,0x65,0x00,0x7A,0x00,0x64,0x00};
              code U8 gc_Str_Exit2_HOL[]={12,0x41,0x00,0x66,0x00,0x73,0x00,0x6C,0x00,0x61,0x00,0x67,0x00};
              code U8 gc_Str_Exit2_POR[]={ 8,0x53,0x00,0x61,0x00,0x69,0x00,0x72,0x00};
              code U8 gc_Str_Exit2_DAN[]={12,0x55,0x00,0x64,0x00,0x67,0x00,0x61,0x00,0x6E,0x00,0x67,0x00};
              code U8 gc_Str_Exit2_POL[]={14,0x57,0x00,0x79,0x00,0x6A,0x00,0x5B,0x01,0x63,0x00,0x69,0x00,0x65,0x00};
              code U8 gc_Str_Exit2_RUA[]={ 8,0x12,0x04,0x4B,0x04,0x45,0x04,0x3E,0x04};
              code U8 gc_Str_Exit2_TUR[]={10,0xC7,0x00,0x31,0x01,0x6B,0x00,0x31,0x01,0x5F,0x01};
              code U8 *gc_Str_Exit2[]={gc_Str_Exit2_CHS,gc_Str_Exit2_CHT,gc_Str_Exit2_ENG,gc_Str_Exit2_JAP,
                                                      gc_Str_Exit2_KOR,gc_Str_Exit2_GER,gc_Str_Exit2_FRA,gc_Str_Exit2_ITA,
                                                      gc_Str_Exit2_SPA,gc_Str_Exit2_SWE,gc_Str_Exit2_CZH,gc_Str_Exit2_HOL,
                                                      gc_Str_Exit2_POR,gc_Str_Exit2_DAN,gc_Str_Exit2_POL,gc_Str_Exit2_RUA,
                                                      gc_Str_Exit2_TUR};
              
              
              #endif


MODULE INFORMATION:   STATIC OVERLAYABLE
   CODE SIZE        =   ----    ----
   CONSTANT SIZE    =    310    ----
   XDATA SIZE       =   ----    ----
   PDATA SIZE       =   ----    ----
   DATA SIZE        =   ----    ----
   IDATA SIZE       =   ----    ----
   BIT SIZE         =   ----    ----
END OF MODULE INFORMATION.


C51 COMPILATION COMPLETE.  0 WARNING(S),  0 ERROR(S)
