C51 COMPILER V9.00   MENUSTRING4                                                           07/09/2012 21:16:52 PAGE 1   


C51 COMPILER V9.00, COMPILATION OF MODULE MENUSTRING4
OBJECT MODULE PLACED IN .\obj\MenuString4.obj
COMPILER INVOKED BY: C:\Keil\C51\BIN\C51.EXE Menu\MenuString4.c LARGE OPTIMIZE(9,SIZE) BROWSE NOAREGS INCDIR(..\libsourc
                    -e\header) DEFINE(K_ICTYPE=0x03) DEBUG OBJECTEXTEND PRINT(.\lst\MenuString4.lst) OBJECT(.\obj\MenuString4.obj)

line level    source

   1          #include "..\Header\SPDA2K.h"
   2          #ifdef SPI_1M
   3          // 星期一(Monday)
   4          code U8 gc_Str_Monday_CHS[]={ 2,0xD2,0xBB};
   5          code U8 gc_Str_Monday_ENG[]={12,0x4D,0x00,0x6F,0x00,0x6E,0x00,0x64,0x00,0x61,0x00,0x79,0x00};
   6          code U8 *gc_Str_Monday[]={gc_Str_Monday_ENG,gc_Str_Monday_CHS};
   7          // 星期二(Tuesday)
   8          code U8 gc_Str_Tuesday_CHS[]={ 2,0xB6,0xFE};
   9          code U8 gc_Str_Tuesday_ENG[]={14,0x54,0x00,0x75,0x00,0x65,0x00,0x73,0x00,0x64,0x00,0x61,0x00,0x79,0x00};
  10          code U8 *gc_Str_Tuesday[]={gc_Str_Tuesday_ENG,gc_Str_Tuesday_CHS};
  11          // 星期三(Wednesday)
  12          code U8 gc_Str_Wednesday_CHS[]={ 2,0xC8,0xFD};
  13          code U8 gc_Str_Wednesday_ENG[]={18,0x57,0x00,0x65,0x00,0x64,0x00,0x6E,0x00,0x65,0x00,0x73,0x00,0x64,0x00,0
             -x61,0x00,0x79,0x00};
  14          code U8 *gc_Str_Wednesday[]={gc_Str_Wednesday_ENG,gc_Str_Wednesday_CHS};
  15          // 星期四(Thursday)
  16          code U8 gc_Str_Thursday_CHS[]={ 2,0xCB,0xC4};
  17          code U8 gc_Str_Thursday_ENG[]={16,0x54,0x00,0x68,0x00,0x75,0x00,0x72,0x00,0x73,0x00,0x64,0x00,0x61,0x00,0x
             -79,0x00};
  18          code U8 *gc_Str_Thursday[]={gc_Str_Thursday_ENG,gc_Str_Thursday_CHS};
  19          // 星期五(Friday)
  20          code U8 gc_Str_Friday_CHS[]={ 2,0xCE,0xE5};
  21          code U8 gc_Str_Friday_ENG[]={12,0x46,0x00,0x72,0x00,0x69,0x00,0x64,0x00,0x61,0x00,0x79,0x00};
  22          code U8 *gc_Str_Friday[]={gc_Str_Friday_ENG,gc_Str_Friday_CHS};
  23          // 星期六(Staurday)
  24          code U8 gc_Str_Saturday_CHS[]={ 2,0xC1,0xF9};
  25          code U8 gc_Str_Saturday_ENG[]={16,0x53,0x00,0x61,0x00,0x74,0x00,0x75,0x00,0x72,0x00,0x64,0x00,0x61,0x00,0x
             -79,0x00};
  26          code U8 *gc_Str_Saturday[]={gc_Str_Saturday_ENG,gc_Str_Saturday_CHS};
  27          // 星期日(Sunday)
  28          code U8 gc_Str_Sunday_CHS[]={ 2,0xC6,0xDF};
  29          code U8 gc_Str_Sunday_ENG[]={10,0x53,0x00,0x75,0x00,0x6E,0x00,0x64,0x00,0x61,0x00,0x79,0x00};
  30          code U8 *gc_Str_Sunday[]={gc_Str_Sunday_ENG,gc_Str_Sunday_CHS}; 
  31          // 系統時間(Clock)
  32          code U8 gc_Str_Clock_CHS[]={ 8,0xCF,0xB5,0xCD,0xB3,0xCA,0xB1,0xBC,0xE4};
  33          code U8 gc_Str_Clock_ENG[]={10,0x43,0x00,0x6C,0x00,0x6F,0x00,0x63,0x00,0x6B,0x00};
  34          code U8 *gc_Str_Clock[]={gc_Str_Clock_ENG,gc_Str_Clock_CHS};
  35          // 背光時間(Backlight)
  36          code U8 gc_Str_Backlight_CHS[]={ 8,0xB1,0xB3,0xB9,0xE2,0xCA,0xB1,0xBC,0xE4};
  37          code U8 gc_Str_Backlight_ENG[]={18,0x42,0x00,0x61,0x00,0x63,0x00,0x6B,0x00,0x6C,0x00,0x69,0x00,0x67,0x00,0
             -x68,0x00,0x74,0x00};
  38          code U8 *gc_Str_Backlight[]={gc_Str_Backlight_ENG,gc_Str_Backlight_CHS};
  39          // 語言(Language)
  40          code U8 gc_Str_Language_CHS[]={ 4,0xD3,0xEF,0xD1,0xD4};
  41          code U8 gc_Str_Language_ENG[]={16,0x4C,0x00,0x61,0x00,0x6E,0x00,0x67,0x00,0x75,0x00,0x61,0x00,0x67,0x00,0x
             -65,0x00};
  42          code U8 *gc_Str_Language[]={gc_Str_Language_ENG,gc_Str_Language_CHS};
  43          
  44          // 退出(Exit)
  45          code U8 gc_Str_Exit_CHS[]={ 4,0xCD,0xCB,0xB3,0xF6};
  46          code U8 gc_Str_Exit_ENG[]={ 8,0x45,0x00,0x78,0x00,0x69,0x00,0x74,0x00};
  47          code U8 *gc_Str_Exit[]={gc_Str_Exit_ENG,gc_Str_Exit_CHS};
  48          // 鬧鐘(Alarm Clock)
  49          code U8 gc_Str_AlarmClock_CHS[]={ 4,0xC4,0xD6,0xD6,0xD3};
C51 COMPILER V9.00   MENUSTRING4                                                           07/09/2012 21:16:52 PAGE 2   

  50          code U8 gc_Str_AlarmClock_ENG[]={22,0x41,0x00,0x6C,0x00,0x61,0x00,0x72,0x00,0x6D,0x00,0x20,0x00,0x43,0x00,
             -0x6C,0x00,0x6F,0x00,0x63,0x00,0x6B,0x00};
  51          code U8 *gc_Str_AlarmClock[]={gc_Str_AlarmClock_ENG,gc_Str_AlarmClock_CHS};
  52          // 時間(Time)
  53          code U8 gc_Str_Time_CHS[]={ 4,0xCA,0xB1,0xBC,0xE4};
  54          code U8 gc_Str_Time_ENG[]={ 8,0x54,0x00,0x69,0x00,0x6D,0x00,0x65,0x00}; 
  55          code U8 *gc_Str_Time[]={gc_Str_Time_ENG,gc_Str_Time_CHS};
  56          // 重覆(Repeat)
  57          code U8 gc_Str_AlarmRepeat_CHS[]={ 4,0xD6,0xD8,0xB8,0xB4};
  58          code U8 gc_Str_AlarmRepeat_ENG[]={12,0x52,0x00,0x65,0x00,0x70,0x00,0x65,0x00,0x61,0x00,0x74,0x00};
  59          code U8 *gc_Str_AlarmRepeat[]={gc_Str_AlarmRepeat_ENG,gc_Str_AlarmRepeat_CHS};
  60          #else
              // 星期一(Monday)
              code U8 gc_Str_Monday_CHS[]={ 2,0x00,0x4E};
              code U8 gc_Str_Monday_CHT[]={ 2,0x00,0x4E};
              code U8 gc_Str_Monday_ENG[]={12,0x4D,0x00,0x6F,0x00,0x6E,0x00,0x64,0x00,0x61,0x00,0x79,0x00};
              code U8 gc_Str_Monday_JAP[]={ 6,0x08,0x67,0xDC,0x66,0xE5,0x65};
              code U8 gc_Str_Monday_KOR[]={ 6,0xD4,0xC6,0x94,0xC6,0x7C,0xC7};
              code U8 gc_Str_Monday_GER[]={12,0x4D,0x00,0x6F,0x00,0x6E,0x00,0x74,0x00,0x61,0x00,0x67,0x00};
              code U8 gc_Str_Monday_FRA[]={10,0x4C,0x00,0x75,0x00,0x6E,0x00,0x64,0x00,0x69,0x00};
              code U8 gc_Str_Monday_ITA[]={12,0x4C,0x00,0x75,0x00,0x6E,0x00,0x65,0x00,0x64,0x00,0x69,0x00};
              code U8 gc_Str_Monday_SPA[]={10,0x4C,0x00,0x75,0x00,0x6E,0x00,0x65,0x00,0x73,0x00};
              code U8 gc_Str_Monday_SWE[]={12,0x4D,0x00,0xE5,0x00,0x6E,0x00,0x64,0x00,0x61,0x00,0x67,0x00};
              code U8 gc_Str_Monday_CZH[]={14,0x60,0x00,0x6F,0x00,0x6E,0x00,0x64,0x00,0x1B,0x01,0x6C,0x00,0xED,0x00};
              code U8 gc_Str_Monday_HOL[]={14,0x4D,0x00,0x61,0x00,0x61,0x00,0x6E,0x00,0x64,0x00,0x61,0x00,0x67,0x00};
              code U8 gc_Str_Monday_POR[]={26,0x53,0x00,0x65,0x00,0x67,0x00,0x75,0x00,0x6E,0x00,0x64,0x00,0x61,0x00,0x2D
             -,0x00,0x66,0x00,0x65,0x00,0x69,0x00,0x72,0x00,0x61,0x00};
              code U8 gc_Str_Monday_DAN[]={12,0x4D,0x00,0x61,0x00,0x6E,0x00,0x64,0x00,0x61,0x00,0x67,0x00};
              code U8 gc_Str_Monday_POL[]={24,0x50,0x00,0x6F,0x00,0x6E,0x00,0x69,0x00,0x65,0x00,0x64,0x00,0x7A,0x00,0x69
             -,0x00,0x61,0x00,0x42,0x00,0x65,0x00,0x6B,0x00};
              code U8 gc_Str_Monday_RUA[]={22,0x1F,0x04,0x3E,0x04,0x3D,0x04,0x35,0x04,0x34,0x04,0x35,0x04,0x3B,0x04,0x4C
             -,0x04,0x3D,0x04,0x38,0x04,0x3A,0x04};
              code U8 gc_Str_Monday_TUR[]={18,0x50,0x00,0x61,0x00,0x7A,0x00,0x61,0x00,0x72,0x00,0x74,0x00,0x65,0x00,0x73
             -,0x00,0x69,0x00};
              code U8 *gc_Str_Monday[]={gc_Str_Monday_CHS,gc_Str_Monday_CHT,gc_Str_Monday_ENG,gc_Str_Monday_JAP,
                                                      gc_Str_Monday_KOR,gc_Str_Monday_GER,gc_Str_Monday_FRA,gc_Str_Monday_ITA,
                                                      gc_Str_Monday_SPA,gc_Str_Monday_SWE,gc_Str_Monday_CZH,gc_Str_Monday_HOL,
                                                      gc_Str_Monday_POR,gc_Str_Monday_DAN,gc_Str_Monday_POL,gc_Str_Monday_RUA,
                                                      gc_Str_Monday_TUR};
              
              // 星期二(Tuesday)
              code U8 gc_Str_Tuesday_CHS[]={ 2,0x8C,0x4E};
              code U8 gc_Str_Tuesday_CHT[]={ 2,0x8C,0x4E};
              code U8 gc_Str_Tuesday_ENG[]={14,0x54,0x00,0x75,0x00,0x65,0x00,0x73,0x00,0x64,0x00,0x61,0x00,0x79,0x00};
              code U8 gc_Str_Tuesday_JAP[]={ 6,0x6B,0x70,0xDC,0x66,0xE5,0x65};
              code U8 gc_Str_Tuesday_KOR[]={ 6,0x54,0xD6,0x94,0xC6,0x7C,0xC7};
              code U8 gc_Str_Tuesday_GER[]={16,0x44,0x00,0x69,0x00,0x65,0x00,0x6E,0x00,0x73,0x00,0x74,0x00,0x61,0x00,0x6
             -7,0x00};
              code U8 gc_Str_Tuesday_FRA[]={10,0x4D,0x00,0x61,0x00,0x72,0x00,0x64,0x00,0x69,0x00};
              code U8 gc_Str_Tuesday_ITA[]={14,0x4D,0x00,0x61,0x00,0x72,0x00,0x74,0x00,0x65,0x00,0x64,0x00,0xEC,0x00};
              code U8 gc_Str_Tuesday_SPA[]={12,0x4D,0x00,0x61,0x00,0x72,0x00,0x74,0x00,0x65,0x00,0x73,0x00};
              code U8 gc_Str_Tuesday_SWE[]={12,0x54,0x00,0x69,0x00,0x73,0x00,0x64,0x00,0x61,0x00,0x67,0x00};
              code U8 gc_Str_Tuesday_CZH[]={10,0xDA,0x00,0x74,0x00,0x65,0x00,0x72,0x00,0xFD,0x00};
              code U8 gc_Str_Tuesday_HOL[]={14,0x44,0x00,0x69,0x00,0x6E,0x00,0x73,0x00,0x64,0x00,0x61,0x00,0x67,0x00};
              code U8 gc_Str_Tuesday_POR[]={22,0x54,0x00,0x65,0x00,0x72,0x00,0xE7,0x00,0x61,0x00,0x2D,0x00,0x66,0x00,0x6
             -5,0x00,0x69,0x00,0x72,0x00,0x61,0x00};
              code U8 gc_Str_Tuesday_DAN[]={14,0x54,0x00,0x69,0x00,0x72,0x00,0x73,0x00,0x64,0x00,0x61,0x00,0x67,0x00};
              code U8 gc_Str_Tuesday_POL[]={12,0x57,0x00,0x74,0x00,0x6F,0x00,0x72,0x00,0x65,0x00,0x6B,0x00};
              code U8 gc_Str_Tuesday_RUA[]={14,0x12,0x04,0x42,0x04,0x3E,0x04,0x40,0x04,0x3D,0x04,0x38,0x04,0x3A,0x04};
              code U8 gc_Str_Tuesday_TUR[]={ 8,0x53,0x00,0x61,0x00,0x6C,0x00,0x31,0x01};
              code U8 *gc_Str_Tuesday[]={gc_Str_Tuesday_CHS,gc_Str_Tuesday_CHT,gc_Str_Tuesday_ENG,gc_Str_Tuesday_JAP,
                                                      gc_Str_Tuesday_KOR,gc_Str_Tuesday_GER,gc_Str_Tuesday_FRA,gc_Str_Tuesday_ITA,
C51 COMPILER V9.00   MENUSTRING4                                                           07/09/2012 21:16:52 PAGE 3   

                                                      gc_Str_Tuesday_SPA,gc_Str_Tuesday_SWE,gc_Str_Tuesday_CZH,gc_Str_Tuesday_HOL,
                                                      gc_Str_Tuesday_POR,gc_Str_Tuesday_DAN,gc_Str_Tuesday_POL,gc_Str_Tuesday_RUA,
                                                      gc_Str_Tuesday_TUR};
              
              // 星期三(Wednesday)
              code U8 gc_Str_Wednesday_CHS[]={ 2,0x09,0x4E};
              code U8 gc_Str_Wednesday_CHT[]={ 2,0x09,0x4E};
              code U8 gc_Str_Wednesday_ENG[]={18,0x57,0x00,0x65,0x00,0x64,0x00,0x6E,0x00,0x65,0x00,0x73,0x00,0x64,0x00,0
             -x61,0x00,0x79,0x00};
              code U8 gc_Str_Wednesday_JAP[]={ 6,0x34,0x6C,0xDC,0x66,0xE5,0x65};
              code U8 gc_Str_Wednesday_KOR[]={ 6,0x18,0xC2,0x94,0xC6,0x7C,0xC7};
              code U8 gc_Str_Wednesday_GER[]={16,0x4D,0x00,0x69,0x00,0x74,0x00,0x74,0x00,0x77,0x00,0x6F,0x00,0x63,0x00,0
             -x68,0x00};
              code U8 gc_Str_Wednesday_FRA[]={16,0x4D,0x00,0x65,0x00,0x72,0x00,0x63,0x00,0x72,0x00,0x65,0x00,0x64,0x00,0
             -x69,0x00};
              code U8 gc_Str_Wednesday_ITA[]={18,0x4D,0x00,0x65,0x00,0x72,0x00,0x63,0x00,0x6F,0x00,0x6C,0x00,0x65,0x00,0
             -x64,0x00,0xEC,0x00};
              code U8 gc_Str_Wednesday_SPA[]={18,0x4D,0x00,0x69,0x00,0xE9,0x00,0x72,0x00,0x63,0x00,0x6F,0x00,0x6C,0x00,0
             -x65,0x00,0x73,0x00};
              code U8 gc_Str_Wednesday_SWE[]={12,0x4F,0x00,0x6E,0x00,0x73,0x00,0x64,0x00,0x61,0x00,0x67,0x00};
              code U8 gc_Str_Wednesday_CZH[]={12,0x53,0x00,0x74,0x00,0x59,0x01,0x65,0x00,0x64,0x00,0x61,0x00};
              code U8 gc_Str_Wednesday_HOL[]={16,0x57,0x00,0x6F,0x00,0x65,0x00,0x6E,0x00,0x73,0x00,0x64,0x00,0x61,0x00,0
             -x67,0x00};
              code U8 gc_Str_Wednesday_POR[]={24,0x51,0x00,0x75,0x00,0x61,0x00,0x72,0x00,0x74,0x00,0x61,0x00,0x2D,0x00,0
             -x66,0x00,0x65,0x00,0x69,0x00,0x72,0x00,0x61,0x00};
              code U8 gc_Str_Wednesday_DAN[]={12,0x4F,0x00,0x6E,0x00,0x73,0x00,0x64,0x00,0x61,0x00,0x67,0x00};
              code U8 gc_Str_Wednesday_POL[]={10,0x5A,0x01,0x72,0x00,0x6F,0x00,0x64,0x00,0x61,0x00};
              code U8 gc_Str_Wednesday_RUA[]={10,0x21,0x04,0x40,0x04,0x35,0x04,0x34,0x04,0x30,0x04};
              code U8 gc_Str_Wednesday_TUR[]={16,0xC7,0x00,0x61,0x00,0x72,0x00,0x5F,0x01,0x61,0x00,0x6D,0x00,0x62,0x00,0
             -x61,0x00};
              code U8 *gc_Str_Wednesday[]={gc_Str_Wednesday_CHS,gc_Str_Wednesday_CHT,gc_Str_Wednesday_ENG,gc_Str_Wednesd
             -ay_JAP,
                                                      gc_Str_Wednesday_KOR,gc_Str_Wednesday_GER,gc_Str_Wednesday_FRA,gc_Str_Wednesday_ITA,
                                                      gc_Str_Wednesday_SPA,gc_Str_Wednesday_SWE,gc_Str_Wednesday_CZH,gc_Str_Wednesday_HOL,
                                                      gc_Str_Wednesday_POR,gc_Str_Wednesday_DAN,gc_Str_Wednesday_POL,gc_Str_Wednesday_RUA,
                                                      gc_Str_Wednesday_TUR};
              
              // 星期四(Thursday)
              code U8 gc_Str_Thursday_CHS[]={ 2,0xDB,0x56};
              code U8 gc_Str_Thursday_CHT[]={ 2,0xDB,0x56};
              code U8 gc_Str_Thursday_ENG[]={16,0x54,0x00,0x68,0x00,0x75,0x00,0x72,0x00,0x73,0x00,0x64,0x00,0x61,0x00,0x
             -79,0x00};
              code U8 gc_Str_Thursday_JAP[]={ 6,0x28,0x67,0xDC,0x66,0xE5,0x65};
              code U8 gc_Str_Thursday_KOR[]={ 6,0xA9,0xBA,0x94,0xC6,0x7C,0xC7};
              code U8 gc_Str_Thursday_GER[]={20,0x44,0x00,0x6F,0x00,0x6E,0x00,0x6E,0x00,0x65,0x00,0x72,0x00,0x73,0x00,0x
             -74,0x00,0x61,0x00,0x67,0x00};
              code U8 gc_Str_Thursday_FRA[]={10,0x4A,0x00,0x65,0x00,0x75,0x00,0x64,0x00,0x69,0x00};
              code U8 gc_Str_Thursday_ITA[]={14,0x47,0x00,0x69,0x00,0x6F,0x00,0x76,0x00,0x65,0x00,0x64,0x00,0x69,0x00};
              code U8 gc_Str_Thursday_SPA[]={12,0x4A,0x00,0x75,0x00,0x65,0x00,0x76,0x00,0x65,0x00,0x73,0x00};
              code U8 gc_Str_Thursday_SWE[]={14,0x54,0x00,0x6F,0x00,0x72,0x00,0x73,0x00,0x64,0x00,0x61,0x00,0x67,0x00};
              code U8 gc_Str_Thursday_CZH[]={14,0x0C,0x01,0x74,0x00,0x76,0x00,0x72,0x00,0x74,0x00,0x65,0x00,0x6B,0x00};
              code U8 gc_Str_Thursday_HOL[]={18,0x44,0x00,0x6F,0x00,0x6E,0x00,0x64,0x00,0x65,0x00,0x72,0x00,0x64,0x00,0x
             -61,0x00,0x67,0x00};
              code U8 gc_Str_Thursday_POR[]={24,0x51,0x00,0x75,0x00,0x69,0x00,0x6E,0x00,0x74,0x00,0x61,0x00,0x2D,0x00,0x
             -66,0x00,0x65,0x00,0x69,0x00,0x72,0x00,0x61,0x00};
              code U8 gc_Str_Thursday_DAN[]={14,0x54,0x00,0x6F,0x00,0x72,0x00,0x73,0x00,0x64,0x00,0x61,0x00,0x67,0x00};
              code U8 gc_Str_Thursday_POL[]={16,0x43,0x00,0x7A,0x00,0x77,0x00,0x61,0x00,0x72,0x00,0x74,0x00,0x65,0x00,0x
             -6B,0x00};
              code U8 gc_Str_Thursday_RUA[]={14,0x27,0x04,0x35,0x04,0x42,0x04,0x32,0x04,0x35,0x04,0x40,0x04,0x33,0x04};
              code U8 gc_Str_Thursday_TUR[]={16,0x50,0x00,0x65,0x00,0x72,0x00,0x5F,0x01,0x65,0x00,0x6D,0x00,0x62,0x00,0x
             -65,0x00};
              code U8 *gc_Str_Thursday[]={gc_Str_Thursday_CHS,gc_Str_Thursday_CHT,gc_Str_Thursday_ENG,gc_Str_Thursday_JA
C51 COMPILER V9.00   MENUSTRING4                                                           07/09/2012 21:16:52 PAGE 4   

             -P,
                                                      gc_Str_Thursday_KOR,gc_Str_Thursday_GER,gc_Str_Thursday_FRA,gc_Str_Thursday_ITA,
                                                      gc_Str_Thursday_SPA,gc_Str_Thursday_SWE,gc_Str_Thursday_CZH,gc_Str_Thursday_HOL,
                                                      gc_Str_Thursday_POR,gc_Str_Thursday_DAN,gc_Str_Thursday_POL,gc_Str_Thursday_RUA,
                                                      gc_Str_Thursday_TUR};
              
              // 星期五(Friday)
              code U8 gc_Str_Friday_CHS[]={ 2,0x94,0x4E};
              code U8 gc_Str_Friday_CHT[]={ 2,0x94,0x4E};
              code U8 gc_Str_Friday_ENG[]={12,0x46,0x00,0x72,0x00,0x69,0x00,0x64,0x00,0x61,0x00,0x79,0x00};
              code U8 gc_Str_Friday_JAP[]={ 6,0xD1,0x91,0xDC,0x66,0xE5,0x65};
              code U8 gc_Str_Friday_KOR[]={ 6,0x08,0xAE,0x94,0xC6,0x7C,0xC7};
              code U8 gc_Str_Friday_GER[]={14,0x46,0x00,0x72,0x00,0x65,0x00,0x69,0x00,0x74,0x00,0x61,0x00,0x67,0x00};
              code U8 gc_Str_Friday_FRA[]={16,0x56,0x00,0x65,0x00,0x6E,0x00,0x64,0x00,0x72,0x00,0x65,0x00,0x64,0x00,0x69
             -,0x00};
              code U8 gc_Str_Friday_ITA[]={14,0x56,0x00,0x65,0x00,0x6E,0x00,0x65,0x00,0x72,0x00,0x64,0x00,0xEC,0x00};
              code U8 gc_Str_Friday_SPA[]={14,0x56,0x00,0x69,0x00,0x65,0x00,0x72,0x00,0x6E,0x00,0x65,0x00,0x73,0x00};
              code U8 gc_Str_Friday_SWE[]={12,0x46,0x00,0x72,0x00,0x65,0x00,0x64,0x00,0x61,0x00,0x67,0x00};
              code U8 gc_Str_Friday_CZH[]={10,0x50,0x00,0xE1,0x00,0x74,0x00,0x65,0x00,0x6B,0x00};
              code U8 gc_Str_Friday_HOL[]={14,0x56,0x00,0x72,0x00,0x69,0x00,0x6A,0x00,0x64,0x00,0x61,0x00,0x67,0x00};
              code U8 gc_Str_Friday_POR[]={22,0x53,0x00,0x65,0x00,0x78,0x00,0x74,0x00,0x61,0x00,0x2D,0x00,0x66,0x00,0x65
             -,0x00,0x69,0x00,0x72,0x00,0x61,0x00};
              code U8 gc_Str_Friday_DAN[]={12,0x46,0x00,0x72,0x00,0x65,0x00,0x64,0x00,0x61,0x00,0x67,0x00};
              code U8 gc_Str_Friday_POL[]={12,0x50,0x00,0x69,0x00,0x05,0x01,0x74,0x00,0x65,0x00,0x6B,0x00};
              code U8 gc_Str_Friday_RUA[]={14,0x1F,0x04,0x4F,0x04,0x42,0x04,0x3D,0x04,0x38,0x04,0x46,0x04,0x30,0x04};
              code U8 gc_Str_Friday_TUR[]={ 8,0x43,0x00,0x75,0x00,0x6D,0x00,0x61,0x00};
              code U8 *gc_Str_Friday[]={gc_Str_Friday_CHS,gc_Str_Friday_CHT,gc_Str_Friday_ENG,gc_Str_Friday_JAP,
                                                      gc_Str_Friday_KOR,gc_Str_Friday_GER,gc_Str_Friday_FRA,gc_Str_Friday_ITA,
                                                      gc_Str_Friday_SPA,gc_Str_Friday_SWE,gc_Str_Friday_CZH,gc_Str_Friday_HOL,
                                                      gc_Str_Friday_POR,gc_Str_Friday_DAN,gc_Str_Friday_POL,gc_Str_Friday_RUA,
                                                      gc_Str_Friday_TUR};
              
              // 星期六(Staurday)
              code U8 gc_Str_Saturday_CHS[]={ 2,0x6D,0x51};
              code U8 gc_Str_Saturday_CHT[]={ 2,0x6D,0x51};
              code U8 gc_Str_Saturday_ENG[]={16,0x53,0x00,0x61,0x00,0x74,0x00,0x75,0x00,0x72,0x00,0x64,0x00,0x61,0x00,0x
             -79,0x00};
              code U8 gc_Str_Saturday_JAP[]={ 6,0x1F,0x57,0xDC,0x66,0xE5,0x65};
              code U8 gc_Str_Saturday_KOR[]={ 6,0xA0,0xD1,0x94,0xC6,0x7C,0xC7};
              code U8 gc_Str_Saturday_GER[]={14,0x53,0x00,0x61,0x00,0x6D,0x00,0x73,0x00,0x74,0x00,0x61,0x00,0x67,0x00};
              code U8 gc_Str_Saturday_FRA[]={12,0x53,0x00,0x61,0x00,0x6D,0x00,0x65,0x00,0x64,0x00,0x69,0x00};
              code U8 gc_Str_Saturday_ITA[]={12,0x53,0x00,0x61,0x00,0x62,0x00,0x61,0x00,0x74,0x00,0x6F,0x00};
              code U8 gc_Str_Saturday_SPA[]={12,0x53,0x00,0xE1,0x00,0x62,0x00,0x61,0x00,0x64,0x00,0x6F,0x00};
              code U8 gc_Str_Saturday_SWE[]={12,0x4C,0x00,0xF6,0x00,0x72,0x00,0x64,0x00,0x61,0x00,0x67,0x00};
              code U8 gc_Str_Saturday_CZH[]={12,0x53,0x00,0x6F,0x00,0x62,0x00,0x6F,0x00,0x74,0x00,0x61,0x00};
              code U8 gc_Str_Saturday_HOL[]={16,0x5A,0x00,0x61,0x00,0x74,0x00,0x65,0x00,0x72,0x00,0x64,0x00,0x61,0x00,0x
             -67,0x00};
              code U8 gc_Str_Saturday_POR[]={12,0x53,0x00,0xE1,0x00,0x62,0x00,0x61,0x00,0x64,0x00,0x6F,0x00};
              code U8 gc_Str_Saturday_DAN[]={12,0x4C,0x00,0xF8,0x00,0x72,0x00,0x64,0x00,0x61,0x00,0x67,0x00};
              code U8 gc_Str_Saturday_POL[]={12,0x53,0x00,0x6F,0x00,0x62,0x00,0x6F,0x00,0x74,0x00,0x61,0x00};
              code U8 gc_Str_Saturday_RUA[]={14,0x21,0x04,0x43,0x04,0x31,0x04,0x31,0x04,0x3E,0x04,0x42,0x04,0x30,0x04};
              code U8 gc_Str_Saturday_TUR[]={18,0x43,0x00,0x75,0x00,0x6D,0x00,0x61,0x00,0x72,0x00,0x74,0x00,0x65,0x00,0x
             -73,0x00,0x69,0x00};
              code U8 *gc_Str_Saturday[]={gc_Str_Saturday_CHS,gc_Str_Saturday_CHT,gc_Str_Saturday_ENG,gc_Str_Saturday_JA
             -P,
                                                      gc_Str_Saturday_KOR,gc_Str_Saturday_GER,gc_Str_Saturday_FRA,gc_Str_Saturday_ITA,
                                                      gc_Str_Saturday_SPA,gc_Str_Saturday_SWE,gc_Str_Saturday_CZH,gc_Str_Saturday_HOL,
                                                      gc_Str_Saturday_POR,gc_Str_Saturday_DAN,gc_Str_Saturday_POL,gc_Str_Saturday_RUA,
                                                      gc_Str_Saturday_TUR};
              
              // 星期日(Sunday)
              code U8 gc_Str_Sunday_CHS[]={ 2,0xE5,0x65};
C51 COMPILER V9.00   MENUSTRING4                                                           07/09/2012 21:16:52 PAGE 5   

              code U8 gc_Str_Sunday_CHT[]={ 2,0xE5,0x65};
              code U8 gc_Str_Sunday_ENG[]={10,0x53,0x00,0x75,0x00,0x6E,0x00,0x64,0x00,0x61,0x00,0x79,0x00};
              code U8 gc_Str_Sunday_JAP[]={ 6,0xE5,0x65,0xDC,0x66,0xE5,0x65};
              code U8 gc_Str_Sunday_KOR[]={ 6,0x7C,0xC7,0x94,0xC6,0x7C,0xC7};
              code U8 gc_Str_Sunday_GER[]={14,0x53,0x00,0x6F,0x00,0x6E,0x00,0x6E,0x00,0x74,0x00,0x61,0x00,0x67,0x00};
              code U8 gc_Str_Sunday_FRA[]={16,0x44,0x00,0x69,0x00,0x6D,0x00,0x61,0x00,0x6E,0x00,0x63,0x00,0x68,0x00,0x65
             -,0x00};
              code U8 gc_Str_Sunday_ITA[]={16,0x44,0x00,0x6F,0x00,0x6D,0x00,0x65,0x00,0x6E,0x00,0x69,0x00,0x63,0x00,0x61
             -,0x00};
              code U8 gc_Str_Sunday_SPA[]={14,0x44,0x00,0x6F,0x00,0x6D,0x00,0x69,0x00,0x6E,0x00,0x67,0x00,0x6F,0x00};
              code U8 gc_Str_Sunday_SWE[]={12,0x53,0x00,0xF6,0x00,0x6E,0x00,0x64,0x00,0x61,0x00,0x67,0x00};
              code U8 gc_Str_Sunday_CZH[]={12,0x4E,0x00,0x65,0x00,0x64,0x00,0x1B,0x01,0x6C,0x00,0x65,0x00};
              code U8 gc_Str_Sunday_HOL[]={12,0x5A,0x00,0x6F,0x00,0x6E,0x00,0x64,0x00,0x61,0x00,0x67,0x00};
              code U8 gc_Str_Sunday_POR[]={14,0x44,0x00,0x6F,0x00,0x6D,0x00,0x69,0x00,0x6E,0x00,0x67,0x00,0x6F,0x00};
              code U8 gc_Str_Sunday_DAN[]={12,0x53,0x00,0xF8,0x00,0x6E,0x00,0x64,0x00,0x61,0x00,0x67,0x00};
              code U8 gc_Str_Sunday_POL[]={18,0x4E,0x00,0x69,0x00,0x65,0x00,0x64,0x00,0x7A,0x00,0x69,0x00,0x65,0x00,0x6C
             -,0x00,0x61,0x00};
              code U8 gc_Str_Sunday_RUA[]={22,0x12,0x04,0x3E,0x04,0x41,0x04,0x3A,0x04,0x40,0x04,0x35,0x04,0x41,0x04,0x35
             -,0x04,0x3D,0x04,0x4C,0x04,0x35,0x04};
              code U8 gc_Str_Sunday_TUR[]={10,0x50,0x00,0x61,0x00,0x7A,0x00,0x61,0x00,0x72,0x00};
              code U8 *gc_Str_Sunday[]={gc_Str_Sunday_CHS,gc_Str_Sunday_CHT,gc_Str_Sunday_ENG,gc_Str_Sunday_JAP,
                                                      gc_Str_Sunday_KOR,gc_Str_Sunday_GER,gc_Str_Sunday_FRA,gc_Str_Sunday_ITA,
                                                      gc_Str_Sunday_SPA,gc_Str_Sunday_SWE,gc_Str_Sunday_CZH,gc_Str_Sunday_HOL,
                                                      gc_Str_Sunday_POR,gc_Str_Sunday_DAN,gc_Str_Sunday_POL,gc_Str_Sunday_RUA,
                                                      gc_Str_Sunday_TUR};     
              
              // 系統時間(Clock)
              code U8 gc_Str_Clock_CHS[]={ 8,0xFB,0x7C,0xDF,0x7E,0xF6,0x65,0xF4,0x95};
              code U8 gc_Str_Clock_CHT[]={ 8,0xFB,0x7C,0x71,0x7D,0x42,0x66,0x93,0x95};
              code U8 gc_Str_Clock_ENG[]={10,0x43,0x00,0x6C,0x00,0x6F,0x00,0x63,0x00,0x6B,0x00};
              code U8 gc_Str_Clock_JAP[]={ 8,0xAF,0x30,0xED,0x30,0xC3,0x30,0xAF,0x30};
              code U8 gc_Str_Clock_KOR[]={ 4,0xDC,0xC2,0xC4,0xAC};
              code U8 gc_Str_Clock_GER[]={ 6,0x55,0x00,0x68,0x00,0x72,0x00};
              code U8 gc_Str_Clock_FRA[]={14,0x48,0x00,0x6F,0x00,0x72,0x00,0x6C,0x00,0x6F,0x00,0x67,0x00,0x65,0x00};
              code U8 gc_Str_Clock_ITA[]={16,0x6F,0x00,0x72,0x00,0x6F,0x00,0x6C,0x00,0x6F,0x00,0x67,0x00,0x69,0x00,0x6F,
             -0x00};
              code U8 gc_Str_Clock_SPA[]={10,0x72,0x00,0x65,0x00,0x6C,0x00,0x6F,0x00,0x6A,0x00};
              code U8 gc_Str_Clock_SWE[]={12,0x4B,0x00,0x6C,0x00,0x6F,0x00,0x63,0x00,0x6B,0x00,0x6A,0x00};
              code U8 gc_Str_Clock_CZH[]={12,0x48,0x00,0x6F,0x00,0x64,0x00,0x69,0x00,0x6E,0x00,0x79,0x00};
              code U8 gc_Str_Clock_HOL[]={ 8,0x4B,0x00,0x6C,0x00,0x6F,0x00,0x6B,0x00};
              code U8 gc_Str_Clock_POR[]={14,0x52,0x00,0x65,0x00,0x6C,0x00,0xF3,0x00,0x67,0x00,0x69,0x00,0x6F,0x00};
              code U8 gc_Str_Clock_DAN[]={ 4,0x55,0x00,0x72,0x00};
              code U8 gc_Str_Clock_POL[]={10,0x7A,0x00,0x65,0x00,0x67,0x00,0x61,0x00,0x72,0x00};
              code U8 gc_Str_Clock_RUA[]={ 8,0x27,0x04,0x30,0x04,0x41,0x04,0x4B,0x04};
              code U8 gc_Str_Clock_TUR[]={ 8,0x73,0x00,0x61,0x00,0x61,0x00,0x74,0x00};
              code U8 *gc_Str_Clock[]={gc_Str_Clock_CHS,gc_Str_Clock_CHT,gc_Str_Clock_ENG,gc_Str_Clock_JAP,
                                                              gc_Str_Clock_KOR,gc_Str_Clock_GER,gc_Str_Clock_FRA,gc_Str_Clock_ITA,
                                                              gc_Str_Clock_SPA,gc_Str_Clock_SWE,gc_Str_Clock_CZH,gc_Str_Clock_HOL,
                                                              gc_Str_Clock_POR,gc_Str_Clock_DAN,gc_Str_Clock_POL,gc_Str_Clock_RUA,
                                                              gc_Str_Clock_TUR};
              
              // 背光時間(Backlight)
              code U8 gc_Str_Backlight_CHS[]={ 8,0xCC,0x80,0x49,0x51,0xF6,0x65,0xF4,0x95};
              code U8 gc_Str_Backlight_CHT[]={ 8,0xCC,0x80,0x49,0x51,0x42,0x66,0x93,0x95};
              code U8 gc_Str_Backlight_ENG[]={18,0x42,0x00,0x61,0x00,0x63,0x00,0x6B,0x00,0x6C,0x00,0x69,0x00,0x67,0x00,0
             -x68,0x00,0x74,0x00};
              code U8 gc_Str_Backlight_JAP[]={12,0xD0,0x30,0xC3,0x30,0xAF,0x30,0xC9,0x30,0xA4,0x30,0xC8,0x30};
              code U8 gc_Str_Backlight_KOR[]={ 8,0x31,0xBC,0x7C,0xB7,0x74,0xC7,0xB8,0xD2};
              code U8 gc_Str_Backlight_GER[]={20,0x47,0x00,0x65,0x00,0x67,0x00,0x65,0x00,0x6E,0x00,0x6C,0x00,0x69,0x00,0
             -x63,0x00,0x68,0x00,0x74,0x00};
              code U8 gc_Str_Backlight_FRA[]={26,0x52,0x00,0xE9,0x00,0x74,0x00,0x72,0x00,0x6F,0x00,0x2D,0x00,0xE9,0x00,0
             -x63,0x00,0x6C,0x00,0x61,0x00,0x69,0x00,0x72,0x00,0x61,0x00};
C51 COMPILER V9.00   MENUSTRING4                                                           07/09/2012 21:16:52 PAGE 6   

              code U8 gc_Str_Backlight_ITA[]={32,0x72,0x00,0x65,0x00,0x74,0x00,0x72,0x00,0x6F,0x00,0x69,0x00,0x6C,0x00,0
             -x6C,0x00,0x75,0x00,0x6D,0x00,0x69,0x00,0x6E,0x00,0x61,0x00,0x7A,0x00,0x69,0x00,0x6F,0x00};
              code U8 gc_Str_Backlight_SPA[]={24,0x4C,0x00,0x75,0x00,0x7A,0x00,0x20,0x00,0x64,0x00,0x65,0x00,0x20,0x00,0
             -x66,0x00,0x6F,0x00,0x6E,0x00,0x64,0x00,0x6F,0x00};
              code U8 gc_Str_Backlight_SWE[]={26,0x54,0x00,0x69,0x00,0x6C,0x00,0x6C,0x00,0x62,0x00,0x61,0x00,0x6B,0x00,0
             -x61,0x00,0x20,0x00,0x6C,0x00,0x6A,0x00,0x75,0x00,0x73,0x00};
              code U8 gc_Str_Backlight_CZH[]={20,0x50,0x00,0x6F,0x00,0x64,0x00,0x73,0x00,0x76,0x00,0xED,0x00,0x63,0x00,0
             -x65,0x00,0x6E,0x00,0xED,0x00};
              code U8 gc_Str_Backlight_HOL[]={32,0x41,0x00,0x63,0x00,0x68,0x00,0x74,0x00,0x65,0x00,0x72,0x00,0x67,0x00,0
             -x72,0x00,0x6F,0x00,0x6E,0x00,0x64,0x00,0x76,0x00,0x65,0x00,0x72,0x00,0x6C,0x00,0x69,0x00};
              code U8 gc_Str_Backlight_POR[]={20,0x56,0x00,0x6F,0x00,0x6C,0x00,0x74,0x00,0x61,0x00,0x72,0x00,0x20,0x00,0
             -x6C,0x00,0x75,0x00,0x7A,0x00};
              code U8 gc_Str_Backlight_DAN[]={24,0x42,0x00,0x61,0x00,0x67,0x00,0x67,0x00,0x72,0x00,0x75,0x00,0x6E,0x00,0
             -x64,0x00,0x73,0x00,0x6C,0x00,0x79,0x00,0x73,0x00};
              code U8 gc_Str_Backlight_POL[]={10,0x5A,0x00,0x65,0x00,0x67,0x00,0x61,0x00,0x72,0x00};
              code U8 gc_Str_Backlight_RUA[]={18,0x1F,0x04,0x3E,0x04,0x34,0x04,0x41,0x04,0x32,0x04,0x35,0x04,0x42,0x04,0
             -x3A,0x04,0x30,0x04};
              code U8 gc_Str_Backlight_TUR[]={ 8,0x61,0x00,0x72,0x00,0x6B,0x00,0x61,0x00};
              code U8 *gc_Str_Backlight[]={gc_Str_Backlight_CHS,gc_Str_Backlight_CHT,gc_Str_Backlight_ENG,gc_Str_Backlig
             -ht_JAP,
                                                              gc_Str_Backlight_KOR,gc_Str_Backlight_GER,gc_Str_Backlight_FRA,gc_Str_Backlight_ITA,
                                                              gc_Str_Backlight_SPA,gc_Str_Backlight_SWE,gc_Str_Backlight_CZH,gc_Str_Backlight_HOL,
                                                              gc_Str_Backlight_POR,gc_Str_Backlight_DAN,gc_Str_Backlight_POL,gc_Str_Backlight_RUA,
                                                              gc_Str_Backlight_TUR};
              
              // 語言(Language)
              code U8 gc_Str_Language_CHS[]={ 4,0xED,0x8B,0x00,0x8A};
              code U8 gc_Str_Language_CHT[]={ 4,0x9E,0x8A,0x00,0x8A};
              code U8 gc_Str_Language_ENG[]={16,0x4C,0x00,0x61,0x00,0x6E,0x00,0x67,0x00,0x75,0x00,0x61,0x00,0x67,0x00,0x
             -65,0x00};
              code U8 gc_Str_Language_JAP[]={ 4,0x00,0x8A,0x9E,0x8A};
              code U8 gc_Str_Language_KOR[]={ 4,0xB8,0xC5,0xB4,0xC5};
              code U8 gc_Str_Language_GER[]={14,0x53,0x00,0x70,0x00,0x72,0x00,0x61,0x00,0x63,0x00,0x68,0x00,0x65,0x00};
              code U8 gc_Str_Language_FRA[]={18,0x6C,0x00,0x61,0x00,0x20,0x00,0x6C,0x00,0x61,0x00,0x6E,0x00,0x67,0x00,0x
             -75,0x00,0x65,0x00};
              code U8 gc_Str_Language_ITA[]={12,0x6C,0x00,0x69,0x00,0x6E,0x00,0x67,0x00,0x75,0x00,0x61,0x00};
              code U8 gc_Str_Language_SPA[]={12,0x49,0x00,0x64,0x00,0x69,0x00,0x6F,0x00,0x6D,0x00,0x61,0x00};
              code U8 gc_Str_Language_SWE[]={10,0x53,0x00,0x70,0x00,0x72,0x00,0xE6,0x00,0x6B,0x00};
              code U8 gc_Str_Language_CZH[]={10,0x4A,0x00,0x61,0x00,0x7A,0x00,0x79,0x00,0x6B,0x00};
              code U8 gc_Str_Language_HOL[]={ 8,0x54,0x00,0x61,0x00,0x61,0x00,0x6C,0x00};
              code U8 gc_Str_Language_POR[]={12,0x49,0x00,0x64,0x00,0x69,0x00,0x6F,0x00,0x6D,0x00,0x61,0x00};
              code U8 gc_Str_Language_DAN[]={10,0x53,0x00,0x70,0x00,0x72,0x00,0x6F,0x00,0x67,0x00};
              code U8 gc_Str_Language_POL[]={10,0x4A,0x00,0x19,0x01,0x7A,0x00,0x79,0x00,0x6B,0x00};
              code U8 gc_Str_Language_RUA[]={ 8,0x2F,0x04,0x37,0x04,0x4B,0x04,0x3A,0x04};
              code U8 gc_Str_Language_TUR[]={ 6,0x44,0x00,0x69,0x00,0x6C,0x00};
              code U8 *gc_Str_Language[]={gc_Str_Language_CHS,gc_Str_Language_CHT,gc_Str_Language_ENG,gc_Str_Language_JA
             -P,
                                                              gc_Str_Language_KOR,gc_Str_Language_GER,gc_Str_Language_FRA,gc_Str_Language_ITA,
                                                              gc_Str_Language_SPA,gc_Str_Language_SWE,gc_Str_Language_CZH,gc_Str_Language_HOL,
                                                              gc_Str_Language_POR,gc_Str_Language_DAN,gc_Str_Language_POL,gc_Str_Language_RUA,
                                                              gc_Str_Language_TUR};
              
              // 退出(Exit)
              code U8 gc_Str_Exit_CHS[]={ 4,0x00,0x90,0xFA,0x51};
              code U8 gc_Str_Exit_CHT[]={ 4,0x00,0x90,0xFA,0x51};
              code U8 gc_Str_Exit_ENG[]={ 8,0x45,0x00,0x78,0x00,0x69,0x00,0x74,0x00};
              code U8 gc_Str_Exit_JAP[]={ 4,0x42,0x7D,0x86,0x4E};
              code U8 gc_Str_Exit_KOR[]={ 4,0x9C,0xCD,0x6C,0xAD};
              code U8 gc_Str_Exit_GER[]={16,0x41,0x00,0x75,0x00,0x73,0x00,0x66,0x00,0x61,0x00,0x68,0x00,0x72,0x00,0x74,0
             -x00};
              code U8 gc_Str_Exit_FRA[]={12,0x73,0x00,0x6F,0x00,0x72,0x00,0x74,0x00,0x69,0x00,0x65,0x00};
              code U8 gc_Str_Exit_ITA[]={12,0x75,0x00,0x73,0x00,0x63,0x00,0x69,0x00,0x74,0x00,0x61,0x00};
C51 COMPILER V9.00   MENUSTRING4                                                           07/09/2012 21:16:52 PAGE 7   

              code U8 gc_Str_Exit_SPA[]={10,0x53,0x00,0x61,0x00,0x6C,0x00,0x69,0x00,0x72,0x00};
              code U8 gc_Str_Exit_SWE[]={14,0x41,0x00,0x76,0x00,0x73,0x00,0x6C,0x00,0x75,0x00,0x74,0x00,0x61,0x00};
              code U8 gc_Str_Exit_CZH[]={12,0x56,0x00,0xFD,0x00,0x6A,0x00,0x65,0x00,0x7A,0x00,0x64,0x00};
              code U8 gc_Str_Exit_HOL[]={12,0x41,0x00,0x66,0x00,0x73,0x00,0x6C,0x00,0x61,0x00,0x67,0x00};
              code U8 gc_Str_Exit_POR[]={ 8,0x53,0x00,0x61,0x00,0x69,0x00,0x72,0x00};
              code U8 gc_Str_Exit_DAN[]={12,0x55,0x00,0x64,0x00,0x67,0x00,0x61,0x00,0x6E,0x00,0x67,0x00};
              code U8 gc_Str_Exit_POL[]={14,0x57,0x00,0x79,0x00,0x6A,0x00,0x5B,0x01,0x63,0x00,0x69,0x00,0x65,0x00};
              code U8 gc_Str_Exit_RUA[]={ 8,0x12,0x04,0x4B,0x04,0x45,0x04,0x3E,0x04};
              code U8 gc_Str_Exit_TUR[]={10,0xC7,0x00,0x31,0x01,0x6B,0x00,0x31,0x01,0x5F,0x01};
              code U8 *gc_Str_Exit[]={gc_Str_Exit_CHS,gc_Str_Exit_CHT,gc_Str_Exit_ENG,gc_Str_Exit_JAP,
                                                      gc_Str_Exit_KOR,gc_Str_Exit_GER,gc_Str_Exit_FRA,gc_Str_Exit_ITA,
                                                      gc_Str_Exit_SPA,gc_Str_Exit_SWE,gc_Str_Exit_CZH,gc_Str_Exit_HOL,
                                                      gc_Str_Exit_POR,gc_Str_Exit_DAN,gc_Str_Exit_POL,gc_Str_Exit_RUA,
                                                      gc_Str_Exit_TUR};
              
              // 鬧鐘(Alarm Clock)
              code U8 gc_Str_AlarmClock_CHS[]={ 4,0xF9,0x95,0x9F,0x94};
              code U8 gc_Str_AlarmClock_CHT[]={ 4,0x27,0x9B,0x18,0x94};
              code U8 gc_Str_AlarmClock_ENG[]={22,0x41,0x00,0x6C,0x00,0x61,0x00,0x72,0x00,0x6D,0x00,0x20,0x00,0x43,0x00,
             -0x6C,0x00,0x6F,0x00,0x63,0x00,0x6B,0x00};
              code U8 gc_Str_AlarmClock_JAP[]={12,0xEE,0x76,0x9A,0x89,0x7E,0x30,0x57,0x30,0x42,0x66,0x08,0x8A};
              code U8 gc_Str_AlarmClock_KOR[]={10,0x4C,0xC5,0x8C,0xB7,0x20,0x00,0xDC,0xC2,0xC4,0xA7};
              code U8 gc_Str_AlarmClock_GER[]={14,0x57,0x00,0x65,0x00,0x63,0x00,0x6B,0x00,0x72,0x00,0x75,0x00,0x66,0x00}
             -;
              code U8 gc_Str_AlarmClock_FRA[]={12,0x52,0x00,0xE9,0x00,0x76,0x00,0x65,0x00,0x69,0x00,0x6C,0x00};
              code U8 gc_Str_AlarmClock_ITA[]={14,0x53,0x00,0x76,0x00,0x65,0x00,0x67,0x00,0x6C,0x00,0x69,0x00,0x61,0x00}
             -;
              code U8 gc_Str_AlarmClock_SPA[]={22,0x44,0x00,0x65,0x00,0x73,0x00,0x70,0x00,0x65,0x00,0x72,0x00,0x74,0x00,
             -0x61,0x00,0x64,0x00,0x6F,0x00,0x72,0x00};
              code U8 gc_Str_AlarmClock_SWE[]={24,0x56,0x00,0xE4,0x00,0x63,0x00,0x6B,0x00,0x61,0x00,0x72,0x00,0x6B,0x00,
             -0x6C,0x00,0x6F,0x00,0x63,0x00,0x6B,0x00,0x61,0x00};
              code U8 gc_Str_AlarmClock_CZH[]={10,0x42,0x00,0x75,0x00,0x64,0x00,0xED,0x00,0x6B,0x00};
              code U8 gc_Str_AlarmClock_HOL[]={18,0x41,0x00,0x6C,0x00,0x61,0x00,0x72,0x00,0x6D,0x00,0x6B,0x00,0x6C,0x00,
             -0x6F,0x00,0x6B,0x00};
              code U8 gc_Str_AlarmClock_POR[]={14,0x52,0x00,0x65,0x00,0x6C,0x00,0xF3,0x00,0x67,0x00,0x69,0x00,0x6F,0x00}
             -;
              code U8 gc_Str_AlarmClock_DAN[]={22,0x41,0x00,0x6C,0x00,0x61,0x00,0x72,0x00,0x6D,0x00,0x20,0x00,0x43,0x00,
             -0x6C,0x00,0x6F,0x00,0x63,0x00,0x6B,0x00};
              code U8 gc_Str_AlarmClock_POL[]={12,0x42,0x00,0x75,0x00,0x64,0x00,0x7A,0x00,0x69,0x00,0x6B,0x00};
              code U8 gc_Str_AlarmClock_RUA[]={18,0x11,0x04,0x43,0x04,0x34,0x04,0x38,0x04,0x3B,0x04,0x4C,0x04,0x3D,0x04,
             -0x38,0x04,0x3A,0x04};
              code U8 gc_Str_AlarmClock_TUR[]={20,0x41,0x00,0x6C,0x00,0x61,0x00,0x72,0x00,0x6D,0x00,0x20,0x00,0x53,0x00,
             -0x61,0x00,0x61,0x00,0x74,0x00};
              code U8 *gc_Str_AlarmClock[]={gc_Str_AlarmClock_CHS,gc_Str_AlarmClock_CHT,gc_Str_AlarmClock_ENG,gc_Str_Ala
             -rmClock_JAP,
                                                      gc_Str_AlarmClock_KOR,gc_Str_AlarmClock_GER,gc_Str_AlarmClock_FRA,gc_Str_AlarmClock_ITA,
                                                      gc_Str_AlarmClock_SPA,gc_Str_AlarmClock_SWE,gc_Str_AlarmClock_CZH,gc_Str_AlarmClock_HOL,
                                                      gc_Str_AlarmClock_POR,gc_Str_AlarmClock_DAN,gc_Str_AlarmClock_POL,gc_Str_AlarmClock_RUA,
                                                      gc_Str_AlarmClock_TUR};
              
              
              // 時間(Time)
              code U8 gc_Str_Time_CHS[]={ 4,0xF6,0x65,0xF4,0x95};
              code U8 gc_Str_Time_CHT[]={ 4,0x42,0x66,0x93,0x95};
              code U8 gc_Str_Time_ENG[]={ 8,0x54,0x00,0x69,0x00,0x6D,0x00,0x65,0x00};
              code U8 gc_Str_Time_JAP[]={ 4,0x42,0x66,0x93,0x95};
              code U8 gc_Str_Time_KOR[]={ 4,0xDC,0xC2,0x04,0xAC};
              code U8 gc_Str_Time_GER[]={ 8,0x5A,0x00,0x65,0x00,0x69,0x00,0x74,0x00};
              code U8 gc_Str_Time_FRA[]={10,0x54,0x00,0x65,0x00,0x6D,0x00,0x70,0x00,0x73,0x00};
              code U8 gc_Str_Time_ITA[]={10,0x54,0x00,0x65,0x00,0x6D,0x00,0x70,0x00,0x6F,0x00};
              code U8 gc_Str_Time_SPA[]={12,0x54,0x00,0x69,0x00,0x65,0x00,0x6D,0x00,0x70,0x00,0x6F,0x00};
              code U8 gc_Str_Time_SWE[]={ 6,0x54,0x00,0x69,0x00,0x64,0x00};
C51 COMPILER V9.00   MENUSTRING4                                                           07/09/2012 21:16:52 PAGE 8   

              code U8 gc_Str_Time_CZH[]={ 6,0x0D,0x01,0x61,0x00,0x73,0x00};
              code U8 gc_Str_Time_HOL[]={ 8,0x54,0x00,0x69,0x00,0x6A,0x00,0x64,0x00};
              code U8 gc_Str_Time_POR[]={10,0x54,0x00,0x65,0x00,0x6D,0x00,0x70,0x00,0x6F,0x00};
              code U8 gc_Str_Time_DAN[]={ 6,0x54,0x00,0x69,0x00,0x64,0x00};
              code U8 gc_Str_Time_POL[]={ 8,0x63,0x00,0x7A,0x00,0x61,0x00,0x73,0x00};
              code U8 gc_Str_Time_RUA[]={10,0x32,0x04,0x40,0x04,0x35,0x04,0x3C,0x04,0x4F,0x04};
              code U8 gc_Str_Time_TUR[]={10,0x5A,0x00,0x61,0x00,0x6D,0x00,0x61,0x00,0x6E,0x00};
              code U8 *gc_Str_Time[]={gc_Str_Time_CHS,gc_Str_Time_CHT,gc_Str_Time_ENG,gc_Str_Time_JAP,
                                                      gc_Str_Time_KOR,gc_Str_Time_GER,gc_Str_Time_FRA,gc_Str_Time_ITA,
                                                      gc_Str_Time_SPA,gc_Str_Time_SWE,gc_Str_Time_CZH,gc_Str_Time_HOL,
                                                      gc_Str_Time_POR,gc_Str_Time_DAN,gc_Str_Time_POL,gc_Str_Time_RUA,
                                                      gc_Str_Time_TUR};
              
              // 重覆(Repeat)
              code U8 gc_Str_AlarmRepeat_CHS[]={ 4,0xCD,0x91,0x0D,0x59};
              code U8 gc_Str_AlarmRepeat_CHT[]={ 4,0xCD,0x91,0x86,0x89};
              code U8 gc_Str_AlarmRepeat_ENG[]={12,0x52,0x00,0x65,0x00,0x70,0x00,0x65,0x00,0x61,0x00,0x74,0x00};
              code U8 gc_Str_AlarmRepeat_JAP[]={ 8,0x70,0x7E,0x8A,0x30,0xD4,0x8F,0x57,0x30};
              code U8 gc_Str_AlarmRepeat_KOR[]={ 4,0x18,0xBC,0xF5,0xBC};
              code U8 gc_Str_AlarmRepeat_GER[]={22,0x57,0x00,0x69,0x00,0x65,0x00,0x64,0x00,0x65,0x00,0x72,0x00,0x68,0x00
             -,0x6F,0x00,0x6C,0x00,0x65,0x00,0x6E,0x00};
              code U8 gc_Str_AlarmRepeat_FRA[]={14,0x52,0x00,0xE9,0x00,0x70,0x00,0xE9,0x00,0x74,0x00,0x65,0x00,0x7A,0x00
             -};
              code U8 gc_Str_AlarmRepeat_ITA[]={16,0x52,0x00,0x69,0x00,0x70,0x00,0x65,0x00,0x74,0x00,0x65,0x00,0x72,0x00
             -,0x65,0x00};
              code U8 gc_Str_AlarmRepeat_SPA[]={12,0x52,0x00,0x65,0x00,0x70,0x00,0x69,0x00,0x74,0x00,0x61,0x00};
              code U8 gc_Str_AlarmRepeat_SWE[]={14,0x55,0x00,0x70,0x00,0x70,0x00,0x72,0x00,0x65,0x00,0x70,0x00,0x61,0x00
             -};
              code U8 gc_Str_AlarmRepeat_CZH[]={16,0x4F,0x00,0x70,0x00,0x61,0x00,0x6B,0x00,0x6F,0x00,0x76,0x00,0x61,0x00
             -,0x74,0x00};
              code U8 gc_Str_AlarmRepeat_HOL[]={14,0x48,0x00,0x65,0x00,0x72,0x00,0x68,0x00,0x61,0x00,0x61,0x00,0x6C,0x00
             -};
              code U8 gc_Str_AlarmRepeat_POR[]={10,0x54,0x00,0x65,0x00,0x6D,0x00,0x70,0x00,0x6F,0x00};
              code U8 gc_Str_AlarmRepeat_DAN[]={12,0x47,0x00,0x65,0x00,0x6E,0x00,0x74,0x00,0x61,0x00,0x67,0x00};
              code U8 gc_Str_AlarmRepeat_POL[]={14,0x50,0x00,0x6F,0x00,0x6E,0x00,0x6F,0x00,0x77,0x00,0x6E,0x00,0x65,0x00
             -};
              code U8 gc_Str_AlarmRepeat_RUA[]={18,0x1F,0x04,0x3E,0x04,0x32,0x04,0x42,0x04,0x3E,0x04,0x40,0x04,0x38,0x04
             -,0x42,0x04,0x35,0x04};
              code U8 gc_Str_AlarmRepeat_TUR[]={12,0x54,0x00,0x65,0x00,0x6B,0x00,0x72,0x00,0x61,0x00,0x72,0x00};
              code U8 *gc_Str_AlarmRepeat[]={gc_Str_AlarmRepeat_CHS,gc_Str_AlarmRepeat_CHT,gc_Str_AlarmRepeat_ENG,gc_Str
             -_AlarmRepeat_JAP,
                                                      gc_Str_AlarmRepeat_KOR,gc_Str_AlarmRepeat_GER,gc_Str_AlarmRepeat_FRA,gc_Str_AlarmRepeat_ITA,
                                                      gc_Str_AlarmRepeat_SPA,gc_Str_AlarmRepeat_SWE,gc_Str_AlarmRepeat_CZH,gc_Str_AlarmRepeat_HOL,
                                                      gc_Str_AlarmRepeat_POR,gc_Str_AlarmRepeat_DAN,gc_Str_AlarmRepeat_POL,gc_Str_AlarmRepeat_RUA,
                                                      gc_Str_AlarmRepeat_TUR};
              #endif


MODULE INFORMATION:   STATIC OVERLAYABLE
   CODE SIZE        =   ----    ----
   CONSTANT SIZE    =    356    ----
   XDATA SIZE       =   ----    ----
   PDATA SIZE       =   ----    ----
   DATA SIZE        =   ----    ----
   IDATA SIZE       =   ----    ----
   BIT SIZE         =   ----    ----
END OF MODULE INFORMATION.


C51 COMPILATION COMPLETE.  0 WARNING(S),  0 ERROR(S)
