C51 COMPILER V9.00   SPI_INIT                                                              07/09/2012 21:16:54 PAGE 1   


C51 COMPILER V9.00, COMPILATION OF MODULE SPI_INIT
OBJECT MODULE PLACED IN .\obj\SPI_Init.obj
COMPILER INVOKED BY: C:\Keil\C51\BIN\C51.EXE SPI\SPI_Init.c LARGE OPTIMIZE(9,SIZE) BROWSE NOAREGS INCDIR(..\libsource\he
                    -ader) DEFINE(K_ICTYPE=0x03) DEBUG OBJECTEXTEND PRINT(.\lst\SPI_Init.lst) OBJECT(.\obj\SPI_Init.obj)

line level    source

   1          #include <intrins.h>
   2          #include "..\header\SPDA2K.h"
   3          #include "..\header\variables.h"
   4          
   5          
   6          void SPI_Init(void)
   7          {
   8   1              XBYTE[0xB400]=4;                // Turn FMGPIO to SPI mode.
   9   1              XBYTE[0xBB10]=0x0F;
  10   1              XBYTE[0xBB14]=0x02;             // mode 0, manual contro CE.
  11   1              SPI_Wait_Busy();
  12   1              SPI_Read_ID();
  13   1              SPI_Device_Parameter();
  14   1      }
  15          
  16          
  17          void SPI_Read_ID(void)
  18          {
  19   1              SPI_ENABLE();                   /* enable device */
  20   1              SPI_Send_Byte(0x90);            /* send read ID command (90h or ABh) */
  21   1              SPI_Send_Byte(0x00);            /* send address */
  22   1              SPI_Send_Byte(0x00);            /* send address */
  23   1              SPI_Send_Byte(0x00);            /* send address - either 00H or 01H */
  24   1              SPI_Get_Byte();         /* receive byte */
  25   1              SPI_DISABLE();                  /* disable device */
  26   1      }
  27          
  28          
  29          void  SPI_Device_Parameter(void)
  30          {
  31   1          SPI_ENABLE();
  32   1              SPI_Send_Byte(0x9F);
  33   1              gc_SPI_ID=SPI_Get_Byte();
  34   1              SPI_DISABLE();
  35   1      
  36   1              // Enable write status register
  37   1          SPI_ENABLE();
  38   1              SPI_Send_Byte(0x50);
  39   1              SPI_DISABLE();
  40   1              // Write status register(0x00)-Disable Block write protection
  41   1          SPI_ENABLE();
  42   1              SPI_Send_Byte(0x01);
  43   1              SPI_Send_Byte(0x00);
  44   1              SPI_DISABLE();
  45   1      }
  46          
  47          


MODULE INFORMATION:   STATIC OVERLAYABLE
   CODE SIZE        =    122    ----
   CONSTANT SIZE    =   ----    ----
   XDATA SIZE       =   ----    ----
   PDATA SIZE       =   ----    ----
C51 COMPILER V9.00   SPI_INIT                                                              07/09/2012 21:16:54 PAGE 2   

   DATA SIZE        =   ----    ----
   IDATA SIZE       =   ----    ----
   BIT SIZE         =   ----    ----
END OF MODULE INFORMATION.


C51 COMPILATION COMPLETE.  0 WARNING(S),  0 ERROR(S)
